[0.861s] Invoking command in '/home/elizabeth_s/ros2_ws/build/transforms': CMAKE_PREFIX_PATH=${CMAKE_PREFIX_PATH}:/home/elizabeth_s/ros2_ws/install/robot_math:/home/elizabeth_s/ros2_ws/install/ai_assitance:/home/elizabeth_s/ros2_ws/install/open3d-detector:/home/elizabeth_s/ros2_ws/install/rrt_navigation:/opt/ros/humble /usr/bin/cmake --build /home/elizabeth_s/ros2_ws/build/transforms -- -j8 -l8
[0.936s] [ 20%] Built target rotation_frame
[0.943s] [ 40%] Built target transform_order
[0.945s] [ 60%] Built target translation_frame
[0.957s] [100%] Built target frame_chains
[0.957s] [100%] Built target static_dynamic_frame
[0.985s] Invoked command in '/home/elizabeth_s/ros2_ws/build/transforms' returned '0': CMAKE_PREFIX_PATH=${CMAKE_PREFIX_PATH}:/home/elizabeth_s/ros2_ws/install/robot_math:/home/elizabeth_s/ros2_ws/install/ai_assitance:/home/elizabeth_s/ros2_ws/install/open3d-detector:/home/elizabeth_s/ros2_ws/install/rrt_navigation:/opt/ros/humble /usr/bin/cmake --build /home/elizabeth_s/ros2_ws/build/transforms -- -j8 -l8
[0.987s] Invoking command in '/home/elizabeth_s/ros2_ws/build/transforms': CMAKE_PREFIX_PATH=${CMAKE_PREFIX_PATH}:/home/elizabeth_s/ros2_ws/install/robot_math:/home/elizabeth_s/ros2_ws/install/ai_assitance:/home/elizabeth_s/ros2_ws/install/open3d-detector:/home/elizabeth_s/ros2_ws/install/rrt_navigation:/opt/ros/humble /usr/bin/cmake --install /home/elizabeth_s/ros2_ws/build/transforms
[0.994s] -- Install configuration: ""
[0.994s] -- Up-to-date: /home/elizabeth_s/ros2_ws/install/transforms/lib/transforms/translation_frame
[0.994s] -- Up-to-date: /home/elizabeth_s/ros2_ws/install/transforms/lib/transforms/rotation_frame
[0.994s] -- Up-to-date: /home/elizabeth_s/ros2_ws/install/transforms/lib/transforms/transform_order
[0.994s] -- Up-to-date: /home/elizabeth_s/ros2_ws/install/transforms/lib/transforms/frame_chains
[0.994s] -- Up-to-date: /home/elizabeth_s/ros2_ws/install/transforms/lib/transforms/static_dynamic_frame
[0.994s] -- Up-to-date: /home/elizabeth_s/ros2_ws/install/transforms/share/transforms/launch
[0.995s] -- Up-to-date: /home/elizabeth_s/ros2_ws/install/transforms/share/transforms/launch/rviz.launch.py
[0.995s] -- Up-to-date: /home/elizabeth_s/ros2_ws/install/transforms/share/transforms/launch/gazebo.launch.py
[0.995s] -- Up-to-date: /home/elizabeth_s/ros2_ws/install/transforms/share/transforms/urdf
[0.995s] -- Up-to-date: /home/elizabeth_s/ros2_ws/install/transforms/share/transforms/urdf/diff_drive.urdf
[0.995s] -- Up-to-date: /home/elizabeth_s/ros2_ws/install/transforms/share/transforms/config
[0.995s] -- Up-to-date: /home/elizabeth_s/ros2_ws/install/transforms/share/transforms/config/urdf_view.rviz
[0.995s] -- Up-to-date: /home/elizabeth_s/ros2_ws/install/transforms/share/ament_index/resource_index/package_run_dependencies/transforms
[0.995s] -- Up-to-date: /home/elizabeth_s/ros2_ws/install/transforms/share/ament_index/resource_index/parent_prefix_path/transforms
[0.996s] -- Up-to-date: /home/elizabeth_s/ros2_ws/install/transforms/share/transforms/environment/ament_prefix_path.sh
[0.996s] -- Up-to-date: /home/elizabeth_s/ros2_ws/install/transforms/share/transforms/environment/ament_prefix_path.dsv
[0.996s] -- Up-to-date: /home/elizabeth_s/ros2_ws/install/transforms/share/transforms/environment/path.sh
[0.996s] -- Up-to-date: /home/elizabeth_s/ros2_ws/install/transforms/share/transforms/environment/path.dsv
[0.996s] -- Up-to-date: /home/elizabeth_s/ros2_ws/install/transforms/share/transforms/local_setup.bash
[0.996s] -- Up-to-date: /home/elizabeth_s/ros2_ws/install/transforms/share/transforms/local_setup.sh
[0.996s] -- Up-to-date: /home/elizabeth_s/ros2_ws/install/transforms/share/transforms/local_setup.zsh
[0.996s] -- Up-to-date: /home/elizabeth_s/ros2_ws/install/transforms/share/transforms/local_setup.dsv
[0.996s] -- Installing: /home/elizabeth_s/ros2_ws/install/transforms/share/transforms/package.dsv
[0.996s] -- Up-to-date: /home/elizabeth_s/ros2_ws/install/transforms/share/ament_index/resource_index/packages/transforms
[0.997s] -- Up-to-date: /home/elizabeth_s/ros2_ws/install/transforms/share/transforms/cmake/transformsConfig.cmake
[0.997s] -- Up-to-date: /home/elizabeth_s/ros2_ws/install/transforms/share/transforms/cmake/transformsConfig-version.cmake
[0.997s] -- Up-to-date: /home/elizabeth_s/ros2_ws/install/transforms/share/transforms/package.xml
[0.999s] Invoked command in '/home/elizabeth_s/ros2_ws/build/transforms' returned '0': CMAKE_PREFIX_PATH=${CMAKE_PREFIX_PATH}:/home/elizabeth_s/ros2_ws/install/robot_math:/home/elizabeth_s/ros2_ws/install/ai_assitance:/home/elizabeth_s/ros2_ws/install/open3d-detector:/home/elizabeth_s/ros2_ws/install/rrt_navigation:/opt/ros/humble /usr/bin/cmake --install /home/elizabeth_s/ros2_ws/build/transforms
