[0.621s] Invoking command in '/home/elizabeth_s/ros2_ws/build/nodes': CMAKE_PREFIX_PATH=${CMAKE_PREFIX_PATH}:/home/elizabeth_s/ros2_ws/install/robot_math:/home/elizabeth_s/ros2_ws/install/ai_assitance:/home/elizabeth_s/ros2_ws/install/open3d-detector:/home/elizabeth_s/ros2_ws/install/rrt_navigation:/opt/ros/humble /usr/bin/cmake --build /home/elizabeth_s/ros2_ws/build/nodes -- -j8 -l8
[2.223s] [ 33%] Built target laser_pub
[2.223s] [ 66%] Built target pub_node
[2.223s] [100%] Built target sub_node
[2.227s] Invoked command in '/home/elizabeth_s/ros2_ws/build/nodes' returned '0': CMAKE_PREFIX_PATH=${CMAKE_PREFIX_PATH}:/home/elizabeth_s/ros2_ws/install/robot_math:/home/elizabeth_s/ros2_ws/install/ai_assitance:/home/elizabeth_s/ros2_ws/install/open3d-detector:/home/elizabeth_s/ros2_ws/install/rrt_navigation:/opt/ros/humble /usr/bin/cmake --build /home/elizabeth_s/ros2_ws/build/nodes -- -j8 -l8
[2.249s] Invoking command in '/home/elizabeth_s/ros2_ws/build/nodes': CMAKE_PREFIX_PATH=${CMAKE_PREFIX_PATH}:/home/elizabeth_s/ros2_ws/install/robot_math:/home/elizabeth_s/ros2_ws/install/ai_assitance:/home/elizabeth_s/ros2_ws/install/open3d-detector:/home/elizabeth_s/ros2_ws/install/rrt_navigation:/opt/ros/humble /usr/bin/cmake --install /home/elizabeth_s/ros2_ws/build/nodes
[2.268s] -- Install configuration: ""
[2.268s] -- Up-to-date: /home/elizabeth_s/ros2_ws/install/nodes/lib/nodes/pub_node
[2.274s] -- Up-to-date: /home/elizabeth_s/ros2_ws/install/nodes/lib/nodes/sub_node
[2.274s] -- Up-to-date: /home/elizabeth_s/ros2_ws/install/nodes/lib/nodes/laser_pub
[2.274s] -- Up-to-date: /home/elizabeth_s/ros2_ws/install/nodes/share/ament_index/resource_index/package_run_dependencies/nodes
[2.275s] -- Up-to-date: /home/elizabeth_s/ros2_ws/install/nodes/share/ament_index/resource_index/parent_prefix_path/nodes
[2.275s] -- Up-to-date: /home/elizabeth_s/ros2_ws/install/nodes/share/nodes/environment/ament_prefix_path.sh
[2.275s] -- Up-to-date: /home/elizabeth_s/ros2_ws/install/nodes/share/nodes/environment/ament_prefix_path.dsv
[2.275s] -- Up-to-date: /home/elizabeth_s/ros2_ws/install/nodes/share/nodes/environment/path.sh
[2.275s] -- Up-to-date: /home/elizabeth_s/ros2_ws/install/nodes/share/nodes/environment/path.dsv
[2.276s] -- Up-to-date: /home/elizabeth_s/ros2_ws/install/nodes/share/nodes/local_setup.bash
[2.276s] -- Up-to-date: /home/elizabeth_s/ros2_ws/install/nodes/share/nodes/local_setup.sh
[2.276s] -- Up-to-date: /home/elizabeth_s/ros2_ws/install/nodes/share/nodes/local_setup.zsh
[2.276s] -- Up-to-date: /home/elizabeth_s/ros2_ws/install/nodes/share/nodes/local_setup.dsv
[2.276s] -- Installing: /home/elizabeth_s/ros2_ws/install/nodes/share/nodes/package.dsv
[2.276s] -- Up-to-date: /home/elizabeth_s/ros2_ws/install/nodes/share/ament_index/resource_index/packages/nodes
[2.277s] -- Up-to-date: /home/elizabeth_s/ros2_ws/install/nodes/share/nodes/cmake/nodesConfig.cmake
[2.277s] -- Up-to-date: /home/elizabeth_s/ros2_ws/install/nodes/share/nodes/cmake/nodesConfig-version.cmake
[2.277s] -- Up-to-date: /home/elizabeth_s/ros2_ws/install/nodes/share/nodes/package.xml
[2.327s] Invoked command in '/home/elizabeth_s/ros2_ws/build/nodes' returned '0': CMAKE_PREFIX_PATH=${CMAKE_PREFIX_PATH}:/home/elizabeth_s/ros2_ws/install/robot_math:/home/elizabeth_s/ros2_ws/install/ai_assitance:/home/elizabeth_s/ros2_ws/install/open3d-detector:/home/elizabeth_s/ros2_ws/install/rrt_navigation:/opt/ros/humble /usr/bin/cmake --install /home/elizabeth_s/ros2_ws/build/nodes
