[0.915s] Invoking command in '/home/elizabeth_s/ros2_ws/build/transforms': CMAKE_PREFIX_PATH=${CMAKE_PREFIX_PATH}:/home/elizabeth_s/ros2_ws/install/robot_math:/home/elizabeth_s/ros2_ws/install/ai_assitance:/home/elizabeth_s/ros2_ws/install/open3d-detector:/home/elizabeth_s/ros2_ws/install/rrt_navigation:/opt/ros/humble /usr/bin/cmake --build /home/elizabeth_s/ros2_ws/build/transforms -- -j8 -l8
[0.999s] [ 20%] Built target rotation_frame
[1.020s] [ 40%] Built target transform_order
[1.020s] [ 60%] Built target static_dynamic_frame
[1.022s] [ 80%] Built target frame_chains
[1.022s] [100%] Built target translation_frame
[1.062s] Invoked command in '/home/elizabeth_s/ros2_ws/build/transforms' returned '0': CMAKE_PREFIX_PATH=${CMAKE_PREFIX_PATH}:/home/elizabeth_s/ros2_ws/install/robot_math:/home/elizabeth_s/ros2_ws/install/ai_assitance:/home/elizabeth_s/ros2_ws/install/open3d-detector:/home/elizabeth_s/ros2_ws/install/rrt_navigation:/opt/ros/humble /usr/bin/cmake --build /home/elizabeth_s/ros2_ws/build/transforms -- -j8 -l8
[1.065s] Invoking command in '/home/elizabeth_s/ros2_ws/build/transforms': CMAKE_PREFIX_PATH=${CMAKE_PREFIX_PATH}:/home/elizabeth_s/ros2_ws/install/robot_math:/home/elizabeth_s/ros2_ws/install/ai_assitance:/home/elizabeth_s/ros2_ws/install/open3d-detector:/home/elizabeth_s/ros2_ws/install/rrt_navigation:/opt/ros/humble /usr/bin/cmake --install /home/elizabeth_s/ros2_ws/build/transforms
[1.076s] -- Install configuration: ""
[1.076s] -- Up-to-date: /home/elizabeth_s/ros2_ws/install/transforms/lib/transforms/translation_frame
[1.076s] -- Up-to-date: /home/elizabeth_s/ros2_ws/install/transforms/lib/transforms/rotation_frame
[1.077s] -- Up-to-date: /home/elizabeth_s/ros2_ws/install/transforms/lib/transforms/transform_order
[1.077s] -- Up-to-date: /home/elizabeth_s/ros2_ws/install/transforms/lib/transforms/frame_chains
[1.078s] -- Up-to-date: /home/elizabeth_s/ros2_ws/install/transforms/lib/transforms/static_dynamic_frame
[1.078s] -- Up-to-date: /home/elizabeth_s/ros2_ws/install/transforms/share/transforms/launch
[1.078s] -- Up-to-date: /home/elizabeth_s/ros2_ws/install/transforms/share/transforms/launch/rviz.launch.py
[1.078s] -- Up-to-date: /home/elizabeth_s/ros2_ws/install/transforms/share/transforms/launch/gazebo.launch.py
[1.079s] -- Up-to-date: /home/elizabeth_s/ros2_ws/install/transforms/share/transforms/urdf
[1.079s] -- Up-to-date: /home/elizabeth_s/ros2_ws/install/transforms/share/transforms/urdf/diff_drive.urdf
[1.079s] -- Up-to-date: /home/elizabeth_s/ros2_ws/install/transforms/share/transforms/config
[1.079s] -- Up-to-date: /home/elizabeth_s/ros2_ws/install/transforms/share/transforms/config/urdf_view.rviz
[1.079s] -- Up-to-date: /home/elizabeth_s/ros2_ws/install/transforms/share/ament_index/resource_index/package_run_dependencies/transforms
[1.079s] -- Up-to-date: /home/elizabeth_s/ros2_ws/install/transforms/share/ament_index/resource_index/parent_prefix_path/transforms
[1.079s] -- Up-to-date: /home/elizabeth_s/ros2_ws/install/transforms/share/transforms/environment/ament_prefix_path.sh
[1.080s] -- Up-to-date: /home/elizabeth_s/ros2_ws/install/transforms/share/transforms/environment/ament_prefix_path.dsv
[1.080s] -- Up-to-date: /home/elizabeth_s/ros2_ws/install/transforms/share/transforms/environment/path.sh
[1.080s] -- Up-to-date: /home/elizabeth_s/ros2_ws/install/transforms/share/transforms/environment/path.dsv
[1.080s] -- Up-to-date: /home/elizabeth_s/ros2_ws/install/transforms/share/transforms/local_setup.bash
[1.080s] -- Up-to-date: /home/elizabeth_s/ros2_ws/install/transforms/share/transforms/local_setup.sh
[1.080s] -- Up-to-date: /home/elizabeth_s/ros2_ws/install/transforms/share/transforms/local_setup.zsh
[1.080s] -- Up-to-date: /home/elizabeth_s/ros2_ws/install/transforms/share/transforms/local_setup.dsv
[1.081s] -- Installing: /home/elizabeth_s/ros2_ws/install/transforms/share/transforms/package.dsv
[1.081s] -- Up-to-date: /home/elizabeth_s/ros2_ws/install/transforms/share/ament_index/resource_index/packages/transforms
[1.081s] -- Up-to-date: /home/elizabeth_s/ros2_ws/install/transforms/share/transforms/cmake/transformsConfig.cmake
[1.081s] -- Up-to-date: /home/elizabeth_s/ros2_ws/install/transforms/share/transforms/cmake/transformsConfig-version.cmake
[1.081s] -- Up-to-date: /home/elizabeth_s/ros2_ws/install/transforms/share/transforms/package.xml
[1.083s] Invoked command in '/home/elizabeth_s/ros2_ws/build/transforms' returned '0': CMAKE_PREFIX_PATH=${CMAKE_PREFIX_PATH}:/home/elizabeth_s/ros2_ws/install/robot_math:/home/elizabeth_s/ros2_ws/install/ai_assitance:/home/elizabeth_s/ros2_ws/install/open3d-detector:/home/elizabeth_s/ros2_ws/install/rrt_navigation:/opt/ros/humble /usr/bin/cmake --install /home/elizabeth_s/ros2_ws/build/transforms
