[1.531s] Invoking command in '/home/elizabeth_s/ros2_ws/ros2_learners/robot_math': PYTHONPATH=/home/elizabeth_s/ros2_ws/build/robot_math/prefix_override:/usr/lib/python3/dist-packages/colcon_core/task/python/colcon_distutils_commands:/home/elizabeth_s/ros2_ws/install/robot_math/lib/python3.10/site-packages:${PYTHONPATH} /usr/bin/python3 -W ignore:setup.py install is deprecated -W ignore:easy_install command is deprecated setup.py egg_info --egg-base ../../build/robot_math build --build-base /home/elizabeth_s/ros2_ws/build/robot_math/build install --record /home/elizabeth_s/ros2_ws/build/robot_math/install.log --single-version-externally-managed install_data
[1.806s] running egg_info
[1.807s] writing ../../build/robot_math/robot_math.egg-info/PKG-INFO
[1.807s] writing dependency_links to ../../build/robot_math/robot_math.egg-info/dependency_links.txt
[1.807s] writing entry points to ../../build/robot_math/robot_math.egg-info/entry_points.txt
[1.807s] writing requirements to ../../build/robot_math/robot_math.egg-info/requires.txt
[1.807s] writing top-level names to ../../build/robot_math/robot_math.egg-info/top_level.txt
[1.810s] reading manifest file '../../build/robot_math/robot_math.egg-info/SOURCES.txt'
[1.811s] writing manifest file '../../build/robot_math/robot_math.egg-info/SOURCES.txt'
[1.811s] running build
[1.811s] running build_py
[1.811s] running install
[1.812s] running install_lib
[1.813s] running install_data
[1.814s] running install_egg_info
[1.816s] removing '/home/elizabeth_s/ros2_ws/install/robot_math/lib/python3.10/site-packages/robot_math-0.0.0-py3.10.egg-info' (and everything under it)
[1.817s] Copying ../../build/robot_math/robot_math.egg-info to /home/elizabeth_s/ros2_ws/install/robot_math/lib/python3.10/site-packages/robot_math-0.0.0-py3.10.egg-info
[1.818s] running install_scripts
[1.840s] Installing circle_motion_node script to /home/elizabeth_s/ros2_ws/install/robot_math/lib/robot_math
[1.840s] Installing go_To_Goal_node script to /home/elizabeth_s/ros2_ws/install/robot_math/lib/robot_math
[1.840s] writing list of installed files to '/home/elizabeth_s/ros2_ws/build/robot_math/install.log'
[1.876s] Invoked command in '/home/elizabeth_s/ros2_ws/ros2_learners/robot_math' returned '0': PYTHONPATH=/home/elizabeth_s/ros2_ws/build/robot_math/prefix_override:/usr/lib/python3/dist-packages/colcon_core/task/python/colcon_distutils_commands:/home/elizabeth_s/ros2_ws/install/robot_math/lib/python3.10/site-packages:${PYTHONPATH} /usr/bin/python3 -W ignore:setup.py install is deprecated -W ignore:easy_install command is deprecated setup.py egg_info --egg-base ../../build/robot_math build --build-base /home/elizabeth_s/ros2_ws/build/robot_math/build install --record /home/elizabeth_s/ros2_ws/build/robot_math/install.log --single-version-externally-managed install_data
