[3.953s] Invoking command in '/home/elizabeth_s/ros2_ws/ros2_learners/robot_math': PYTHONPATH=/home/elizabeth_s/ros2_ws/build/robot_math/prefix_override:/usr/lib/python3/dist-packages/colcon_core/task/python/colcon_distutils_commands:/home/elizabeth_s/ros2_ws/install/robot_math/lib/python3.10/site-packages:${PYTHONPATH} /usr/bin/python3 -W ignore:setup.py install is deprecated -W ignore:easy_install command is deprecated setup.py egg_info --egg-base ../../build/robot_math build --build-base /home/elizabeth_s/ros2_ws/build/robot_math/build install --record /home/elizabeth_s/ros2_ws/build/robot_math/install.log --single-version-externally-managed install_data
[4.980s] running egg_info
[4.990s] writing ../../build/robot_math/robot_math.egg-info/PKG-INFO
[4.990s] writing dependency_links to ../../build/robot_math/robot_math.egg-info/dependency_links.txt
[4.990s] writing entry points to ../../build/robot_math/robot_math.egg-info/entry_points.txt
[4.991s] writing requirements to ../../build/robot_math/robot_math.egg-info/requires.txt
[4.991s] writing top-level names to ../../build/robot_math/robot_math.egg-info/top_level.txt
[5.003s] reading manifest file '../../build/robot_math/robot_math.egg-info/SOURCES.txt'
[5.006s] writing manifest file '../../build/robot_math/robot_math.egg-info/SOURCES.txt'
[5.007s] running build
[5.007s] running build_py
[5.010s] running install
[5.012s] running install_lib
[5.018s] running install_data
[5.028s] running install_egg_info
[5.030s] removing '/home/elizabeth_s/ros2_ws/install/robot_math/lib/python3.10/site-packages/robot_math-0.0.0-py3.10.egg-info' (and everything under it)
[5.030s] Copying ../../build/robot_math/robot_math.egg-info to /home/elizabeth_s/ros2_ws/install/robot_math/lib/python3.10/site-packages/robot_math-0.0.0-py3.10.egg-info
[5.031s] running install_scripts
[5.102s] Installing circle_motion_node script to /home/elizabeth_s/ros2_ws/install/robot_math/lib/robot_math
[5.105s] Installing go_To_Goal_node script to /home/elizabeth_s/ros2_ws/install/robot_math/lib/robot_math
[5.105s] writing list of installed files to '/home/elizabeth_s/ros2_ws/build/robot_math/install.log'
[5.171s] Invoked command in '/home/elizabeth_s/ros2_ws/ros2_learners/robot_math' returned '0': PYTHONPATH=/home/elizabeth_s/ros2_ws/build/robot_math/prefix_override:/usr/lib/python3/dist-packages/colcon_core/task/python/colcon_distutils_commands:/home/elizabeth_s/ros2_ws/install/robot_math/lib/python3.10/site-packages:${PYTHONPATH} /usr/bin/python3 -W ignore:setup.py install is deprecated -W ignore:easy_install command is deprecated setup.py egg_info --egg-base ../../build/robot_math build --build-base /home/elizabeth_s/ros2_ws/build/robot_math/build install --record /home/elizabeth_s/ros2_ws/build/robot_math/install.log --single-version-externally-managed install_data
