[0.290s] Invoking command in '/home/elizabeth_s/ros2_ws/build/nodes': CMAKE_PREFIX_PATH=${CMAKE_PREFIX_PATH}:/home/elizabeth_s/ros2_ws/install/robot_math:/home/elizabeth_s/ros2_ws/install/ai_assitance:/home/elizabeth_s/ros2_ws/install/open3d-detector:/home/elizabeth_s/ros2_ws/install/rrt_navigation:/opt/ros/humble /usr/bin/cmake --build /home/elizabeth_s/ros2_ws/build/nodes -- -j8 -l8
[0.886s] [ 33%] Built target sub_node
[0.886s] [ 66%] Built target pub_node
[0.886s] [100%] Built target laser_pub
[0.891s] Invoked command in '/home/elizabeth_s/ros2_ws/build/nodes' returned '0': CMAKE_PREFIX_PATH=${CMAKE_PREFIX_PATH}:/home/elizabeth_s/ros2_ws/install/robot_math:/home/elizabeth_s/ros2_ws/install/ai_assitance:/home/elizabeth_s/ros2_ws/install/open3d-detector:/home/elizabeth_s/ros2_ws/install/rrt_navigation:/opt/ros/humble /usr/bin/cmake --build /home/elizabeth_s/ros2_ws/build/nodes -- -j8 -l8
[0.899s] Invoking command in '/home/elizabeth_s/ros2_ws/build/nodes': CMAKE_PREFIX_PATH=${CMAKE_PREFIX_PATH}:/home/elizabeth_s/ros2_ws/install/robot_math:/home/elizabeth_s/ros2_ws/install/ai_assitance:/home/elizabeth_s/ros2_ws/install/open3d-detector:/home/elizabeth_s/ros2_ws/install/rrt_navigation:/opt/ros/humble /usr/bin/cmake --install /home/elizabeth_s/ros2_ws/build/nodes
[0.906s] -- Install configuration: ""
[0.906s] -- Up-to-date: /home/elizabeth_s/ros2_ws/install/nodes/lib/nodes/pub_node
[0.906s] -- Up-to-date: /home/elizabeth_s/ros2_ws/install/nodes/lib/nodes/sub_node
[0.906s] -- Up-to-date: /home/elizabeth_s/ros2_ws/install/nodes/lib/nodes/laser_pub
[0.907s] -- Up-to-date: /home/elizabeth_s/ros2_ws/install/nodes/share/ament_index/resource_index/package_run_dependencies/nodes
[0.907s] -- Up-to-date: /home/elizabeth_s/ros2_ws/install/nodes/share/ament_index/resource_index/parent_prefix_path/nodes
[0.907s] -- Up-to-date: /home/elizabeth_s/ros2_ws/install/nodes/share/nodes/environment/ament_prefix_path.sh
[0.907s] -- Up-to-date: /home/elizabeth_s/ros2_ws/install/nodes/share/nodes/environment/ament_prefix_path.dsv
[0.907s] -- Up-to-date: /home/elizabeth_s/ros2_ws/install/nodes/share/nodes/environment/path.sh
[0.907s] -- Up-to-date: /home/elizabeth_s/ros2_ws/install/nodes/share/nodes/environment/path.dsv
[0.908s] -- Up-to-date: /home/elizabeth_s/ros2_ws/install/nodes/share/nodes/local_setup.bash
[0.908s] -- Up-to-date: /home/elizabeth_s/ros2_ws/install/nodes/share/nodes/local_setup.sh
[0.908s] -- Up-to-date: /home/elizabeth_s/ros2_ws/install/nodes/share/nodes/local_setup.zsh
[0.908s] -- Up-to-date: /home/elizabeth_s/ros2_ws/install/nodes/share/nodes/local_setup.dsv
[0.908s] -- Installing: /home/elizabeth_s/ros2_ws/install/nodes/share/nodes/package.dsv
[0.909s] -- Up-to-date: /home/elizabeth_s/ros2_ws/install/nodes/share/ament_index/resource_index/packages/nodes
[0.909s] -- Up-to-date: /home/elizabeth_s/ros2_ws/install/nodes/share/nodes/cmake/nodesConfig.cmake
[0.909s] -- Up-to-date: /home/elizabeth_s/ros2_ws/install/nodes/share/nodes/cmake/nodesConfig-version.cmake
[0.909s] -- Up-to-date: /home/elizabeth_s/ros2_ws/install/nodes/share/nodes/package.xml
[0.929s] Invoked command in '/home/elizabeth_s/ros2_ws/build/nodes' returned '0': CMAKE_PREFIX_PATH=${CMAKE_PREFIX_PATH}:/home/elizabeth_s/ros2_ws/install/robot_math:/home/elizabeth_s/ros2_ws/install/ai_assitance:/home/elizabeth_s/ros2_ws/install/open3d-detector:/home/elizabeth_s/ros2_ws/install/rrt_navigation:/opt/ros/humble /usr/bin/cmake --install /home/elizabeth_s/ros2_ws/build/nodes
