[0.910s] Invoking command in '/home/elizabeth_s/ros2_ws/build/transforms': CMAKE_PREFIX_PATH=${CMAKE_PREFIX_PATH}:/home/elizabeth_s/ros2_ws/install/robot_math:/home/elizabeth_s/ros2_ws/install/ai_assitance:/home/elizabeth_s/ros2_ws/install/open3d-detector:/home/elizabeth_s/ros2_ws/install/rrt_navigation:/opt/ros/humble /usr/bin/cmake --build /home/elizabeth_s/ros2_ws/build/transforms -- -j8 -l8
[1.000s] [ 20%] Built target frame_chains
[1.000s] [ 40%] Built target translation_frame
[1.000s] [ 60%] Built target rotation_frame
[1.000s] [ 80%] Built target transform_order
[1.007s] [100%] Built target static_dynamic_frame
[1.025s] Invoked command in '/home/elizabeth_s/ros2_ws/build/transforms' returned '0': CMAKE_PREFIX_PATH=${CMAKE_PREFIX_PATH}:/home/elizabeth_s/ros2_ws/install/robot_math:/home/elizabeth_s/ros2_ws/install/ai_assitance:/home/elizabeth_s/ros2_ws/install/open3d-detector:/home/elizabeth_s/ros2_ws/install/rrt_navigation:/opt/ros/humble /usr/bin/cmake --build /home/elizabeth_s/ros2_ws/build/transforms -- -j8 -l8
[1.027s] Invoking command in '/home/elizabeth_s/ros2_ws/build/transforms': CMAKE_PREFIX_PATH=${CMAKE_PREFIX_PATH}:/home/elizabeth_s/ros2_ws/install/robot_math:/home/elizabeth_s/ros2_ws/install/ai_assitance:/home/elizabeth_s/ros2_ws/install/open3d-detector:/home/elizabeth_s/ros2_ws/install/rrt_navigation:/opt/ros/humble /usr/bin/cmake --install /home/elizabeth_s/ros2_ws/build/transforms
[1.036s] -- Install configuration: ""
[1.037s] -- Up-to-date: /home/elizabeth_s/ros2_ws/install/transforms/lib/transforms/translation_frame
[1.038s] -- Up-to-date: /home/elizabeth_s/ros2_ws/install/transforms/lib/transforms/rotation_frame
[1.039s] -- Up-to-date: /home/elizabeth_s/ros2_ws/install/transforms/lib/transforms/transform_order
[1.039s] -- Up-to-date: /home/elizabeth_s/ros2_ws/install/transforms/lib/transforms/frame_chains
[1.040s] -- Up-to-date: /home/elizabeth_s/ros2_ws/install/transforms/lib/transforms/static_dynamic_frame
[1.040s] -- Up-to-date: /home/elizabeth_s/ros2_ws/install/transforms/share/transforms/launch
[1.040s] -- Up-to-date: /home/elizabeth_s/ros2_ws/install/transforms/share/transforms/launch/rviz.launch.py
[1.040s] -- Up-to-date: /home/elizabeth_s/ros2_ws/install/transforms/share/transforms/launch/gazebo.launch.py
[1.040s] -- Up-to-date: /home/elizabeth_s/ros2_ws/install/transforms/share/transforms/urdf
[1.040s] -- Up-to-date: /home/elizabeth_s/ros2_ws/install/transforms/share/transforms/urdf/diff_drive.urdf
[1.041s] -- Up-to-date: /home/elizabeth_s/ros2_ws/install/transforms/share/transforms/config
[1.041s] -- Up-to-date: /home/elizabeth_s/ros2_ws/install/transforms/share/transforms/config/urdf_view.rviz
[1.041s] -- Up-to-date: /home/elizabeth_s/ros2_ws/install/transforms/share/ament_index/resource_index/package_run_dependencies/transforms
[1.041s] -- Up-to-date: /home/elizabeth_s/ros2_ws/install/transforms/share/ament_index/resource_index/parent_prefix_path/transforms
[1.042s] -- Up-to-date: /home/elizabeth_s/ros2_ws/install/transforms/share/transforms/environment/ament_prefix_path.sh
[1.042s] -- Up-to-date: /home/elizabeth_s/ros2_ws/install/transforms/share/transforms/environment/ament_prefix_path.dsv
[1.042s] -- Up-to-date: /home/elizabeth_s/ros2_ws/install/transforms/share/transforms/environment/path.sh
[1.042s] -- Up-to-date: /home/elizabeth_s/ros2_ws/install/transforms/share/transforms/environment/path.dsv
[1.042s] -- Up-to-date: /home/elizabeth_s/ros2_ws/install/transforms/share/transforms/local_setup.bash
[1.042s] -- Up-to-date: /home/elizabeth_s/ros2_ws/install/transforms/share/transforms/local_setup.sh
[1.042s] -- Up-to-date: /home/elizabeth_s/ros2_ws/install/transforms/share/transforms/local_setup.zsh
[1.042s] -- Up-to-date: /home/elizabeth_s/ros2_ws/install/transforms/share/transforms/local_setup.dsv
[1.042s] -- Installing: /home/elizabeth_s/ros2_ws/install/transforms/share/transforms/package.dsv
[1.043s] -- Up-to-date: /home/elizabeth_s/ros2_ws/install/transforms/share/ament_index/resource_index/packages/transforms
[1.043s] -- Up-to-date: /home/elizabeth_s/ros2_ws/install/transforms/share/transforms/cmake/transformsConfig.cmake
[1.043s] -- Up-to-date: /home/elizabeth_s/ros2_ws/install/transforms/share/transforms/cmake/transformsConfig-version.cmake
[1.043s] -- Up-to-date: /home/elizabeth_s/ros2_ws/install/transforms/share/transforms/package.xml
[1.050s] Invoked command in '/home/elizabeth_s/ros2_ws/build/transforms' returned '0': CMAKE_PREFIX_PATH=${CMAKE_PREFIX_PATH}:/home/elizabeth_s/ros2_ws/install/robot_math:/home/elizabeth_s/ros2_ws/install/ai_assitance:/home/elizabeth_s/ros2_ws/install/open3d-detector:/home/elizabeth_s/ros2_ws/install/rrt_navigation:/opt/ros/humble /usr/bin/cmake --install /home/elizabeth_s/ros2_ws/build/transforms
