[0.360s] Invoking command in '/home/elizabeth_s/ros2_ws/build/nodes': CMAKE_PREFIX_PATH=/home/elizabeth_s/ros2_ws/install/open3d-detector:/home/elizabeth_s/ros2_ws/install/rrt_navigation:/opt/ros/humble /usr/bin/cmake /home/elizabeth_s/ros2_ws/ros2_learners/nodes -DCMAKE_INSTALL_PREFIX=/home/elizabeth_s/ros2_ws/install/nodes
[1.336s] -- The C compiler identification is GNU 11.4.0
[1.337s] -- The CXX compiler identification is GNU 11.4.0
[1.337s] -- Detecting C compiler ABI info
[1.337s] -- Detecting C compiler ABI info - done
[1.337s] -- Check for working C compiler: /usr/bin/cc - skipped
[1.337s] -- Detecting C compile features
[1.337s] -- Detecting C compile features - done
[1.337s] -- Detecting CXX compiler ABI info
[1.338s] -- Detecting CXX compiler ABI info - done
[1.338s] -- Check for working CXX compiler: /usr/bin/c++ - skipped
[1.338s] -- Detecting CXX compile features
[1.338s] -- Detecting CXX compile features - done
[1.338s] -- Found ament_cmake: 1.3.11 (/opt/ros/humble/share/ament_cmake/cmake)
[1.338s] -- Found Python3: /usr/bin/python3 (found version "3.10.12") found components: Interpreter 
[1.338s] -- Found rclcpp: 16.0.11 (/opt/ros/humble/share/rclcpp/cmake)
[1.400s] -- Found rosidl_generator_c: 3.1.6 (/opt/ros/humble/share/rosidl_generator_c/cmake)
[1.412s] -- Found rosidl_adapter: 3.1.6 (/opt/ros/humble/share/rosidl_adapter/cmake)
[1.439s] -- Found rosidl_generator_cpp: 3.1.6 (/opt/ros/humble/share/rosidl_generator_cpp/cmake)
[1.478s] -- Using all available rosidl_typesupport_c: rosidl_typesupport_fastrtps_c;rosidl_typesupport_introspection_c
[1.522s] -- Using all available rosidl_typesupport_cpp: rosidl_typesupport_fastrtps_cpp;rosidl_typesupport_introspection_cpp
[1.643s] -- Found rmw_implementation_cmake: 6.1.2 (/opt/ros/humble/share/rmw_implementation_cmake/cmake)
[1.650s] -- Found rmw_fastrtps_cpp: 6.2.7 (/opt/ros/humble/share/rmw_fastrtps_cpp/cmake)
[1.874s] -- Found OpenSSL: /usr/lib/x86_64-linux-gnu/libcrypto.so (found version "3.0.2")  
[1.934s] -- Found FastRTPS: /opt/ros/humble/include  
[2.019s] -- Using RMW implementation 'rmw_fastrtps_cpp' as default
[2.047s] -- Looking for pthread.h
[2.184s] -- Looking for pthread.h - found
[2.184s] -- Performing Test CMAKE_HAVE_LIBC_PTHREAD
[2.347s] -- Performing Test CMAKE_HAVE_LIBC_PTHREAD - Success
[2.349s] -- Found Threads: TRUE  
[2.497s] -- Found sensor_msgs: 4.2.4 (/opt/ros/humble/share/sensor_msgs/cmake)
[2.628s] -- Found ament_lint_auto: 0.12.11 (/opt/ros/humble/share/ament_lint_auto/cmake)
[2.873s] -- Added test 'cppcheck' to perform static code analysis on C / C++ code
[2.873s] -- Configured cppcheck include dirs: 
[2.874s] -- Configured cppcheck exclude dirs and/or files: 
[2.879s] -- Added test 'flake8' to check Python code syntax and style conventions
[2.881s] -- Added test 'lint_cmake' to check CMake code style
[2.883s] -- Added test 'pep257' to check Python code against some of the docstring style conventions in PEP 257
[2.886s] -- Added test 'uncrustify' to check C / C++ code style
[2.887s] -- Configured uncrustify additional arguments: 
[2.890s] -- Added test 'xmllint' to check XML markup files
[2.894s] -- Configuring done
[2.952s] -- Generating done
[2.969s] -- Build files have been written to: /home/elizabeth_s/ros2_ws/build/nodes
[2.994s] Invoked command in '/home/elizabeth_s/ros2_ws/build/nodes' returned '0': CMAKE_PREFIX_PATH=/home/elizabeth_s/ros2_ws/install/open3d-detector:/home/elizabeth_s/ros2_ws/install/rrt_navigation:/opt/ros/humble /usr/bin/cmake /home/elizabeth_s/ros2_ws/ros2_learners/nodes -DCMAKE_INSTALL_PREFIX=/home/elizabeth_s/ros2_ws/install/nodes
[2.995s] Invoking command in '/home/elizabeth_s/ros2_ws/build/nodes': CMAKE_PREFIX_PATH=/home/elizabeth_s/ros2_ws/install/open3d-detector:/home/elizabeth_s/ros2_ws/install/rrt_navigation:/opt/ros/humble /usr/bin/cmake --build /home/elizabeth_s/ros2_ws/build/nodes -- -j8 -l8
[3.479s] [ 16%] [32mBuilding CXX object CMakeFiles/pub_node.dir/src/publisher.cpp.o[0m
[3.479s] [ 33%] [32mBuilding CXX object CMakeFiles/sub_node.dir/src/subscriber.cpp.o[0m
[3.479s] [ 50%] [32mBuilding CXX object CMakeFiles/laser_pub.dir/src/laser_publisher.cpp.o[0m
[33.093s] [ 66%] [32m[1mLinking CXX executable laser_pub[0m
[34.028s] [ 66%] Built target laser_pub
[34.580s] [ 83%] [32m[1mLinking CXX executable pub_node[0m
[35.810s] [ 83%] Built target pub_node
[56.543s] [100%] [32m[1mLinking CXX executable sub_node[0m
[57.662s] [100%] Built target sub_node
[57.711s] Invoked command in '/home/elizabeth_s/ros2_ws/build/nodes' returned '0': CMAKE_PREFIX_PATH=/home/elizabeth_s/ros2_ws/install/open3d-detector:/home/elizabeth_s/ros2_ws/install/rrt_navigation:/opt/ros/humble /usr/bin/cmake --build /home/elizabeth_s/ros2_ws/build/nodes -- -j8 -l8
[57.716s] Invoking command in '/home/elizabeth_s/ros2_ws/build/nodes': CMAKE_PREFIX_PATH=/home/elizabeth_s/ros2_ws/install/open3d-detector:/home/elizabeth_s/ros2_ws/install/rrt_navigation:/opt/ros/humble /usr/bin/cmake --install /home/elizabeth_s/ros2_ws/build/nodes
[57.729s] -- Install configuration: ""
[57.729s] -- Installing: /home/elizabeth_s/ros2_ws/install/nodes/lib/nodes/pub_node
[57.732s] -- Set runtime path of "/home/elizabeth_s/ros2_ws/install/nodes/lib/nodes/pub_node" to ""
[57.732s] -- Installing: /home/elizabeth_s/ros2_ws/install/nodes/lib/nodes/sub_node
[57.738s] -- Set runtime path of "/home/elizabeth_s/ros2_ws/install/nodes/lib/nodes/sub_node" to ""
[57.739s] -- Installing: /home/elizabeth_s/ros2_ws/install/nodes/lib/nodes/laser_pub
[57.740s] -- Set runtime path of "/home/elizabeth_s/ros2_ws/install/nodes/lib/nodes/laser_pub" to ""
[57.741s] -- Installing: /home/elizabeth_s/ros2_ws/install/nodes/share/ament_index/resource_index/package_run_dependencies/nodes
[57.742s] -- Installing: /home/elizabeth_s/ros2_ws/install/nodes/share/ament_index/resource_index/parent_prefix_path/nodes
[57.742s] -- Installing: /home/elizabeth_s/ros2_ws/install/nodes/share/nodes/environment/ament_prefix_path.sh
[57.743s] -- Installing: /home/elizabeth_s/ros2_ws/install/nodes/share/nodes/environment/ament_prefix_path.dsv
[57.743s] -- Installing: /home/elizabeth_s/ros2_ws/install/nodes/share/nodes/environment/path.sh
[57.744s] -- Installing: /home/elizabeth_s/ros2_ws/install/nodes/share/nodes/environment/path.dsv
[57.744s] -- Installing: /home/elizabeth_s/ros2_ws/install/nodes/share/nodes/local_setup.bash
[57.745s] -- Installing: /home/elizabeth_s/ros2_ws/install/nodes/share/nodes/local_setup.sh
[57.745s] -- Installing: /home/elizabeth_s/ros2_ws/install/nodes/share/nodes/local_setup.zsh
[57.745s] -- Installing: /home/elizabeth_s/ros2_ws/install/nodes/share/nodes/local_setup.dsv
[57.746s] -- Installing: /home/elizabeth_s/ros2_ws/install/nodes/share/nodes/package.dsv
[57.747s] -- Installing: /home/elizabeth_s/ros2_ws/install/nodes/share/ament_index/resource_index/packages/nodes
[57.747s] -- Installing: /home/elizabeth_s/ros2_ws/install/nodes/share/nodes/cmake/nodesConfig.cmake
[57.747s] -- Installing: /home/elizabeth_s/ros2_ws/install/nodes/share/nodes/cmake/nodesConfig-version.cmake
[57.748s] -- Installing: /home/elizabeth_s/ros2_ws/install/nodes/share/nodes/package.xml
[57.753s] Invoked command in '/home/elizabeth_s/ros2_ws/build/nodes' returned '0': CMAKE_PREFIX_PATH=/home/elizabeth_s/ros2_ws/install/open3d-detector:/home/elizabeth_s/ros2_ws/install/rrt_navigation:/opt/ros/humble /usr/bin/cmake --install /home/elizabeth_s/ros2_ws/build/nodes
