[0.361s] Invoking command in '/home/elizabeth_s/ros2_ws/build/navigation_tb3': CMAKE_PREFIX_PATH=/home/elizabeth_s/ros2_ws/install/open3d-detector:/home/elizabeth_s/ros2_ws/install/rrt_navigation:/opt/ros/humble /usr/bin/cmake /home/elizabeth_s/ros2_ws/ros2_learners/navigation_tb3 -DCMAKE_INSTALL_PREFIX=/home/elizabeth_s/ros2_ws/install/navigation_tb3
[1.337s] -- The C compiler identification is GNU 11.4.0
[1.337s] -- The CXX compiler identification is GNU 11.4.0
[1.337s] -- Detecting C compiler ABI info
[1.337s] -- Detecting C compiler ABI info - done
[1.337s] -- Check for working C compiler: /usr/bin/cc - skipped
[1.337s] -- Detecting C compile features
[1.337s] -- Detecting C compile features - done
[1.337s] -- Detecting CXX compiler ABI info
[1.338s] -- Detecting CXX compiler ABI info - done
[1.338s] -- Check for working CXX compiler: /usr/bin/c++ - skipped
[1.338s] -- Detecting CXX compile features
[1.338s] -- Detecting CXX compile features - done
[1.339s] -- Found ament_cmake: 1.3.11 (/opt/ros/humble/share/ament_cmake/cmake)
[1.340s] -- Found Python3: /usr/bin/python3 (found version "3.10.12") found components: Interpreter 
[1.340s] -- Found rclcpp: 16.0.11 (/opt/ros/humble/share/rclcpp/cmake)
[1.402s] -- Found rosidl_generator_c: 3.1.6 (/opt/ros/humble/share/rosidl_generator_c/cmake)
[1.417s] -- Found rosidl_adapter: 3.1.6 (/opt/ros/humble/share/rosidl_adapter/cmake)
[1.445s] -- Found rosidl_generator_cpp: 3.1.6 (/opt/ros/humble/share/rosidl_generator_cpp/cmake)
[1.480s] -- Using all available rosidl_typesupport_c: rosidl_typesupport_fastrtps_c;rosidl_typesupport_introspection_c
[1.531s] -- Using all available rosidl_typesupport_cpp: rosidl_typesupport_fastrtps_cpp;rosidl_typesupport_introspection_cpp
[1.647s] -- Found rmw_implementation_cmake: 6.1.2 (/opt/ros/humble/share/rmw_implementation_cmake/cmake)
[1.654s] -- Found rmw_fastrtps_cpp: 6.2.7 (/opt/ros/humble/share/rmw_fastrtps_cpp/cmake)
[1.874s] -- Found OpenSSL: /usr/lib/x86_64-linux-gnu/libcrypto.so (found version "3.0.2")  
[1.938s] -- Found FastRTPS: /opt/ros/humble/include  
[2.027s] -- Using RMW implementation 'rmw_fastrtps_cpp' as default
[2.051s] -- Looking for pthread.h
[2.188s] -- Looking for pthread.h - found
[2.188s] -- Performing Test CMAKE_HAVE_LIBC_PTHREAD
[2.333s] -- Performing Test CMAKE_HAVE_LIBC_PTHREAD - Success
[2.333s] -- Found Threads: TRUE  
[2.502s] -- Found nav_msgs: 4.2.4 (/opt/ros/humble/share/nav_msgs/cmake)
[2.625s] -- Found rclpy: 3.3.15 (/opt/ros/humble/share/rclpy/cmake)
[3.002s] -- Configuring done
[3.038s] -- Generating done
[3.045s] -- Build files have been written to: /home/elizabeth_s/ros2_ws/build/navigation_tb3
[3.084s] Invoked command in '/home/elizabeth_s/ros2_ws/build/navigation_tb3' returned '0': CMAKE_PREFIX_PATH=/home/elizabeth_s/ros2_ws/install/open3d-detector:/home/elizabeth_s/ros2_ws/install/rrt_navigation:/opt/ros/humble /usr/bin/cmake /home/elizabeth_s/ros2_ws/ros2_learners/navigation_tb3 -DCMAKE_INSTALL_PREFIX=/home/elizabeth_s/ros2_ws/install/navigation_tb3
[3.085s] Invoking command in '/home/elizabeth_s/ros2_ws/build/navigation_tb3': CMAKE_PREFIX_PATH=/home/elizabeth_s/ros2_ws/install/open3d-detector:/home/elizabeth_s/ros2_ws/install/rrt_navigation:/opt/ros/humble /usr/bin/cmake --build /home/elizabeth_s/ros2_ws/build/navigation_tb3 -- -j8 -l8
[3.574s] [ 50%] [32mBuilding CXX object CMakeFiles/pub_occupancy_grid.dir/src/pub_occupancy_grid.cpp.o[0m
[3.574s] [ 50%] Built target ament_cmake_python_copy_navigation_tb3
[3.931s] running egg_info
[3.934s] creating navigation_tb3.egg-info
[3.934s] writing navigation_tb3.egg-info/PKG-INFO
[3.934s] writing dependency_links to navigation_tb3.egg-info/dependency_links.txt
[3.938s] writing top-level names to navigation_tb3.egg-info/top_level.txt
[3.938s] writing manifest file 'navigation_tb3.egg-info/SOURCES.txt'
[3.944s] reading manifest file 'navigation_tb3.egg-info/SOURCES.txt'
[3.945s] writing manifest file 'navigation_tb3.egg-info/SOURCES.txt'
[4.001s] [ 50%] Built target ament_cmake_python_build_navigation_tb3_egg
[32.748s] [100%] [32m[1mLinking CXX executable pub_occupancy_grid[0m
[33.556s] [100%] Built target pub_occupancy_grid
[33.678s] Invoked command in '/home/elizabeth_s/ros2_ws/build/navigation_tb3' returned '0': CMAKE_PREFIX_PATH=/home/elizabeth_s/ros2_ws/install/open3d-detector:/home/elizabeth_s/ros2_ws/install/rrt_navigation:/opt/ros/humble /usr/bin/cmake --build /home/elizabeth_s/ros2_ws/build/navigation_tb3 -- -j8 -l8
[33.807s] Invoking command in '/home/elizabeth_s/ros2_ws/build/navigation_tb3': CMAKE_PREFIX_PATH=/home/elizabeth_s/ros2_ws/install/open3d-detector:/home/elizabeth_s/ros2_ws/install/rrt_navigation:/opt/ros/humble /usr/bin/cmake --install /home/elizabeth_s/ros2_ws/build/navigation_tb3
[33.865s] -- Install configuration: ""
[33.865s] -- Installing: /home/elizabeth_s/ros2_ws/install/navigation_tb3/lib/navigation_tb3/pub_occupancy_grid
[33.865s] -- Set runtime path of "/home/elizabeth_s/ros2_ws/install/navigation_tb3/lib/navigation_tb3/pub_occupancy_grid" to ""
[33.865s] -- Installing: /home/elizabeth_s/ros2_ws/install/navigation_tb3/share/navigation_tb3/launch
[33.865s] -- Installing: /home/elizabeth_s/ros2_ws/install/navigation_tb3/share/navigation_tb3/launch/mapping.launch.py
[33.867s] -- Installing: /home/elizabeth_s/ros2_ws/install/navigation_tb3/share/navigation_tb3/launch/navigation.launch.py
[33.873s] -- Installing: /home/elizabeth_s/ros2_ws/install/navigation_tb3/share/navigation_tb3/config
[33.873s] -- Installing: /home/elizabeth_s/ros2_ws/install/navigation_tb3/share/navigation_tb3/config/turtlebot3_lds_2d.lua
[33.873s] -- Installing: /home/elizabeth_s/ros2_ws/install/navigation_tb3/share/navigation_tb3/config/tb3_map.pgm
[33.874s] -- Installing: /home/elizabeth_s/ros2_ws/install/navigation_tb3/share/navigation_tb3/config/mapping.rviz
[33.874s] -- Installing: /home/elizabeth_s/ros2_ws/install/navigation_tb3/share/navigation_tb3/config/navigation.rviz
[33.874s] -- Installing: /home/elizabeth_s/ros2_ws/install/navigation_tb3/share/navigation_tb3/config/tb3_nav2_params.yaml
[33.875s] -- Installing: /home/elizabeth_s/ros2_ws/install/navigation_tb3/share/navigation_tb3/config/tb3_map.yaml
[33.876s] -- Installing: /home/elizabeth_s/ros2_ws/install/navigation_tb3/share/navigation_tb3/environment/pythonpath.sh
[33.876s] -- Installing: /home/elizabeth_s/ros2_ws/install/navigation_tb3/share/navigation_tb3/environment/pythonpath.dsv
[33.884s] -- Installing: /home/elizabeth_s/ros2_ws/install/navigation_tb3/local/lib/python3.10/dist-packages/navigation_tb3-0.0.0-py3.10.egg-info
[33.884s] -- Installing: /home/elizabeth_s/ros2_ws/install/navigation_tb3/local/lib/python3.10/dist-packages/navigation_tb3-0.0.0-py3.10.egg-info/dependency_links.txt
[33.884s] -- Installing: /home/elizabeth_s/ros2_ws/install/navigation_tb3/local/lib/python3.10/dist-packages/navigation_tb3-0.0.0-py3.10.egg-info/top_level.txt
[33.885s] -- Installing: /home/elizabeth_s/ros2_ws/install/navigation_tb3/local/lib/python3.10/dist-packages/navigation_tb3-0.0.0-py3.10.egg-info/PKG-INFO
[33.885s] -- Installing: /home/elizabeth_s/ros2_ws/install/navigation_tb3/local/lib/python3.10/dist-packages/navigation_tb3-0.0.0-py3.10.egg-info/SOURCES.txt
[33.885s] -- Installing: /home/elizabeth_s/ros2_ws/install/navigation_tb3/local/lib/python3.10/dist-packages/navigation_tb3
[33.885s] -- Installing: /home/elizabeth_s/ros2_ws/install/navigation_tb3/local/lib/python3.10/dist-packages/navigation_tb3/__init__.py
[34.105s] Listing '/home/elizabeth_s/ros2_ws/install/navigation_tb3/local/lib/python3.10/dist-packages/navigation_tb3'...
[34.105s] Compiling '/home/elizabeth_s/ros2_ws/install/navigation_tb3/local/lib/python3.10/dist-packages/navigation_tb3/__init__.py'...
[34.133s] -- Installing: /home/elizabeth_s/ros2_ws/install/navigation_tb3/lib/navigation_tb3/single_goal_nav.py
[34.134s] -- Installing: /home/elizabeth_s/ros2_ws/install/navigation_tb3/lib/navigation_tb3/multi_waypoints.py
[34.136s] -- Installing: /home/elizabeth_s/ros2_ws/install/navigation_tb3/share/ament_index/resource_index/package_run_dependencies/navigation_tb3
[34.139s] -- Installing: /home/elizabeth_s/ros2_ws/install/navigation_tb3/share/ament_index/resource_index/parent_prefix_path/navigation_tb3
[34.140s] -- Installing: /home/elizabeth_s/ros2_ws/install/navigation_tb3/share/navigation_tb3/environment/ament_prefix_path.sh
[34.141s] -- Installing: /home/elizabeth_s/ros2_ws/install/navigation_tb3/share/navigation_tb3/environment/ament_prefix_path.dsv
[34.142s] -- Installing: /home/elizabeth_s/ros2_ws/install/navigation_tb3/share/navigation_tb3/environment/path.sh
[34.143s] -- Installing: /home/elizabeth_s/ros2_ws/install/navigation_tb3/share/navigation_tb3/environment/path.dsv
[34.146s] -- Installing: /home/elizabeth_s/ros2_ws/install/navigation_tb3/share/navigation_tb3/local_setup.bash
[34.152s] -- Installing: /home/elizabeth_s/ros2_ws/install/navigation_tb3/share/navigation_tb3/local_setup.sh
[34.154s] -- Installing: /home/elizabeth_s/ros2_ws/install/navigation_tb3/share/navigation_tb3/local_setup.zsh
[34.156s] -- Installing: /home/elizabeth_s/ros2_ws/install/navigation_tb3/share/navigation_tb3/local_setup.dsv
[34.157s] -- Installing: /home/elizabeth_s/ros2_ws/install/navigation_tb3/share/navigation_tb3/package.dsv
[34.163s] -- Installing: /home/elizabeth_s/ros2_ws/install/navigation_tb3/share/ament_index/resource_index/packages/navigation_tb3
[34.164s] -- Installing: /home/elizabeth_s/ros2_ws/install/navigation_tb3/share/navigation_tb3/cmake/navigation_tb3Config.cmake
[34.165s] -- Installing: /home/elizabeth_s/ros2_ws/install/navigation_tb3/share/navigation_tb3/cmake/navigation_tb3Config-version.cmake
[34.165s] -- Installing: /home/elizabeth_s/ros2_ws/install/navigation_tb3/share/navigation_tb3/package.xml
[34.176s] Invoked command in '/home/elizabeth_s/ros2_ws/build/navigation_tb3' returned '0': CMAKE_PREFIX_PATH=/home/elizabeth_s/ros2_ws/install/open3d-detector:/home/elizabeth_s/ros2_ws/install/rrt_navigation:/opt/ros/humble /usr/bin/cmake --install /home/elizabeth_s/ros2_ws/build/navigation_tb3
