running egg_info
writing ../../build/rrt_navigation/rrt_navigation.egg-info/PKG-INFO
writing dependency_links to ../../build/rrt_navigation/rrt_navigation.egg-info/dependency_links.txt
writing entry points to ../../build/rrt_navigation/rrt_navigation.egg-info/entry_points.txt
writing requirements to ../../build/rrt_navigation/rrt_navigation.egg-info/requires.txt
writing top-level names to ../../build/rrt_navigation/rrt_navigation.egg-info/top_level.txt
reading manifest file '../../build/rrt_navigation/rrt_navigation.egg-info/SOURCES.txt'
writing manifest file '../../build/rrt_navigation/rrt_navigation.egg-info/SOURCES.txt'
running build
running build_py
copying rrt_navigation/rrt_navigation.py -> /home/elizabeth_s/ros2_ws/build/rrt_navigation/build/lib/rrt_navigation
copying rrt_navigation/test_camera.py -> /home/elizabeth_s/ros2_ws/build/rrt_navigation/build/lib/rrt_navigation
running install
running install_lib
copying /home/elizabeth_s/ros2_ws/build/rrt_navigation/build/lib/rrt_navigation/rrt_navigation.py -> /home/elizabeth_s/ros2_ws/install/rrt_navigation/lib/python3.10/site-packages/rrt_navigation
copying /home/elizabeth_s/ros2_ws/build/rrt_navigation/build/lib/rrt_navigation/test_camera.py -> /home/elizabeth_s/ros2_ws/install/rrt_navigation/lib/python3.10/site-packages/rrt_navigation
byte-compiling /home/elizabeth_s/ros2_ws/install/rrt_navigation/lib/python3.10/site-packages/rrt_navigation/rrt_navigation.py to rrt_navigation.cpython-310.pyc
byte-compiling /home/elizabeth_s/ros2_ws/install/rrt_navigation/lib/python3.10/site-packages/rrt_navigation/test_camera.py to test_camera.cpython-310.pyc
running install_data
running install_egg_info
removing '/home/elizabeth_s/ros2_ws/install/rrt_navigation/lib/python3.10/site-packages/rrt_navigation-0.0.0-py3.10.egg-info' (and everything under it)
Copying ../../build/rrt_navigation/rrt_navigation.egg-info to /home/elizabeth_s/ros2_ws/install/rrt_navigation/lib/python3.10/site-packages/rrt_navigation-0.0.0-py3.10.egg-info
running install_scripts
Installing rrt_navigation script to /home/elizabeth_s/ros2_ws/install/rrt_navigation/lib/rrt_navigation
Installing test_camera script to /home/elizabeth_s/ros2_ws/install/rrt_navigation/lib/rrt_navigation
writing list of installed files to '/home/elizabeth_s/ros2_ws/build/rrt_navigation/install.log'
