[1.320s] Invoking command in '/home/elizabeth_s/ros2_ws/build/turtlebot3_gazebo': CMAKE_PREFIX_PATH=/home/elizabeth_s/ros2_ws/install/open3d-detector:/home/elizabeth_s/ros2_ws/install/rrt_navigation:/opt/ros/humble /usr/bin/cmake /home/elizabeth_s/ros2_ws/ros2_learners/turtlebot3_gazebo -DCMAKE_INSTALL_PREFIX=/home/elizabeth_s/ros2_ws/install/turtlebot3_gazebo
[1.414s] -- The C compiler identification is GNU 11.4.0
[1.534s] -- The CXX compiler identification is GNU 11.4.0
[1.549s] -- Detecting C compiler ABI info
[1.679s] -- Detecting C compiler ABI info - done
[1.698s] -- Check for working C compiler: /usr/bin/cc - skipped
[1.698s] -- Detecting C compile features
[1.698s] -- Detecting C compile features - done
[1.705s] -- Detecting CXX compiler ABI info
[1.861s] -- Detecting CXX compiler ABI info - done
[1.876s] -- Check for working CXX compiler: /usr/bin/c++ - skipped
[1.877s] -- Detecting CXX compile features
[1.878s] -- Detecting CXX compile features - done
[1.883s] -- Found ament_cmake: 1.3.11 (/opt/ros/humble/share/ament_cmake/cmake)
[2.256s] -- Found Python3: /usr/bin/python3 (found version "3.10.12") found components: Interpreter 
[2.471s] -- Found PkgConfig: /usr/bin/pkg-config (found version "0.29.2") 
[2.475s] [33mCMake Warning (dev) at /usr/share/cmake-3.22/Modules/FindPackageHandleStandardArgs.cmake:438 (message):
[2.476s]   The package name passed to `find_package_handle_standard_args` (PkgConfig)
[2.476s]   does not match the name of the calling package (gazebo).  This can lead to
[2.476s]   problems in calling code that expects `find_package` result variables
[2.476s]   (e.g., `_FOUND`) to follow a certain pattern.
[2.476s] Call Stack (most recent call first):
[2.477s]   /usr/share/cmake-3.22/Modules/FindPkgConfig.cmake:99 (find_package_handle_standard_args)
[2.477s]   /usr/lib/x86_64-linux-gnu/cmake/gazebo/gazebo-config.cmake:72 (include)
[2.477s]   CMakeLists.txt:23 (find_package)
[2.477s] This warning is for project developers.  Use -Wno-dev to suppress it.
[2.477s] [0m
[2.482s] -- Checking for module 'bullet>=2.82'
[2.510s] --   Found bullet, version 3.05
[2.753s] -- Found fcl: /usr/include (found suitable version "0.7.0", minimum required is "0.5.0") 
[2.891s] -- Found assimp: /usr/include (found version "5.2.0") 
[2.948s] -- Found DART: /usr/include (Required is at least version "6.6") found components: dart 
[3.455s] -- Found Boost: /usr/lib/x86_64-linux-gnu/cmake/Boost-1.74.0/BoostConfig.cmake (found suitable version "1.74.0", minimum required is "1.40.0") found components: thread system filesystem program_options regex iostreams date_time 
[3.514s] -- Found Protobuf: /usr/lib/x86_64-linux-gnu/libprotobuf.so (found version "3.12.4") 
[3.539s] -- Looking for ignition-math6 -- found version 6.15.1
[3.557s] -- Searching for dependencies of ignition-math6
[3.566s] -- Looking for OGRE...
[3.566s] -- OGRE_PREFIX_WATCH changed.
[3.575s] -- Checking for module 'OGRE'
[3.601s] --   Found OGRE, version 1.9.0
[3.663s] -- Found Ogre Ghadamon (1.9.0)
[3.683s] -- Found OGRE: optimized;/usr/lib/x86_64-linux-gnu/libOgreMain.so;debug;/usr/lib/x86_64-linux-gnu/libOgreMain.so
[3.705s] -- Looking for OGRE_Paging...
[3.720s] -- Found OGRE_Paging: optimized;/usr/lib/x86_64-linux-gnu/libOgrePaging.so;debug;/usr/lib/x86_64-linux-gnu/libOgrePaging.so
[3.721s] -- Looking for OGRE_Terrain...
[3.736s] -- Found OGRE_Terrain: optimized;/usr/lib/x86_64-linux-gnu/libOgreTerrain.so;debug;/usr/lib/x86_64-linux-gnu/libOgreTerrain.so
[3.736s] -- Looking for OGRE_Property...
[3.747s] -- Found OGRE_Property: optimized;/usr/lib/x86_64-linux-gnu/libOgreProperty.so;debug;/usr/lib/x86_64-linux-gnu/libOgreProperty.so
[3.748s] -- Looking for OGRE_RTShaderSystem...
[3.760s] -- Found OGRE_RTShaderSystem: optimized;/usr/lib/x86_64-linux-gnu/libOgreRTShaderSystem.so;debug;/usr/lib/x86_64-linux-gnu/libOgreRTShaderSystem.so
[3.760s] -- Looking for OGRE_Volume...
[3.773s] -- Found OGRE_Volume: optimized;/usr/lib/x86_64-linux-gnu/libOgreVolume.so;debug;/usr/lib/x86_64-linux-gnu/libOgreVolume.so
[3.773s] -- Looking for OGRE_Overlay...
[3.785s] -- Found OGRE_Overlay: optimized;/usr/lib/x86_64-linux-gnu/libOgreOverlay.so;debug;/usr/lib/x86_64-linux-gnu/libOgreOverlay.so
[4.089s] -- Looking for ignition-math6 -- found version 6.15.1
[4.095s] -- Looking for ignition-transport8 -- found version 8.2.1
[4.096s] -- Searching for dependencies of ignition-transport8
[4.133s] -- Found Protobuf: /usr/lib/x86_64-linux-gnu/libprotobuf.so (found suitable version "3.12.4", minimum required is "3") 
[4.155s] -- Config-file not installed for ZeroMQ -- checking for pkg-config
[4.164s] -- Checking for module 'libzmq >= 4'
[4.195s] --   Found libzmq , version 4.3.4
[4.272s] -- Found ZeroMQ: TRUE (Required is at least version "4") 
[4.286s] -- Checking for module 'uuid'
[4.322s] --   Found uuid, version 2.37.2
[4.419s] -- Found UUID: TRUE  
[4.435s] -- Looking for ignition-msgs5 -- found version 5.8.1
[4.440s] -- Searching for dependencies of ignition-msgs5
[4.479s] -- Looking for ignition-math6 -- found version 6.15.1
[4.492s] -- Checking for module 'tinyxml2'
[4.543s] --   Found tinyxml2, version 9.0.0
[4.661s] -- Looking for ignition-msgs5 -- found version 5.8.1
[4.680s] -- Looking for ignition-common3 -- found version 3.14.0
[4.680s] -- Searching for dependencies of ignition-common3
[4.683s] -- Looking for dlfcn.h - found
[4.688s] -- Looking for libdl - found
[4.695s] -- Found DL: TRUE  
[4.738s] -- Found tinyobjloader: /usr/lib/x86_64-linux-gnu/cmake/tinyobjloader/tinyobjloader-config.cmake (found version "2.0.0") 
[4.747s] -- Searching for <ignition-common3> component [graphics]
[4.753s] -- Looking for ignition-common3-graphics -- found version 3.14.0
[4.759s] -- Searching for dependencies of ignition-common3-graphics
[4.759s] -- Looking for ignition-math6 -- found version 6.15.1
[4.772s] -- Looking for ignition-fuel_tools4 -- found version 4.4.0
[4.776s] -- Searching for dependencies of ignition-fuel_tools4
[5.315s] -- Found CURL: /usr/lib/x86_64-linux-gnu/libcurl.so (found version "7.81.0")  
[5.468s] -- Checking for module 'jsoncpp'
[5.693s] --   Found jsoncpp, version 1.9.5
[6.214s] -- Found JSONCPP: TRUE  
[6.313s] -- Checking for module 'libzip'
[6.541s] --   Found libzip, version 1.7.3
[7.139s] -- Found ZIP: TRUE  
[7.143s] -- Looking for ignition-common3 -- found version 3.14.0
[7.150s] -- Looking for ignition-math6 -- found version 6.15.1
[7.152s] -- Looking for ignition-msgs5 -- found version 5.8.1
[7.210s] -- Found gazebo_ros_pkgs: 3.7.0 (/opt/ros/humble/share/gazebo_ros_pkgs/cmake)
[7.257s] -- Found geometry_msgs: 4.2.4 (/opt/ros/humble/share/geometry_msgs/cmake)
[7.953s] -- Found rosidl_generator_c: 3.1.6 (/opt/ros/humble/share/rosidl_generator_c/cmake)
[8.008s] -- Found rosidl_adapter: 3.1.6 (/opt/ros/humble/share/rosidl_adapter/cmake)
[8.098s] -- Found rosidl_generator_cpp: 3.1.6 (/opt/ros/humble/share/rosidl_generator_cpp/cmake)
[8.242s] -- Using all available rosidl_typesupport_c: rosidl_typesupport_fastrtps_c;rosidl_typesupport_introspection_c
[8.458s] -- Using all available rosidl_typesupport_cpp: rosidl_typesupport_fastrtps_cpp;rosidl_typesupport_introspection_cpp
[9.495s] -- Found nav_msgs: 4.2.4 (/opt/ros/humble/share/nav_msgs/cmake)
[9.793s] -- Found rclcpp: 16.0.11 (/opt/ros/humble/share/rclcpp/cmake)
[10.056s] -- Found rmw_implementation_cmake: 6.1.2 (/opt/ros/humble/share/rmw_implementation_cmake/cmake)
[10.064s] -- Found rmw_fastrtps_cpp: 6.2.7 (/opt/ros/humble/share/rmw_fastrtps_cpp/cmake)
[10.411s] -- Found OpenSSL: /usr/lib/x86_64-linux-gnu/libcrypto.so (found version "3.0.2")  
[10.562s] -- Found FastRTPS: /opt/ros/humble/include  
[10.833s] -- Using RMW implementation 'rmw_fastrtps_cpp' as default
[10.855s] -- Found Threads: TRUE  
[11.019s] -- Found sensor_msgs: 4.2.4 (/opt/ros/humble/share/sensor_msgs/cmake)
[11.070s] -- Found tf2: 0.25.11 (/opt/ros/humble/share/tf2/cmake)
[12.134s] -- Configuring done
[12.361s] -- Generating done
[12.412s] -- Build files have been written to: /home/elizabeth_s/ros2_ws/build/turtlebot3_gazebo
[12.454s] Invoked command in '/home/elizabeth_s/ros2_ws/build/turtlebot3_gazebo' returned '0': CMAKE_PREFIX_PATH=/home/elizabeth_s/ros2_ws/install/open3d-detector:/home/elizabeth_s/ros2_ws/install/rrt_navigation:/opt/ros/humble /usr/bin/cmake /home/elizabeth_s/ros2_ws/ros2_learners/turtlebot3_gazebo -DCMAKE_INSTALL_PREFIX=/home/elizabeth_s/ros2_ws/install/turtlebot3_gazebo
[12.463s] Invoking command in '/home/elizabeth_s/ros2_ws/build/turtlebot3_gazebo': CMAKE_PREFIX_PATH=/home/elizabeth_s/ros2_ws/install/open3d-detector:/home/elizabeth_s/ros2_ws/install/rrt_navigation:/opt/ros/humble /usr/bin/cmake --build /home/elizabeth_s/ros2_ws/build/turtlebot3_gazebo -- -j8 -l8
[12.779s] [ 12%] [32mBuilding CXX object CMakeFiles/obstacle1.dir/models/turtlebot3_dqn_world/obstacle_plugin/obstacle1.cc.o[0m
[12.806s] [ 25%] [32mBuilding CXX object CMakeFiles/turtlebot3_drive.dir/src/turtlebot3_drive.cpp.o[0m
[12.821s] [ 37%] [32mBuilding CXX object CMakeFiles/obstacles.dir/models/turtlebot3_dqn_world/obstacle_plugin/obstacles.cc.o[0m
[12.844s] [ 50%] [32mBuilding CXX object CMakeFiles/obstacle2.dir/models/turtlebot3_dqn_world/obstacle_plugin/obstacle2.cc.o[0m
[60.695s] [ 62%] [32m[1mLinking CXX executable turtlebot3_drive[0m
[61.611s] [ 62%] Built target turtlebot3_drive
[62.886s] [ 75%] [32m[1mLinking CXX shared library libobstacle1.so[0m
[63.308s] [ 75%] Built target obstacle1
[63.593s] [ 87%] [32m[1mLinking CXX shared library libobstacle2.so[0m
[63.764s] [100%] [32m[1mLinking CXX shared library libobstacles.so[0m
[63.910s] [100%] Built target obstacle2
[64.043s] [100%] Built target obstacles
[64.081s] Invoked command in '/home/elizabeth_s/ros2_ws/build/turtlebot3_gazebo' returned '0': CMAKE_PREFIX_PATH=/home/elizabeth_s/ros2_ws/install/open3d-detector:/home/elizabeth_s/ros2_ws/install/rrt_navigation:/opt/ros/humble /usr/bin/cmake --build /home/elizabeth_s/ros2_ws/build/turtlebot3_gazebo -- -j8 -l8
[64.084s] Invoking command in '/home/elizabeth_s/ros2_ws/build/turtlebot3_gazebo': CMAKE_PREFIX_PATH=/home/elizabeth_s/ros2_ws/install/open3d-detector:/home/elizabeth_s/ros2_ws/install/rrt_navigation:/opt/ros/humble /usr/bin/cmake --install /home/elizabeth_s/ros2_ws/build/turtlebot3_gazebo
[64.093s] -- Install configuration: ""
[64.094s] -- Installing: /home/elizabeth_s/ros2_ws/install/turtlebot3_gazebo/lib/turtlebot3_gazebo/turtlebot3_drive
[64.100s] -- Set runtime path of "/home/elizabeth_s/ros2_ws/install/turtlebot3_gazebo/lib/turtlebot3_gazebo/turtlebot3_drive" to ""
[64.100s] -- Installing: /home/elizabeth_s/ros2_ws/install/turtlebot3_gazebo/share/turtlebot3_gazebo//launch
[64.100s] -- Installing: /home/elizabeth_s/ros2_ws/install/turtlebot3_gazebo/share/turtlebot3_gazebo//launch/turtlebot3_dqn_stage3.launch.py
[64.100s] -- Installing: /home/elizabeth_s/ros2_ws/install/turtlebot3_gazebo/share/turtlebot3_gazebo//launch/turtlebot3_dqn_stage2.launch.py
[64.101s] -- Installing: /home/elizabeth_s/ros2_ws/install/turtlebot3_gazebo/share/turtlebot3_gazebo//launch/empty_world.launch.py
[64.101s] -- Installing: /home/elizabeth_s/ros2_ws/install/turtlebot3_gazebo/share/turtlebot3_gazebo//launch/turtlebot3_dqn_stage4.launch.py
[64.101s] -- Installing: /home/elizabeth_s/ros2_ws/install/turtlebot3_gazebo/share/turtlebot3_gazebo//launch/turtlebot3_world.launch.py
[64.101s] -- Installing: /home/elizabeth_s/ros2_ws/install/turtlebot3_gazebo/share/turtlebot3_gazebo//launch/turtlebot3_house.launch.py
[64.101s] -- Installing: /home/elizabeth_s/ros2_ws/install/turtlebot3_gazebo/share/turtlebot3_gazebo//launch/spawn_turtlebot3.launch.py
[64.101s] -- Installing: /home/elizabeth_s/ros2_ws/install/turtlebot3_gazebo/share/turtlebot3_gazebo//launch/robot_state_publisher.launch.py
[64.102s] -- Installing: /home/elizabeth_s/ros2_ws/install/turtlebot3_gazebo/share/turtlebot3_gazebo//launch/turtlebot3_dqn_stage1.launch.py
[64.102s] -- Installing: /home/elizabeth_s/ros2_ws/install/turtlebot3_gazebo/share/turtlebot3_gazebo//models
[64.102s] -- Installing: /home/elizabeth_s/ros2_ws/install/turtlebot3_gazebo/share/turtlebot3_gazebo//models/turtlebot3_common
[64.102s] -- Installing: /home/elizabeth_s/ros2_ws/install/turtlebot3_gazebo/share/turtlebot3_gazebo//models/turtlebot3_common/model.config
[64.103s] -- Installing: /home/elizabeth_s/ros2_ws/install/turtlebot3_gazebo/share/turtlebot3_gazebo//models/turtlebot3_common/meshes
[64.103s] -- Installing: /home/elizabeth_s/ros2_ws/install/turtlebot3_gazebo/share/turtlebot3_gazebo//models/turtlebot3_common/meshes/tire.dae
[64.103s] -- Installing: /home/elizabeth_s/ros2_ws/install/turtlebot3_gazebo/share/turtlebot3_gazebo//models/turtlebot3_common/meshes/r200.dae
[64.105s] -- Installing: /home/elizabeth_s/ros2_ws/install/turtlebot3_gazebo/share/turtlebot3_gazebo//models/turtlebot3_common/meshes/waffle_pi_base.dae
[64.105s] -- Installing: /home/elizabeth_s/ros2_ws/install/turtlebot3_gazebo/share/turtlebot3_gazebo//models/turtlebot3_common/meshes/waffle_base.dae
[64.105s] -- Installing: /home/elizabeth_s/ros2_ws/install/turtlebot3_gazebo/share/turtlebot3_gazebo//models/turtlebot3_common/meshes/burger_base.dae
[64.105s] -- Installing: /home/elizabeth_s/ros2_ws/install/turtlebot3_gazebo/share/turtlebot3_gazebo//models/turtlebot3_common/meshes/lds.dae
[64.106s] -- Installing: /home/elizabeth_s/ros2_ws/install/turtlebot3_gazebo/share/turtlebot3_gazebo//models/turtlebot3_house
[64.106s] -- Installing: /home/elizabeth_s/ros2_ws/install/turtlebot3_gazebo/share/turtlebot3_gazebo//models/turtlebot3_house/model.sdf
[64.107s] -- Installing: /home/elizabeth_s/ros2_ws/install/turtlebot3_gazebo/share/turtlebot3_gazebo//models/turtlebot3_house/model.config
[64.107s] -- Installing: /home/elizabeth_s/ros2_ws/install/turtlebot3_gazebo/share/turtlebot3_gazebo//models/turtlebot3_dqn_world
[64.107s] -- Installing: /home/elizabeth_s/ros2_ws/install/turtlebot3_gazebo/share/turtlebot3_gazebo//models/turtlebot3_dqn_world/obstacles
[64.107s] -- Installing: /home/elizabeth_s/ros2_ws/install/turtlebot3_gazebo/share/turtlebot3_gazebo//models/turtlebot3_dqn_world/obstacles/model.sdf
[64.108s] -- Installing: /home/elizabeth_s/ros2_ws/install/turtlebot3_gazebo/share/turtlebot3_gazebo//models/turtlebot3_dqn_world/obstacles/model.config
[64.108s] -- Installing: /home/elizabeth_s/ros2_ws/install/turtlebot3_gazebo/share/turtlebot3_gazebo//models/turtlebot3_dqn_world/inner_walls
[64.108s] -- Installing: /home/elizabeth_s/ros2_ws/install/turtlebot3_gazebo/share/turtlebot3_gazebo//models/turtlebot3_dqn_world/inner_walls/model.sdf
[64.108s] -- Installing: /home/elizabeth_s/ros2_ws/install/turtlebot3_gazebo/share/turtlebot3_gazebo//models/turtlebot3_dqn_world/inner_walls/model.config
[64.109s] -- Installing: /home/elizabeth_s/ros2_ws/install/turtlebot3_gazebo/share/turtlebot3_gazebo//models/turtlebot3_dqn_world/obstacle_plugin
[64.109s] -- Installing: /home/elizabeth_s/ros2_ws/install/turtlebot3_gazebo/share/turtlebot3_gazebo//models/turtlebot3_dqn_world/obstacle_plugin/obstacle2.cc
[64.109s] -- Installing: /home/elizabeth_s/ros2_ws/install/turtlebot3_gazebo/share/turtlebot3_gazebo//models/turtlebot3_dqn_world/obstacle_plugin/CMakeLists.txt
[64.109s] -- Installing: /home/elizabeth_s/ros2_ws/install/turtlebot3_gazebo/share/turtlebot3_gazebo//models/turtlebot3_dqn_world/obstacle_plugin/obstacle1.cc
[64.110s] -- Installing: /home/elizabeth_s/ros2_ws/install/turtlebot3_gazebo/share/turtlebot3_gazebo//models/turtlebot3_dqn_world/obstacle_plugin/obstacles.cc
[64.110s] -- Installing: /home/elizabeth_s/ros2_ws/install/turtlebot3_gazebo/share/turtlebot3_gazebo//models/turtlebot3_dqn_world/obstacle2
[64.110s] -- Installing: /home/elizabeth_s/ros2_ws/install/turtlebot3_gazebo/share/turtlebot3_gazebo//models/turtlebot3_dqn_world/obstacle2/model.sdf
[64.110s] -- Installing: /home/elizabeth_s/ros2_ws/install/turtlebot3_gazebo/share/turtlebot3_gazebo//models/turtlebot3_dqn_world/obstacle2/model.config
[64.110s] -- Installing: /home/elizabeth_s/ros2_ws/install/turtlebot3_gazebo/share/turtlebot3_gazebo//models/turtlebot3_dqn_world/model.sdf
[64.111s] -- Installing: /home/elizabeth_s/ros2_ws/install/turtlebot3_gazebo/share/turtlebot3_gazebo//models/turtlebot3_dqn_world/goal_box
[64.111s] -- Installing: /home/elizabeth_s/ros2_ws/install/turtlebot3_gazebo/share/turtlebot3_gazebo//models/turtlebot3_dqn_world/goal_box/model.sdf
[64.111s] -- Installing: /home/elizabeth_s/ros2_ws/install/turtlebot3_gazebo/share/turtlebot3_gazebo//models/turtlebot3_dqn_world/goal_box/model.config
[64.111s] -- Installing: /home/elizabeth_s/ros2_ws/install/turtlebot3_gazebo/share/turtlebot3_gazebo//models/turtlebot3_dqn_world/model.config
[64.112s] -- Installing: /home/elizabeth_s/ros2_ws/install/turtlebot3_gazebo/share/turtlebot3_gazebo//models/turtlebot3_dqn_world/obstacle1
[64.112s] -- Installing: /home/elizabeth_s/ros2_ws/install/turtlebot3_gazebo/share/turtlebot3_gazebo//models/turtlebot3_dqn_world/obstacle1/model.sdf
[64.112s] -- Installing: /home/elizabeth_s/ros2_ws/install/turtlebot3_gazebo/share/turtlebot3_gazebo//models/turtlebot3_dqn_world/obstacle1/model.config
[64.112s] -- Installing: /home/elizabeth_s/ros2_ws/install/turtlebot3_gazebo/share/turtlebot3_gazebo//models/turtlebot3_world
[64.112s] -- Installing: /home/elizabeth_s/ros2_ws/install/turtlebot3_gazebo/share/turtlebot3_gazebo//models/turtlebot3_world/model.sdf
[64.113s] -- Installing: /home/elizabeth_s/ros2_ws/install/turtlebot3_gazebo/share/turtlebot3_gazebo//models/turtlebot3_world/model.config
[64.113s] -- Installing: /home/elizabeth_s/ros2_ws/install/turtlebot3_gazebo/share/turtlebot3_gazebo//models/turtlebot3_world/model-1_4.sdf
[64.113s] -- Installing: /home/elizabeth_s/ros2_ws/install/turtlebot3_gazebo/share/turtlebot3_gazebo//models/turtlebot3_world/meshes
[64.113s] -- Installing: /home/elizabeth_s/ros2_ws/install/turtlebot3_gazebo/share/turtlebot3_gazebo//models/turtlebot3_world/meshes/wall.dae
[64.114s] -- Installing: /home/elizabeth_s/ros2_ws/install/turtlebot3_gazebo/share/turtlebot3_gazebo//models/turtlebot3_world/meshes/hexagon.dae
[64.114s] -- Installing: /home/elizabeth_s/ros2_ws/install/turtlebot3_gazebo/share/turtlebot3_gazebo//models/turtlebot3_waffle
[64.114s] -- Installing: /home/elizabeth_s/ros2_ws/install/turtlebot3_gazebo/share/turtlebot3_gazebo//models/turtlebot3_waffle/model.sdf
[64.114s] -- Installing: /home/elizabeth_s/ros2_ws/install/turtlebot3_gazebo/share/turtlebot3_gazebo//models/turtlebot3_waffle/model.config
[64.115s] -- Installing: /home/elizabeth_s/ros2_ws/install/turtlebot3_gazebo/share/turtlebot3_gazebo//models/turtlebot3_waffle/model-1_4.sdf
[64.115s] -- Installing: /home/elizabeth_s/ros2_ws/install/turtlebot3_gazebo/share/turtlebot3_gazebo//rviz
[64.115s] -- Installing: /home/elizabeth_s/ros2_ws/install/turtlebot3_gazebo/share/turtlebot3_gazebo//rviz/tb3_gazebo.rviz
[64.115s] -- Installing: /home/elizabeth_s/ros2_ws/install/turtlebot3_gazebo/share/turtlebot3_gazebo//urdf
[64.116s] -- Installing: /home/elizabeth_s/ros2_ws/install/turtlebot3_gazebo/share/turtlebot3_gazebo//urdf/turtlebot3_burger.urdf
[64.116s] -- Installing: /home/elizabeth_s/ros2_ws/install/turtlebot3_gazebo/share/turtlebot3_gazebo//urdf/turtlebot3_waffle.urdf
[64.116s] -- Installing: /home/elizabeth_s/ros2_ws/install/turtlebot3_gazebo/share/turtlebot3_gazebo//urdf/common_properties.urdf
[64.117s] -- Installing: /home/elizabeth_s/ros2_ws/install/turtlebot3_gazebo/share/turtlebot3_gazebo//urdf/turtlebot3_waffle_pi.urdf
[64.117s] -- Installing: /home/elizabeth_s/ros2_ws/install/turtlebot3_gazebo/share/turtlebot3_gazebo//worlds
[64.117s] -- Installing: /home/elizabeth_s/ros2_ws/install/turtlebot3_gazebo/share/turtlebot3_gazebo//worlds/turtlebot3_dqn_stage2.world
[64.117s] -- Installing: /home/elizabeth_s/ros2_ws/install/turtlebot3_gazebo/share/turtlebot3_gazebo//worlds/turtlebot3_world.world
[64.118s] -- Installing: /home/elizabeth_s/ros2_ws/install/turtlebot3_gazebo/share/turtlebot3_gazebo//worlds/empty_world.world
[64.118s] -- Installing: /home/elizabeth_s/ros2_ws/install/turtlebot3_gazebo/share/turtlebot3_gazebo//worlds/turtlebot3_dqn_stage1.world
[64.118s] -- Installing: /home/elizabeth_s/ros2_ws/install/turtlebot3_gazebo/share/turtlebot3_gazebo//worlds/turtlebot3_dqn_stage3.world
[64.118s] -- Installing: /home/elizabeth_s/ros2_ws/install/turtlebot3_gazebo/share/turtlebot3_gazebo//worlds/turtlebot3_house.world
[64.118s] -- Installing: /home/elizabeth_s/ros2_ws/install/turtlebot3_gazebo/share/turtlebot3_gazebo//worlds/turtlebot3_dqn_stage4.world
[64.119s] -- Installing: /home/elizabeth_s/ros2_ws/install/turtlebot3_gazebo/include/
[64.119s] -- Installing: /home/elizabeth_s/ros2_ws/install/turtlebot3_gazebo/include//turtlebot3_gazebo
[64.119s] -- Installing: /home/elizabeth_s/ros2_ws/install/turtlebot3_gazebo/include//turtlebot3_gazebo/turtlebot3_drive.hpp
[64.120s] -- Installing: /home/elizabeth_s/ros2_ws/install/turtlebot3_gazebo/share/ament_index/resource_index/package_run_dependencies/turtlebot3_gazebo
[64.120s] -- Installing: /home/elizabeth_s/ros2_ws/install/turtlebot3_gazebo/share/ament_index/resource_index/parent_prefix_path/turtlebot3_gazebo
[64.121s] -- Installing: /home/elizabeth_s/ros2_ws/install/turtlebot3_gazebo/share/turtlebot3_gazebo/environment/ament_prefix_path.sh
[64.121s] -- Installing: /home/elizabeth_s/ros2_ws/install/turtlebot3_gazebo/share/turtlebot3_gazebo/environment/ament_prefix_path.dsv
[64.122s] -- Installing: /home/elizabeth_s/ros2_ws/install/turtlebot3_gazebo/share/turtlebot3_gazebo/environment/path.sh
[64.122s] -- Installing: /home/elizabeth_s/ros2_ws/install/turtlebot3_gazebo/share/turtlebot3_gazebo/environment/path.dsv
[64.122s] -- Installing: /home/elizabeth_s/ros2_ws/install/turtlebot3_gazebo/share/turtlebot3_gazebo/local_setup.bash
[64.122s] -- Installing: /home/elizabeth_s/ros2_ws/install/turtlebot3_gazebo/share/turtlebot3_gazebo/local_setup.sh
[64.123s] -- Installing: /home/elizabeth_s/ros2_ws/install/turtlebot3_gazebo/share/turtlebot3_gazebo/local_setup.zsh
[64.123s] -- Installing: /home/elizabeth_s/ros2_ws/install/turtlebot3_gazebo/share/turtlebot3_gazebo/local_setup.dsv
[64.123s] -- Installing: /home/elizabeth_s/ros2_ws/install/turtlebot3_gazebo/share/turtlebot3_gazebo/package.dsv
[64.124s] -- Installing: /home/elizabeth_s/ros2_ws/install/turtlebot3_gazebo/share/ament_index/resource_index/packages/turtlebot3_gazebo
[64.124s] -- Installing: /home/elizabeth_s/ros2_ws/install/turtlebot3_gazebo/share/turtlebot3_gazebo/cmake/ament_cmake_export_include_directories-extras.cmake
[64.124s] -- Installing: /home/elizabeth_s/ros2_ws/install/turtlebot3_gazebo/share/turtlebot3_gazebo/cmake/ament_cmake_export_dependencies-extras.cmake
[64.125s] -- Installing: /home/elizabeth_s/ros2_ws/install/turtlebot3_gazebo/share/turtlebot3_gazebo/cmake/turtlebot3_gazeboConfig.cmake
[64.125s] -- Installing: /home/elizabeth_s/ros2_ws/install/turtlebot3_gazebo/share/turtlebot3_gazebo/cmake/turtlebot3_gazeboConfig-version.cmake
[64.125s] -- Installing: /home/elizabeth_s/ros2_ws/install/turtlebot3_gazebo/share/turtlebot3_gazebo/package.xml
[64.129s] Invoked command in '/home/elizabeth_s/ros2_ws/build/turtlebot3_gazebo' returned '0': CMAKE_PREFIX_PATH=/home/elizabeth_s/ros2_ws/install/open3d-detector:/home/elizabeth_s/ros2_ws/install/rrt_navigation:/opt/ros/humble /usr/bin/cmake --install /home/elizabeth_s/ros2_ws/build/turtlebot3_gazebo
