[0.685s] Invoking command in '/home/elizabeth_s/ros2_ws/src/rrt_navigation': PYTHONPATH=/home/elizabeth_s/ros2_ws/build/rrt_navigation/prefix_override:/usr/lib/python3/dist-packages/colcon_core/task/python/colcon_distutils_commands:/home/elizabeth_s/ros2_ws/install/rrt_navigation/lib/python3.10/site-packages:${PYTHONPATH} /usr/bin/python3 -W ignore:setup.py install is deprecated -W ignore:easy_install command is deprecated setup.py egg_info --egg-base ../../build/rrt_navigation build --build-base /home/elizabeth_s/ros2_ws/build/rrt_navigation/build install --record /home/elizabeth_s/ros2_ws/build/rrt_navigation/install.log --single-version-externally-managed install_data
[0.923s] running egg_info
[0.924s] writing ../../build/rrt_navigation/rrt_navigation.egg-info/PKG-INFO
[0.924s] writing dependency_links to ../../build/rrt_navigation/rrt_navigation.egg-info/dependency_links.txt
[0.924s] writing entry points to ../../build/rrt_navigation/rrt_navigation.egg-info/entry_points.txt
[0.924s] writing requirements to ../../build/rrt_navigation/rrt_navigation.egg-info/requires.txt
[0.924s] writing top-level names to ../../build/rrt_navigation/rrt_navigation.egg-info/top_level.txt
[0.926s] reading manifest file '../../build/rrt_navigation/rrt_navigation.egg-info/SOURCES.txt'
[0.927s] writing manifest file '../../build/rrt_navigation/rrt_navigation.egg-info/SOURCES.txt'
[0.927s] running build
[0.927s] running build_py
[0.927s] copying rrt_navigation/test_camera.py -> /home/elizabeth_s/ros2_ws/build/rrt_navigation/build/lib/rrt_navigation
[0.928s] running install
[0.929s] running install_lib
[0.930s] copying /home/elizabeth_s/ros2_ws/build/rrt_navigation/build/lib/rrt_navigation/test_camera.py -> /home/elizabeth_s/ros2_ws/install/rrt_navigation/lib/python3.10/site-packages/rrt_navigation
[0.931s] byte-compiling /home/elizabeth_s/ros2_ws/install/rrt_navigation/lib/python3.10/site-packages/rrt_navigation/test_camera.py to test_camera.cpython-310.pyc
[0.933s] running install_data
[0.933s] running install_egg_info
[0.935s] removing '/home/elizabeth_s/ros2_ws/install/rrt_navigation/lib/python3.10/site-packages/rrt_navigation-0.0.0-py3.10.egg-info' (and everything under it)
[0.935s] Copying ../../build/rrt_navigation/rrt_navigation.egg-info to /home/elizabeth_s/ros2_ws/install/rrt_navigation/lib/python3.10/site-packages/rrt_navigation-0.0.0-py3.10.egg-info
[0.936s] running install_scripts
[0.956s] Installing rrt_navigation script to /home/elizabeth_s/ros2_ws/install/rrt_navigation/lib/rrt_navigation
[0.957s] Installing test_camera script to /home/elizabeth_s/ros2_ws/install/rrt_navigation/lib/rrt_navigation
[0.957s] writing list of installed files to '/home/elizabeth_s/ros2_ws/build/rrt_navigation/install.log'
[0.981s] Invoked command in '/home/elizabeth_s/ros2_ws/src/rrt_navigation' returned '0': PYTHONPATH=/home/elizabeth_s/ros2_ws/build/rrt_navigation/prefix_override:/usr/lib/python3/dist-packages/colcon_core/task/python/colcon_distutils_commands:/home/elizabeth_s/ros2_ws/install/rrt_navigation/lib/python3.10/site-packages:${PYTHONPATH} /usr/bin/python3 -W ignore:setup.py install is deprecated -W ignore:easy_install command is deprecated setup.py egg_info --egg-base ../../build/rrt_navigation build --build-base /home/elizabeth_s/ros2_ws/build/rrt_navigation/build install --record /home/elizabeth_s/ros2_ws/build/rrt_navigation/install.log --single-version-externally-managed install_data
