[0.654s] Invoking command in '/home/elizabeth_s/ros2_ws/src/rrt_navigation': PYTHONPATH=/home/elizabeth_s/ros2_ws/build/rrt_navigation/prefix_override:/usr/lib/python3/dist-packages/colcon_core/task/python/colcon_distutils_commands:/home/elizabeth_s/ros2_ws/install/rrt_navigation/lib/python3.10/site-packages:${PYTHONPATH} /usr/bin/python3 -W ignore:setup.py install is deprecated -W ignore:easy_install command is deprecated setup.py egg_info --egg-base ../../build/rrt_navigation build --build-base /home/elizabeth_s/ros2_ws/build/rrt_navigation/build install --record /home/elizabeth_s/ros2_ws/build/rrt_navigation/install.log --single-version-externally-managed install_data
[0.895s] running egg_info
[0.895s] creating ../../build/rrt_navigation/rrt_navigation.egg-info
[0.895s] writing ../../build/rrt_navigation/rrt_navigation.egg-info/PKG-INFO
[0.896s] writing dependency_links to ../../build/rrt_navigation/rrt_navigation.egg-info/dependency_links.txt
[0.896s] writing entry points to ../../build/rrt_navigation/rrt_navigation.egg-info/entry_points.txt
[0.896s] writing requirements to ../../build/rrt_navigation/rrt_navigation.egg-info/requires.txt
[0.896s] writing top-level names to ../../build/rrt_navigation/rrt_navigation.egg-info/top_level.txt
[0.896s] writing manifest file '../../build/rrt_navigation/rrt_navigation.egg-info/SOURCES.txt'
[0.898s] reading manifest file '../../build/rrt_navigation/rrt_navigation.egg-info/SOURCES.txt'
[0.898s] writing manifest file '../../build/rrt_navigation/rrt_navigation.egg-info/SOURCES.txt'
[0.898s] running build
[0.898s] running build_py
[0.899s] creating /home/elizabeth_s/ros2_ws/build/rrt_navigation/build
[0.899s] creating /home/elizabeth_s/ros2_ws/build/rrt_navigation/build/lib
[0.899s] creating /home/elizabeth_s/ros2_ws/build/rrt_navigation/build/lib/rrt_navigation
[0.899s] copying rrt_navigation/rrt_navigation.py -> /home/elizabeth_s/ros2_ws/build/rrt_navigation/build/lib/rrt_navigation
[0.899s] copying rrt_navigation/__init__.py -> /home/elizabeth_s/ros2_ws/build/rrt_navigation/build/lib/rrt_navigation
[0.899s] running install
[0.899s] running install_lib
[0.900s] creating /home/elizabeth_s/ros2_ws/install/rrt_navigation/lib/python3.10/site-packages/rrt_navigation
[0.900s] copying /home/elizabeth_s/ros2_ws/build/rrt_navigation/build/lib/rrt_navigation/rrt_navigation.py -> /home/elizabeth_s/ros2_ws/install/rrt_navigation/lib/python3.10/site-packages/rrt_navigation
[0.900s] copying /home/elizabeth_s/ros2_ws/build/rrt_navigation/build/lib/rrt_navigation/__init__.py -> /home/elizabeth_s/ros2_ws/install/rrt_navigation/lib/python3.10/site-packages/rrt_navigation
[0.900s] byte-compiling /home/elizabeth_s/ros2_ws/install/rrt_navigation/lib/python3.10/site-packages/rrt_navigation/rrt_navigation.py to rrt_navigation.cpython-310.pyc
[0.901s] byte-compiling /home/elizabeth_s/ros2_ws/install/rrt_navigation/lib/python3.10/site-packages/rrt_navigation/__init__.py to __init__.cpython-310.pyc
[0.901s] running install_data
[0.901s] creating /home/elizabeth_s/ros2_ws/install/rrt_navigation/share/ament_index
[0.902s] creating /home/elizabeth_s/ros2_ws/install/rrt_navigation/share/ament_index/resource_index
[0.902s] creating /home/elizabeth_s/ros2_ws/install/rrt_navigation/share/ament_index/resource_index/packages
[0.902s] copying resource/rrt_navigation -> /home/elizabeth_s/ros2_ws/install/rrt_navigation/share/ament_index/resource_index/packages
[0.902s] copying package.xml -> /home/elizabeth_s/ros2_ws/install/rrt_navigation/share/rrt_navigation
[0.902s] creating /home/elizabeth_s/ros2_ws/install/rrt_navigation/share/rrt_navigation/launch
[0.902s] copying launch/rrt_worldlaunch.py -> /home/elizabeth_s/ros2_ws/install/rrt_navigation/share/rrt_navigation/launch
[0.902s] running install_egg_info
[0.904s] Copying ../../build/rrt_navigation/rrt_navigation.egg-info to /home/elizabeth_s/ros2_ws/install/rrt_navigation/lib/python3.10/site-packages/rrt_navigation-0.0.0-py3.10.egg-info
[0.904s] running install_scripts
[0.922s] Installing rrt_navigation script to /home/elizabeth_s/ros2_ws/install/rrt_navigation/lib/rrt_navigation
[0.922s] writing list of installed files to '/home/elizabeth_s/ros2_ws/build/rrt_navigation/install.log'
[0.945s] Invoked command in '/home/elizabeth_s/ros2_ws/src/rrt_navigation' returned '0': PYTHONPATH=/home/elizabeth_s/ros2_ws/build/rrt_navigation/prefix_override:/usr/lib/python3/dist-packages/colcon_core/task/python/colcon_distutils_commands:/home/elizabeth_s/ros2_ws/install/rrt_navigation/lib/python3.10/site-packages:${PYTHONPATH} /usr/bin/python3 -W ignore:setup.py install is deprecated -W ignore:easy_install command is deprecated setup.py egg_info --egg-base ../../build/rrt_navigation build --build-base /home/elizabeth_s/ros2_ws/build/rrt_navigation/build install --record /home/elizabeth_s/ros2_ws/build/rrt_navigation/install.log --single-version-externally-managed install_data
