[0.289s] Invoking command in '/home/elizabeth_s/ros2_ws/build/navigation_tb3': CMAKE_PREFIX_PATH=${CMAKE_PREFIX_PATH}:/home/elizabeth_s/ros2_ws/install/robot_math:/home/elizabeth_s/ros2_ws/install/ai_assitance:/home/elizabeth_s/ros2_ws/install/open3d-detector:/home/elizabeth_s/ros2_ws/install/rrt_navigation:/opt/ros/humble /usr/bin/cmake --build /home/elizabeth_s/ros2_ws/build/navigation_tb3 -- -j8 -l8
[0.878s] [100%] Built target pub_occupancy_grid
[0.878s] [100%] Built target ament_cmake_python_copy_navigation_tb3
[0.879s] running egg_info
[0.879s] writing navigation_tb3.egg-info/PKG-INFO
[0.879s] writing dependency_links to navigation_tb3.egg-info/dependency_links.txt
[0.879s] writing top-level names to navigation_tb3.egg-info/top_level.txt
[0.879s] reading manifest file 'navigation_tb3.egg-info/SOURCES.txt'
[0.879s] writing manifest file 'navigation_tb3.egg-info/SOURCES.txt'
[0.879s] [100%] Built target ament_cmake_python_build_navigation_tb3_egg
[0.894s] Invoked command in '/home/elizabeth_s/ros2_ws/build/navigation_tb3' returned '0': CMAKE_PREFIX_PATH=${CMAKE_PREFIX_PATH}:/home/elizabeth_s/ros2_ws/install/robot_math:/home/elizabeth_s/ros2_ws/install/ai_assitance:/home/elizabeth_s/ros2_ws/install/open3d-detector:/home/elizabeth_s/ros2_ws/install/rrt_navigation:/opt/ros/humble /usr/bin/cmake --build /home/elizabeth_s/ros2_ws/build/navigation_tb3 -- -j8 -l8
[0.895s] Invoking command in '/home/elizabeth_s/ros2_ws/build/navigation_tb3': CMAKE_PREFIX_PATH=${CMAKE_PREFIX_PATH}:/home/elizabeth_s/ros2_ws/install/robot_math:/home/elizabeth_s/ros2_ws/install/ai_assitance:/home/elizabeth_s/ros2_ws/install/open3d-detector:/home/elizabeth_s/ros2_ws/install/rrt_navigation:/opt/ros/humble /usr/bin/cmake --install /home/elizabeth_s/ros2_ws/build/navigation_tb3
[0.914s] -- Install configuration: ""
[0.915s] -- Up-to-date: /home/elizabeth_s/ros2_ws/install/navigation_tb3/lib/navigation_tb3/pub_occupancy_grid
[0.915s] -- Up-to-date: /home/elizabeth_s/ros2_ws/install/navigation_tb3/share/navigation_tb3/launch
[0.915s] -- Up-to-date: /home/elizabeth_s/ros2_ws/install/navigation_tb3/share/navigation_tb3/launch/mapping.launch.py
[0.915s] -- Up-to-date: /home/elizabeth_s/ros2_ws/install/navigation_tb3/share/navigation_tb3/launch/navigation.launch.py
[0.915s] -- Up-to-date: /home/elizabeth_s/ros2_ws/install/navigation_tb3/share/navigation_tb3/config
[0.915s] -- Up-to-date: /home/elizabeth_s/ros2_ws/install/navigation_tb3/share/navigation_tb3/config/turtlebot3_lds_2d.lua
[0.915s] -- Up-to-date: /home/elizabeth_s/ros2_ws/install/navigation_tb3/share/navigation_tb3/config/tb3_map.pgm
[0.915s] -- Up-to-date: /home/elizabeth_s/ros2_ws/install/navigation_tb3/share/navigation_tb3/config/mapping.rviz
[0.915s] -- Up-to-date: /home/elizabeth_s/ros2_ws/install/navigation_tb3/share/navigation_tb3/config/navigation.rviz
[0.916s] -- Up-to-date: /home/elizabeth_s/ros2_ws/install/navigation_tb3/share/navigation_tb3/config/tb3_nav2_params.yaml
[0.916s] -- Up-to-date: /home/elizabeth_s/ros2_ws/install/navigation_tb3/share/navigation_tb3/config/tb3_map.yaml
[0.916s] -- Up-to-date: /home/elizabeth_s/ros2_ws/install/navigation_tb3/share/navigation_tb3/environment/pythonpath.sh
[0.916s] -- Up-to-date: /home/elizabeth_s/ros2_ws/install/navigation_tb3/share/navigation_tb3/environment/pythonpath.dsv
[0.916s] -- Up-to-date: /home/elizabeth_s/ros2_ws/install/navigation_tb3/local/lib/python3.10/dist-packages/navigation_tb3-0.0.0-py3.10.egg-info
[0.916s] -- Installing: /home/elizabeth_s/ros2_ws/install/navigation_tb3/local/lib/python3.10/dist-packages/navigation_tb3-0.0.0-py3.10.egg-info/dependency_links.txt
[0.916s] -- Installing: /home/elizabeth_s/ros2_ws/install/navigation_tb3/local/lib/python3.10/dist-packages/navigation_tb3-0.0.0-py3.10.egg-info/top_level.txt
[0.916s] -- Installing: /home/elizabeth_s/ros2_ws/install/navigation_tb3/local/lib/python3.10/dist-packages/navigation_tb3-0.0.0-py3.10.egg-info/PKG-INFO
[0.916s] -- Installing: /home/elizabeth_s/ros2_ws/install/navigation_tb3/local/lib/python3.10/dist-packages/navigation_tb3-0.0.0-py3.10.egg-info/SOURCES.txt
[0.917s] -- Up-to-date: /home/elizabeth_s/ros2_ws/install/navigation_tb3/local/lib/python3.10/dist-packages/navigation_tb3
[0.917s] -- Up-to-date: /home/elizabeth_s/ros2_ws/install/navigation_tb3/local/lib/python3.10/dist-packages/navigation_tb3/__init__.py
[0.978s] Listing '/home/elizabeth_s/ros2_ws/install/navigation_tb3/local/lib/python3.10/dist-packages/navigation_tb3'...
[0.985s] -- Up-to-date: /home/elizabeth_s/ros2_ws/install/navigation_tb3/lib/navigation_tb3/single_goal_nav.py
[0.985s] -- Up-to-date: /home/elizabeth_s/ros2_ws/install/navigation_tb3/lib/navigation_tb3/multi_waypoints.py
[0.985s] -- Up-to-date: /home/elizabeth_s/ros2_ws/install/navigation_tb3/share/ament_index/resource_index/package_run_dependencies/navigation_tb3
[0.985s] -- Up-to-date: /home/elizabeth_s/ros2_ws/install/navigation_tb3/share/ament_index/resource_index/parent_prefix_path/navigation_tb3
[0.986s] -- Up-to-date: /home/elizabeth_s/ros2_ws/install/navigation_tb3/share/navigation_tb3/environment/ament_prefix_path.sh
[0.986s] -- Up-to-date: /home/elizabeth_s/ros2_ws/install/navigation_tb3/share/navigation_tb3/environment/ament_prefix_path.dsv
[0.986s] -- Up-to-date: /home/elizabeth_s/ros2_ws/install/navigation_tb3/share/navigation_tb3/environment/path.sh
[0.986s] -- Up-to-date: /home/elizabeth_s/ros2_ws/install/navigation_tb3/share/navigation_tb3/environment/path.dsv
[0.986s] -- Up-to-date: /home/elizabeth_s/ros2_ws/install/navigation_tb3/share/navigation_tb3/local_setup.bash
[0.986s] -- Up-to-date: /home/elizabeth_s/ros2_ws/install/navigation_tb3/share/navigation_tb3/local_setup.sh
[0.986s] -- Up-to-date: /home/elizabeth_s/ros2_ws/install/navigation_tb3/share/navigation_tb3/local_setup.zsh
[0.986s] -- Up-to-date: /home/elizabeth_s/ros2_ws/install/navigation_tb3/share/navigation_tb3/local_setup.dsv
[0.986s] -- Installing: /home/elizabeth_s/ros2_ws/install/navigation_tb3/share/navigation_tb3/package.dsv
[0.986s] -- Up-to-date: /home/elizabeth_s/ros2_ws/install/navigation_tb3/share/ament_index/resource_index/packages/navigation_tb3
[0.986s] -- Up-to-date: /home/elizabeth_s/ros2_ws/install/navigation_tb3/share/navigation_tb3/cmake/navigation_tb3Config.cmake
[0.986s] -- Up-to-date: /home/elizabeth_s/ros2_ws/install/navigation_tb3/share/navigation_tb3/cmake/navigation_tb3Config-version.cmake
[0.986s] -- Up-to-date: /home/elizabeth_s/ros2_ws/install/navigation_tb3/share/navigation_tb3/package.xml
[0.992s] Invoked command in '/home/elizabeth_s/ros2_ws/build/navigation_tb3' returned '0': CMAKE_PREFIX_PATH=${CMAKE_PREFIX_PATH}:/home/elizabeth_s/ros2_ws/install/robot_math:/home/elizabeth_s/ros2_ws/install/ai_assitance:/home/elizabeth_s/ros2_ws/install/open3d-detector:/home/elizabeth_s/ros2_ws/install/rrt_navigation:/opt/ros/humble /usr/bin/cmake --install /home/elizabeth_s/ros2_ws/build/navigation_tb3
