[0.359s] Invoking command in '/home/elizabeth_s/ros2_ws/build/point_cloud_perception': CMAKE_PREFIX_PATH=/home/elizabeth_s/ros2_ws/install/open3d-detector:/home/elizabeth_s/ros2_ws/install/rrt_navigation:/opt/ros/humble /usr/bin/cmake /home/elizabeth_s/ros2_ws/ros2_learners/point_cloud_perception -DCMAKE_INSTALL_PREFIX=/home/elizabeth_s/ros2_ws/install/point_cloud_perception
[1.335s] -- The C compiler identification is GNU 11.4.0
[1.336s] -- The CXX compiler identification is GNU 11.4.0
[1.336s] -- Detecting C compiler ABI info
[1.336s] -- Detecting C compiler ABI info - done
[1.337s] -- Check for working C compiler: /usr/bin/cc - skipped
[1.337s] -- Detecting C compile features
[1.337s] -- Detecting C compile features - done
[1.337s] -- Detecting CXX compiler ABI info
[1.337s] -- Detecting CXX compiler ABI info - done
[1.337s] -- Check for working CXX compiler: /usr/bin/c++ - skipped
[1.337s] -- Detecting CXX compile features
[1.338s] -- Detecting CXX compile features - done
[1.338s] -- Found ament_cmake: 1.3.11 (/opt/ros/humble/share/ament_cmake/cmake)
[1.338s] -- Found Python3: /usr/bin/python3 (found version "3.10.12") found components: Interpreter 
[1.338s] -- Checking for module 'eigen3'
[1.338s] --   Found eigen3, version 3.4.0
[1.345s] -- Found Eigen: /usr/include/eigen3 (Required is at least version "3.1") 
[1.345s] -- Eigen found (include: /usr/include/eigen3, version: 3.4.0)
[1.406s] -- Found Boost: /usr/lib/x86_64-linux-gnu/cmake/Boost-1.74.0/BoostConfig.cmake (found suitable version "1.74.0", minimum required is "1.65.0") found components: system filesystem date_time iostreams serialization 
[1.444s] -- Checking for module 'flann'
[1.469s] --   Found flann, version 1.9.1
[1.570s] -- Found FLANN: /usr/lib/x86_64-linux-gnu/libflann_cpp.so  
[1.570s] -- FLANN found (include: /usr/include, lib: /usr/lib/x86_64-linux-gnu/libflann_cpp.so)
[1.646s] -- Looking for pthread.h
[1.798s] -- Looking for pthread.h - found
[1.799s] -- Performing Test CMAKE_HAVE_LIBC_PTHREAD
[1.943s] -- Performing Test CMAKE_HAVE_LIBC_PTHREAD - Success
[1.946s] -- Found Threads: TRUE  
[1.950s] -- Found GLEW: /usr/lib/x86_64-linux-gnu/libGLEW.so  
[1.965s] -- Found OpenGL: /usr/lib/x86_64-linux-gnu/libOpenGL.so  found components: OpenGL GLX 
[2.293s] -- Found MPI_C: /usr/lib/x86_64-linux-gnu/libmpi.so (found version "3.1") 
[2.294s] -- Found MPI: TRUE (found version "3.1") found components: C 
[2.306s] -- Found JsonCpp: /usr/lib/x86_64-linux-gnu/libjsoncpp.so (found suitable version "1.9.5", minimum required is "0.7.0") 
[2.333s] -- Found ZLIB: /usr/lib/x86_64-linux-gnu/libz.so (found version "1.2.11") 
[2.378s] -- Found PNG: /usr/lib/x86_64-linux-gnu/libpng.so (found version "1.6.37") 
[2.440s] -- Found Eigen3: /usr/include/eigen3 (found version "3.4.0") 
[2.670s] -- Found X11: /usr/include   
[2.674s] -- Looking for XOpenDisplay in /usr/lib/x86_64-linux-gnu/libX11.so;/usr/lib/x86_64-linux-gnu/libXext.so
[2.833s] -- Looking for XOpenDisplay in /usr/lib/x86_64-linux-gnu/libX11.so;/usr/lib/x86_64-linux-gnu/libXext.so - found
[2.834s] -- Looking for gethostbyname
[2.973s] -- Looking for gethostbyname - found
[2.973s] -- Looking for connect
[3.135s] -- Looking for connect - found
[3.136s] -- Looking for remove
[3.319s] -- Looking for remove - found
[3.319s] -- Looking for shmat
[3.525s] -- Looking for shmat - found
[3.525s] -- Looking for IceConnectionNumber in ICE
[3.668s] -- Looking for IceConnectionNumber in ICE - found
[3.820s] -- Found EXPAT: /usr/lib/x86_64-linux-gnu/libexpat.so (found version "2.4.7") 
[3.826s] -- Found double-conversion: /usr/lib/x86_64-linux-gnu/libdouble-conversion.so  
[3.831s] -- Found LZ4: /usr/lib/x86_64-linux-gnu/liblz4.so (found version "1.9.3") 
[3.835s] -- Found LZMA: /usr/lib/x86_64-linux-gnu/liblzma.so (found version "5.2.5") 
[3.898s] -- Found JPEG: /usr/lib/x86_64-linux-gnu/libjpeg.so (found version "80") 
[3.911s] -- Found TIFF: /usr/lib/x86_64-linux-gnu/libtiff.so (found version "4.3.0")  
[3.920s] -- Found Freetype: /usr/lib/x86_64-linux-gnu/libfreetype.so (found version "2.11.1") 
[3.943s] -- Found utf8cpp: /usr/include/utf8cpp  
[4.089s] -- Checking for module 'libusb-1.0'
[4.115s] --   Found libusb-1.0, version 1.0.25
[4.186s] -- Found libusb: /usr/lib/x86_64-linux-gnu/libusb-1.0.so  
[4.189s] -- Found OpenNI: /usr/lib/libOpenNI.so;libusb::libusb (found version "1.5.4.0") 
[4.189s] -- OpenNI found (version: 1.5.4.0, include: /usr/include/ni, lib: /usr/lib/libOpenNI.so;libusb::libusb)
[4.306s] -- Found OpenNI2: /usr/lib/x86_64-linux-gnu/libOpenNI2.so;libusb::libusb (found version "2.2.0.33") 
[4.306s] -- OpenNI2 found (version: 2.2.0.33, include: /usr/include/openni2, lib: /usr/lib/x86_64-linux-gnu/libOpenNI2.so;libusb::libusb)
[4.307s] [0m** WARNING ** io features related to pcap will be disabled[0m
[4.882s] -- Eigen found (include: /usr/include/eigen3, version: 3.4.0)
[4.907s] -- OpenNI found (version: 1.5.4.0, include: /usr/include/ni, lib: /usr/lib/libOpenNI.so;libusb::libusb)
[4.927s] -- OpenNI2 found (version: 2.2.0.33, include: /usr/include/openni2, lib: /usr/lib/x86_64-linux-gnu/libOpenNI2.so;libusb::libusb)
[7.585s] -- Found Qhull version 8.0.2
[10.058s] -- OpenNI found (version: 1.5.4.0, include: /usr/include/ni, lib: /usr/lib/libOpenNI.so;libusb::libusb)
[10.793s] -- looking for PCL_COMMON
[10.800s] -- Found PCL_COMMON: /usr/lib/x86_64-linux-gnu/libpcl_common.so  
[10.800s] -- looking for PCL_KDTREE
[10.803s] -- Found PCL_KDTREE: /usr/lib/x86_64-linux-gnu/libpcl_kdtree.so  
[10.805s] -- looking for PCL_OCTREE
[10.808s] -- Found PCL_OCTREE: /usr/lib/x86_64-linux-gnu/libpcl_octree.so  
[10.808s] -- looking for PCL_SEARCH
[10.816s] -- Found PCL_SEARCH: /usr/lib/x86_64-linux-gnu/libpcl_search.so  
[10.816s] -- looking for PCL_SAMPLE_CONSENSUS
[10.822s] -- Found PCL_SAMPLE_CONSENSUS: /usr/lib/x86_64-linux-gnu/libpcl_sample_consensus.so  
[10.823s] -- looking for PCL_FILTERS
[10.829s] -- Found PCL_FILTERS: /usr/lib/x86_64-linux-gnu/libpcl_filters.so  
[10.830s] -- looking for PCL_2D
[10.830s] -- Found PCL_2D: /usr/include/pcl-1.12  
[10.831s] -- looking for PCL_GEOMETRY
[10.832s] -- Found PCL_GEOMETRY: /usr/include/pcl-1.12  
[10.832s] -- looking for PCL_IO
[10.838s] -- Found PCL_IO: /usr/lib/x86_64-linux-gnu/libpcl_io.so  
[10.838s] -- looking for PCL_FEATURES
[10.848s] -- Found PCL_FEATURES: /usr/lib/x86_64-linux-gnu/libpcl_features.so  
[10.851s] -- looking for PCL_ML
[10.854s] -- Found PCL_ML: /usr/lib/x86_64-linux-gnu/libpcl_ml.so  
[10.854s] -- looking for PCL_SEGMENTATION
[10.859s] -- Found PCL_SEGMENTATION: /usr/lib/x86_64-linux-gnu/libpcl_segmentation.so  
[10.860s] -- looking for PCL_VISUALIZATION
[10.867s] -- Found PCL_VISUALIZATION: /usr/lib/x86_64-linux-gnu/libpcl_visualization.so  
[10.869s] -- looking for PCL_SURFACE
[10.875s] -- Found PCL_SURFACE: /usr/lib/x86_64-linux-gnu/libpcl_surface.so  
[10.877s] -- looking for PCL_REGISTRATION
[10.882s] -- Found PCL_REGISTRATION: /usr/lib/x86_64-linux-gnu/libpcl_registration.so  
[10.883s] -- looking for PCL_KEYPOINTS
[10.896s] -- Found PCL_KEYPOINTS: /usr/lib/x86_64-linux-gnu/libpcl_keypoints.so  
[10.896s] -- looking for PCL_TRACKING
[10.909s] -- Found PCL_TRACKING: /usr/lib/x86_64-linux-gnu/libpcl_tracking.so  
[10.910s] -- looking for PCL_RECOGNITION
[10.923s] -- Found PCL_RECOGNITION: /usr/lib/x86_64-linux-gnu/libpcl_recognition.so  
[10.924s] -- looking for PCL_STEREO
[10.932s] -- Found PCL_STEREO: /usr/lib/x86_64-linux-gnu/libpcl_stereo.so  
[10.936s] -- looking for PCL_APPS
[10.939s] -- Found PCL_APPS: /usr/lib/x86_64-linux-gnu/libpcl_apps.so  
[10.947s] -- looking for PCL_IN_HAND_SCANNER
[10.947s] -- Found PCL_IN_HAND_SCANNER: /usr/include/pcl-1.12  
[10.948s] -- looking for PCL_MODELER
[10.948s] -- Found PCL_MODELER: /usr/include/pcl-1.12  
[10.962s] -- looking for PCL_POINT_CLOUD_EDITOR
[10.967s] -- Found PCL_POINT_CLOUD_EDITOR: /usr/include/pcl-1.12  
[10.968s] -- looking for PCL_OUTOFCORE
[10.970s] -- Found PCL_OUTOFCORE: /usr/lib/x86_64-linux-gnu/libpcl_outofcore.so  
[10.971s] -- looking for PCL_PEOPLE
[10.974s] -- Found PCL_PEOPLE: /usr/lib/x86_64-linux-gnu/libpcl_people.so  
[10.975s] -- Found PCL: pcl_common;pcl_kdtree;pcl_octree;pcl_search;pcl_sample_consensus;pcl_filters;pcl_io;pcl_features;pcl_ml;pcl_segmentation;pcl_visualization;pcl_surface;pcl_registration;pcl_keypoints;pcl_tracking;pcl_recognition;pcl_stereo;pcl_apps;pcl_outofcore;pcl_people;Boost::system;Boost::filesystem;Boost::date_time;Boost::iostreams;Boost::serialization;/usr/lib/libOpenNI.so;libusb::libusb;/usr/lib/x86_64-linux-gnu/libOpenNI2.so;libusb::libusb;VTK::ChartsCore;VTK::CommonColor;VTK::CommonComputationalGeometry;VTK::CommonCore;VTK::CommonDataModel;VTK::CommonExecutionModel;VTK::CommonMath;VTK::CommonMisc;VTK::CommonTransforms;VTK::FiltersCore;VTK::FiltersExtraction;VTK::FiltersGeneral;VTK::FiltersGeometry;VTK::FiltersModeling;VTK::FiltersSources;VTK::ImagingCore;VTK::ImagingSources;VTK::InteractionImage;VTK::InteractionStyle;VTK::InteractionWidgets;VTK::IOCore;VTK::IOGeometry;VTK::IOImage;VTK::IOLegacy;VTK::IOPLY;VTK::RenderingAnnotation;VTK::RenderingCore;VTK::RenderingContext2D;VTK::RenderingLOD;VTK::RenderingFreeType;VTK::ViewsCore;VTK::ViewsContext2D;VTK::RenderingOpenGL2;VTK::GUISupportQt;FLANN::FLANN;QHULL::QHULL  
[11.101s] -- Found OpenCV: /usr (found version "4.5.4") 
[11.114s] -- Found ament_lint_auto: 0.12.11 (/opt/ros/humble/share/ament_lint_auto/cmake)
[12.073s] -- Added test 'cppcheck' to perform static code analysis on C / C++ code
[12.077s] -- Configured cppcheck include dirs: /home/elizabeth_s/ros2_ws/ros2_learners/point_cloud_perception/include
[12.077s] -- Configured cppcheck exclude dirs and/or files: 
[12.078s] -- Added test 'flake8' to check Python code syntax and style conventions
[12.078s] -- Added test 'lint_cmake' to check CMake code style
[12.078s] -- Added test 'pep257' to check Python code against some of the docstring style conventions in PEP 257
[12.080s] -- Added test 'uncrustify' to check C / C++ code style
[12.080s] -- Configured uncrustify additional arguments: 
[12.081s] -- Added test 'xmllint' to check XML markup files
[12.083s] -- Configuring done
[12.840s] -- Generating done
[12.953s] -- Build files have been written to: /home/elizabeth_s/ros2_ws/build/point_cloud_perception
[12.973s] Invoked command in '/home/elizabeth_s/ros2_ws/build/point_cloud_perception' returned '0': CMAKE_PREFIX_PATH=/home/elizabeth_s/ros2_ws/install/open3d-detector:/home/elizabeth_s/ros2_ws/install/rrt_navigation:/opt/ros/humble /usr/bin/cmake /home/elizabeth_s/ros2_ws/ros2_learners/point_cloud_perception -DCMAKE_INSTALL_PREFIX=/home/elizabeth_s/ros2_ws/install/point_cloud_perception
[12.986s] Invoking command in '/home/elizabeth_s/ros2_ws/build/point_cloud_perception': CMAKE_PREFIX_PATH=/home/elizabeth_s/ros2_ws/install/open3d-detector:/home/elizabeth_s/ros2_ws/install/rrt_navigation:/opt/ros/humble /usr/bin/cmake --build /home/elizabeth_s/ros2_ws/build/point_cloud_perception -- -j8 -l8
[13.232s] [ 16%] [32mBuilding CXX object CMakeFiles/planner_seg.dir/src/planner_seg.cpp.o[0m
[13.232s] [ 33%] [32mBuilding CXX object CMakeFiles/voxeling.dir/src/voxelizing.cpp.o[0m
[13.254s] [ 50%] [32mBuilding CXX object CMakeFiles/clustering.dir/src/clustering.cpp.o[0m
[43.049s] [ 66%] [32m[1mLinking CXX executable voxeling[0m
[43.079s] [ 83%] [32m[1mLinking CXX executable planner_seg[0m
[47.789s] [ 83%] Built target voxeling
[48.657s] [ 83%] Built target planner_seg
[52.472s] [100%] [32m[1mLinking CXX executable clustering[0m
[55.179s] [100%] Built target clustering
[55.196s] Invoked command in '/home/elizabeth_s/ros2_ws/build/point_cloud_perception' returned '0': CMAKE_PREFIX_PATH=/home/elizabeth_s/ros2_ws/install/open3d-detector:/home/elizabeth_s/ros2_ws/install/rrt_navigation:/opt/ros/humble /usr/bin/cmake --build /home/elizabeth_s/ros2_ws/build/point_cloud_perception -- -j8 -l8
[55.200s] Invoking command in '/home/elizabeth_s/ros2_ws/build/point_cloud_perception': CMAKE_PREFIX_PATH=/home/elizabeth_s/ros2_ws/install/open3d-detector:/home/elizabeth_s/ros2_ws/install/rrt_navigation:/opt/ros/humble /usr/bin/cmake --install /home/elizabeth_s/ros2_ws/build/point_cloud_perception
[55.210s] -- Install configuration: ""
[55.210s] -- Installing: /home/elizabeth_s/ros2_ws/install/point_cloud_perception/lib/point_cloud_perception/voxeling
[55.211s] -- Installing: /home/elizabeth_s/ros2_ws/install/point_cloud_perception/lib/point_cloud_perception/planner_seg
[55.211s] -- Installing: /home/elizabeth_s/ros2_ws/install/point_cloud_perception/lib/point_cloud_perception/clustering
[55.212s] -- Installing: /home/elizabeth_s/ros2_ws/install/point_cloud_perception/share/point_cloud_perception//launch
[55.212s] -- Installing: /home/elizabeth_s/ros2_ws/install/point_cloud_perception/share/point_cloud_perception//launch/rtab_mapping.launch.py
[55.213s] -- Installing: /home/elizabeth_s/ros2_ws/install/point_cloud_perception/share/point_cloud_perception//launch/3d_depth_mapping_rtab.launch.py
[55.213s] -- Installing: /home/elizabeth_s/ros2_ws/install/point_cloud_perception/share/ament_index/resource_index/package_run_dependencies/point_cloud_perception
[55.214s] -- Installing: /home/elizabeth_s/ros2_ws/install/point_cloud_perception/share/ament_index/resource_index/parent_prefix_path/point_cloud_perception
[55.214s] -- Installing: /home/elizabeth_s/ros2_ws/install/point_cloud_perception/share/point_cloud_perception/environment/ament_prefix_path.sh
[55.214s] -- Installing: /home/elizabeth_s/ros2_ws/install/point_cloud_perception/share/point_cloud_perception/environment/ament_prefix_path.dsv
[55.215s] -- Installing: /home/elizabeth_s/ros2_ws/install/point_cloud_perception/share/point_cloud_perception/environment/path.sh
[55.215s] -- Installing: /home/elizabeth_s/ros2_ws/install/point_cloud_perception/share/point_cloud_perception/environment/path.dsv
[55.215s] -- Installing: /home/elizabeth_s/ros2_ws/install/point_cloud_perception/share/point_cloud_perception/local_setup.bash
[55.216s] -- Installing: /home/elizabeth_s/ros2_ws/install/point_cloud_perception/share/point_cloud_perception/local_setup.sh
[55.216s] -- Installing: /home/elizabeth_s/ros2_ws/install/point_cloud_perception/share/point_cloud_perception/local_setup.zsh
[55.216s] -- Installing: /home/elizabeth_s/ros2_ws/install/point_cloud_perception/share/point_cloud_perception/local_setup.dsv
[55.216s] -- Installing: /home/elizabeth_s/ros2_ws/install/point_cloud_perception/share/point_cloud_perception/package.dsv
[55.217s] -- Installing: /home/elizabeth_s/ros2_ws/install/point_cloud_perception/share/ament_index/resource_index/packages/point_cloud_perception
[55.217s] -- Installing: /home/elizabeth_s/ros2_ws/install/point_cloud_perception/share/point_cloud_perception/cmake/point_cloud_perceptionConfig.cmake
[55.218s] -- Installing: /home/elizabeth_s/ros2_ws/install/point_cloud_perception/share/point_cloud_perception/cmake/point_cloud_perceptionConfig-version.cmake
[55.218s] -- Installing: /home/elizabeth_s/ros2_ws/install/point_cloud_perception/share/point_cloud_perception/package.xml
[55.222s] Invoked command in '/home/elizabeth_s/ros2_ws/build/point_cloud_perception' returned '0': CMAKE_PREFIX_PATH=/home/elizabeth_s/ros2_ws/install/open3d-detector:/home/elizabeth_s/ros2_ws/install/rrt_navigation:/opt/ros/humble /usr/bin/cmake --install /home/elizabeth_s/ros2_ws/build/point_cloud_perception
