[0.285s] Invoking command in '/home/elizabeth_s/ros2_ws/build/point_cloud_perception': CMAKE_PREFIX_PATH=${CMAKE_PREFIX_PATH}:/home/elizabeth_s/ros2_ws/install/robot_math:/home/elizabeth_s/ros2_ws/install/ai_assitance:/home/elizabeth_s/ros2_ws/install/open3d-detector:/home/elizabeth_s/ros2_ws/install/rrt_navigation:/opt/ros/humble /usr/bin/cmake --build /home/elizabeth_s/ros2_ws/build/point_cloud_perception -- -j8 -l8
[0.926s] [35m[1mConsolidate compiler generated dependencies of target voxeling[0m
[0.926s] [35m[1mConsolidate compiler generated dependencies of target planner_seg[0m
[0.926s] [35m[1mConsolidate compiler generated dependencies of target clustering[0m
[0.926s] [ 33%] Built target voxeling
[0.926s] [100%] Built target planner_seg
[0.926s] [100%] Built target clustering
[0.938s] Invoked command in '/home/elizabeth_s/ros2_ws/build/point_cloud_perception' returned '0': CMAKE_PREFIX_PATH=${CMAKE_PREFIX_PATH}:/home/elizabeth_s/ros2_ws/install/robot_math:/home/elizabeth_s/ros2_ws/install/ai_assitance:/home/elizabeth_s/ros2_ws/install/open3d-detector:/home/elizabeth_s/ros2_ws/install/rrt_navigation:/opt/ros/humble /usr/bin/cmake --build /home/elizabeth_s/ros2_ws/build/point_cloud_perception -- -j8 -l8
[0.940s] Invoking command in '/home/elizabeth_s/ros2_ws/build/point_cloud_perception': CMAKE_PREFIX_PATH=${CMAKE_PREFIX_PATH}:/home/elizabeth_s/ros2_ws/install/robot_math:/home/elizabeth_s/ros2_ws/install/ai_assitance:/home/elizabeth_s/ros2_ws/install/open3d-detector:/home/elizabeth_s/ros2_ws/install/rrt_navigation:/opt/ros/humble /usr/bin/cmake --install /home/elizabeth_s/ros2_ws/build/point_cloud_perception
[0.950s] -- Install configuration: ""
[0.950s] -- Up-to-date: /home/elizabeth_s/ros2_ws/install/point_cloud_perception/lib/point_cloud_perception/voxeling
[0.951s] -- Up-to-date: /home/elizabeth_s/ros2_ws/install/point_cloud_perception/lib/point_cloud_perception/planner_seg
[0.951s] -- Up-to-date: /home/elizabeth_s/ros2_ws/install/point_cloud_perception/lib/point_cloud_perception/clustering
[0.951s] -- Up-to-date: /home/elizabeth_s/ros2_ws/install/point_cloud_perception/share/point_cloud_perception//launch
[0.951s] -- Up-to-date: /home/elizabeth_s/ros2_ws/install/point_cloud_perception/share/point_cloud_perception//launch/rtab_mapping.launch.py
[0.951s] -- Up-to-date: /home/elizabeth_s/ros2_ws/install/point_cloud_perception/share/point_cloud_perception//launch/3d_depth_mapping_rtab.launch.py
[0.951s] -- Up-to-date: /home/elizabeth_s/ros2_ws/install/point_cloud_perception/share/ament_index/resource_index/package_run_dependencies/point_cloud_perception
[0.951s] -- Up-to-date: /home/elizabeth_s/ros2_ws/install/point_cloud_perception/share/ament_index/resource_index/parent_prefix_path/point_cloud_perception
[0.951s] -- Up-to-date: /home/elizabeth_s/ros2_ws/install/point_cloud_perception/share/point_cloud_perception/environment/ament_prefix_path.sh
[0.951s] -- Up-to-date: /home/elizabeth_s/ros2_ws/install/point_cloud_perception/share/point_cloud_perception/environment/ament_prefix_path.dsv
[0.951s] -- Up-to-date: /home/elizabeth_s/ros2_ws/install/point_cloud_perception/share/point_cloud_perception/environment/path.sh
[0.951s] -- Up-to-date: /home/elizabeth_s/ros2_ws/install/point_cloud_perception/share/point_cloud_perception/environment/path.dsv
[0.951s] -- Up-to-date: /home/elizabeth_s/ros2_ws/install/point_cloud_perception/share/point_cloud_perception/local_setup.bash
[0.951s] -- Up-to-date: /home/elizabeth_s/ros2_ws/install/point_cloud_perception/share/point_cloud_perception/local_setup.sh
[0.951s] -- Up-to-date: /home/elizabeth_s/ros2_ws/install/point_cloud_perception/share/point_cloud_perception/local_setup.zsh
[0.952s] -- Up-to-date: /home/elizabeth_s/ros2_ws/install/point_cloud_perception/share/point_cloud_perception/local_setup.dsv
[0.952s] -- Installing: /home/elizabeth_s/ros2_ws/install/point_cloud_perception/share/point_cloud_perception/package.dsv
[0.953s] -- Up-to-date: /home/elizabeth_s/ros2_ws/install/point_cloud_perception/share/ament_index/resource_index/packages/point_cloud_perception
[0.953s] -- Up-to-date: /home/elizabeth_s/ros2_ws/install/point_cloud_perception/share/point_cloud_perception/cmake/point_cloud_perceptionConfig.cmake
[0.953s] -- Up-to-date: /home/elizabeth_s/ros2_ws/install/point_cloud_perception/share/point_cloud_perception/cmake/point_cloud_perceptionConfig-version.cmake
[0.953s] -- Up-to-date: /home/elizabeth_s/ros2_ws/install/point_cloud_perception/share/point_cloud_perception/package.xml
[1.012s] Invoked command in '/home/elizabeth_s/ros2_ws/build/point_cloud_perception' returned '0': CMAKE_PREFIX_PATH=${CMAKE_PREFIX_PATH}:/home/elizabeth_s/ros2_ws/install/robot_math:/home/elizabeth_s/ros2_ws/install/ai_assitance:/home/elizabeth_s/ros2_ws/install/open3d-detector:/home/elizabeth_s/ros2_ws/install/rrt_navigation:/opt/ros/humble /usr/bin/cmake --install /home/elizabeth_s/ros2_ws/build/point_cloud_perception
