[0.359s] Invoking command in '/home/elizabeth_s/ros2_ws/build/point_cloud_perception': CMAKE_PREFIX_PATH=/home/elizabeth_s/ros2_ws/install/open3d-detector:/home/elizabeth_s/ros2_ws/install/rrt_navigation:/opt/ros/humble /usr/bin/cmake --build /home/elizabeth_s/ros2_ws/build/point_cloud_perception -- -j8 -l8
[1.135s] [35m[1mConsolidate compiler generated dependencies of target voxeling[0m
[1.135s] [35m[1mConsolidate compiler generated dependencies of target planner_seg[0m
[1.135s] [35m[1mConsolidate compiler generated dependencies of target clustering[0m
[1.135s] [ 33%] Built target voxeling
[1.135s] [ 66%] Built target planner_seg
[1.135s] [100%] Built target clustering
[1.140s] Invoked command in '/home/elizabeth_s/ros2_ws/build/point_cloud_perception' returned '0': CMAKE_PREFIX_PATH=/home/elizabeth_s/ros2_ws/install/open3d-detector:/home/elizabeth_s/ros2_ws/install/rrt_navigation:/opt/ros/humble /usr/bin/cmake --build /home/elizabeth_s/ros2_ws/build/point_cloud_perception -- -j8 -l8
[1.151s] Invoking command in '/home/elizabeth_s/ros2_ws/build/point_cloud_perception': CMAKE_PREFIX_PATH=/home/elizabeth_s/ros2_ws/install/open3d-detector:/home/elizabeth_s/ros2_ws/install/rrt_navigation:/opt/ros/humble /usr/bin/cmake --install /home/elizabeth_s/ros2_ws/build/point_cloud_perception
[1.162s] -- Install configuration: ""
[1.162s] -- Up-to-date: /home/elizabeth_s/ros2_ws/install/point_cloud_perception/lib/point_cloud_perception/voxeling
[1.162s] -- Up-to-date: /home/elizabeth_s/ros2_ws/install/point_cloud_perception/lib/point_cloud_perception/planner_seg
[1.163s] -- Up-to-date: /home/elizabeth_s/ros2_ws/install/point_cloud_perception/lib/point_cloud_perception/clustering
[1.163s] -- Up-to-date: /home/elizabeth_s/ros2_ws/install/point_cloud_perception/share/point_cloud_perception//launch
[1.163s] -- Up-to-date: /home/elizabeth_s/ros2_ws/install/point_cloud_perception/share/point_cloud_perception//launch/rtab_mapping.launch.py
[1.163s] -- Up-to-date: /home/elizabeth_s/ros2_ws/install/point_cloud_perception/share/point_cloud_perception//launch/3d_depth_mapping_rtab.launch.py
[1.164s] -- Up-to-date: /home/elizabeth_s/ros2_ws/install/point_cloud_perception/share/ament_index/resource_index/package_run_dependencies/point_cloud_perception
[1.164s] -- Up-to-date: /home/elizabeth_s/ros2_ws/install/point_cloud_perception/share/ament_index/resource_index/parent_prefix_path/point_cloud_perception
[1.164s] -- Up-to-date: /home/elizabeth_s/ros2_ws/install/point_cloud_perception/share/point_cloud_perception/environment/ament_prefix_path.sh
[1.164s] -- Up-to-date: /home/elizabeth_s/ros2_ws/install/point_cloud_perception/share/point_cloud_perception/environment/ament_prefix_path.dsv
[1.164s] -- Up-to-date: /home/elizabeth_s/ros2_ws/install/point_cloud_perception/share/point_cloud_perception/environment/path.sh
[1.165s] -- Up-to-date: /home/elizabeth_s/ros2_ws/install/point_cloud_perception/share/point_cloud_perception/environment/path.dsv
[1.165s] -- Up-to-date: /home/elizabeth_s/ros2_ws/install/point_cloud_perception/share/point_cloud_perception/local_setup.bash
[1.165s] -- Up-to-date: /home/elizabeth_s/ros2_ws/install/point_cloud_perception/share/point_cloud_perception/local_setup.sh
[1.165s] -- Up-to-date: /home/elizabeth_s/ros2_ws/install/point_cloud_perception/share/point_cloud_perception/local_setup.zsh
[1.165s] -- Up-to-date: /home/elizabeth_s/ros2_ws/install/point_cloud_perception/share/point_cloud_perception/local_setup.dsv
[1.166s] -- Installing: /home/elizabeth_s/ros2_ws/install/point_cloud_perception/share/point_cloud_perception/package.dsv
[1.166s] -- Up-to-date: /home/elizabeth_s/ros2_ws/install/point_cloud_perception/share/ament_index/resource_index/packages/point_cloud_perception
[1.166s] -- Up-to-date: /home/elizabeth_s/ros2_ws/install/point_cloud_perception/share/point_cloud_perception/cmake/point_cloud_perceptionConfig.cmake
[1.166s] -- Up-to-date: /home/elizabeth_s/ros2_ws/install/point_cloud_perception/share/point_cloud_perception/cmake/point_cloud_perceptionConfig-version.cmake
[1.166s] -- Up-to-date: /home/elizabeth_s/ros2_ws/install/point_cloud_perception/share/point_cloud_perception/package.xml
[1.185s] Invoked command in '/home/elizabeth_s/ros2_ws/build/point_cloud_perception' returned '0': CMAKE_PREFIX_PATH=/home/elizabeth_s/ros2_ws/install/open3d-detector:/home/elizabeth_s/ros2_ws/install/rrt_navigation:/opt/ros/humble /usr/bin/cmake --install /home/elizabeth_s/ros2_ws/build/point_cloud_perception
