running egg_info
creating ../build/open3d-detector/open3d_detector.egg-info
writing ../build/open3d-detector/open3d_detector.egg-info/PKG-INFO
writing dependency_links to ../build/open3d-detector/open3d_detector.egg-info/dependency_links.txt
writing entry points to ../build/open3d-detector/open3d_detector.egg-info/entry_points.txt
writing requirements to ../build/open3d-detector/open3d_detector.egg-info/requires.txt
writing top-level names to ../build/open3d-detector/open3d_detector.egg-info/top_level.txt
writing manifest file '../build/open3d-detector/open3d_detector.egg-info/SOURCES.txt'
reading manifest file '../build/open3d-detector/open3d_detector.egg-info/SOURCES.txt'
writing manifest file '../build/open3d-detector/open3d_detector.egg-info/SOURCES.txt'
running build
running build_py
creating /home/elizabeth_s/ros2_ws/build/open3d-detector/build
creating /home/elizabeth_s/ros2_ws/build/open3d-detector/build/lib
creating /home/elizabeth_s/ros2_ws/build/open3d-detector/build/lib/open3d-detector
copying open3d-detector/__init__.py -> /home/elizabeth_s/ros2_ws/build/open3d-detector/build/lib/open3d-detector
copying open3d-detector/open3d_detector.py -> /home/elizabeth_s/ros2_ws/build/open3d-detector/build/lib/open3d-detector
running install
running install_lib
creating /home/elizabeth_s/ros2_ws/install/open3d-detector/lib/python3.10/site-packages/open3d-detector
copying /home/elizabeth_s/ros2_ws/build/open3d-detector/build/lib/open3d-detector/__init__.py -> /home/elizabeth_s/ros2_ws/install/open3d-detector/lib/python3.10/site-packages/open3d-detector
copying /home/elizabeth_s/ros2_ws/build/open3d-detector/build/lib/open3d-detector/open3d_detector.py -> /home/elizabeth_s/ros2_ws/install/open3d-detector/lib/python3.10/site-packages/open3d-detector
byte-compiling /home/elizabeth_s/ros2_ws/install/open3d-detector/lib/python3.10/site-packages/open3d-detector/__init__.py to __init__.cpython-310.pyc
byte-compiling /home/elizabeth_s/ros2_ws/install/open3d-detector/lib/python3.10/site-packages/open3d-detector/open3d_detector.py to open3d_detector.cpython-310.pyc
running install_data
creating /home/elizabeth_s/ros2_ws/install/open3d-detector/share/ament_index
creating /home/elizabeth_s/ros2_ws/install/open3d-detector/share/ament_index/resource_index
creating /home/elizabeth_s/ros2_ws/install/open3d-detector/share/ament_index/resource_index/packages
copying resource/open3d-detector -> /home/elizabeth_s/ros2_ws/install/open3d-detector/share/ament_index/resource_index/packages
copying package.xml -> /home/elizabeth_s/ros2_ws/install/open3d-detector/share/open3d-detector
running install_egg_info
Copying ../build/open3d-detector/open3d_detector.egg-info to /home/elizabeth_s/ros2_ws/install/open3d-detector/lib/python3.10/site-packages/open3d_detector-0.0.0-py3.10.egg-info
running install_scripts
writing list of installed files to '/home/elizabeth_s/ros2_ws/build/open3d-detector/install.log'
