[1.085s] Invoking command in '/home/elizabeth_s/ros2_ws/open3d-detector': PYTHONPATH=/home/elizabeth_s/ros2_ws/build/open3d-detector/prefix_override:/usr/lib/python3/dist-packages/colcon_core/task/python/colcon_distutils_commands:/home/elizabeth_s/ros2_ws/install/open3d-detector/lib/python3.10/site-packages:${PYTHONPATH} /usr/bin/python3 -W ignore:setup.py install is deprecated -W ignore:easy_install command is deprecated setup.py egg_info --egg-base ../build/open3d-detector build --build-base /home/elizabeth_s/ros2_ws/build/open3d-detector/build install --record /home/elizabeth_s/ros2_ws/build/open3d-detector/install.log --single-version-externally-managed install_data
[1.326s] running egg_info
[1.327s] creating ../build/open3d-detector/open3d_detector.egg-info
[1.327s] writing ../build/open3d-detector/open3d_detector.egg-info/PKG-INFO
[1.328s] writing dependency_links to ../build/open3d-detector/open3d_detector.egg-info/dependency_links.txt
[1.328s] writing entry points to ../build/open3d-detector/open3d_detector.egg-info/entry_points.txt
[1.328s] writing requirements to ../build/open3d-detector/open3d_detector.egg-info/requires.txt
[1.328s] writing top-level names to ../build/open3d-detector/open3d_detector.egg-info/top_level.txt
[1.328s] writing manifest file '../build/open3d-detector/open3d_detector.egg-info/SOURCES.txt'
[1.330s] reading manifest file '../build/open3d-detector/open3d_detector.egg-info/SOURCES.txt'
[1.331s] writing manifest file '../build/open3d-detector/open3d_detector.egg-info/SOURCES.txt'
[1.331s] running build
[1.331s] running build_py
[1.331s] creating /home/elizabeth_s/ros2_ws/build/open3d-detector/build
[1.331s] creating /home/elizabeth_s/ros2_ws/build/open3d-detector/build/lib
[1.331s] creating /home/elizabeth_s/ros2_ws/build/open3d-detector/build/lib/open3d-detector
[1.331s] copying open3d-detector/__init__.py -> /home/elizabeth_s/ros2_ws/build/open3d-detector/build/lib/open3d-detector
[1.331s] copying open3d-detector/open3d_detector.py -> /home/elizabeth_s/ros2_ws/build/open3d-detector/build/lib/open3d-detector
[1.332s] running install
[1.332s] running install_lib
[1.332s] creating /home/elizabeth_s/ros2_ws/install/open3d-detector/lib/python3.10/site-packages/open3d-detector
[1.332s] copying /home/elizabeth_s/ros2_ws/build/open3d-detector/build/lib/open3d-detector/__init__.py -> /home/elizabeth_s/ros2_ws/install/open3d-detector/lib/python3.10/site-packages/open3d-detector
[1.332s] copying /home/elizabeth_s/ros2_ws/build/open3d-detector/build/lib/open3d-detector/open3d_detector.py -> /home/elizabeth_s/ros2_ws/install/open3d-detector/lib/python3.10/site-packages/open3d-detector
[1.333s] byte-compiling /home/elizabeth_s/ros2_ws/install/open3d-detector/lib/python3.10/site-packages/open3d-detector/__init__.py to __init__.cpython-310.pyc
[1.333s] byte-compiling /home/elizabeth_s/ros2_ws/install/open3d-detector/lib/python3.10/site-packages/open3d-detector/open3d_detector.py to open3d_detector.cpython-310.pyc
[1.334s] running install_data
[1.334s] creating /home/elizabeth_s/ros2_ws/install/open3d-detector/share/ament_index
[1.334s] creating /home/elizabeth_s/ros2_ws/install/open3d-detector/share/ament_index/resource_index
[1.334s] creating /home/elizabeth_s/ros2_ws/install/open3d-detector/share/ament_index/resource_index/packages
[1.334s] copying resource/open3d-detector -> /home/elizabeth_s/ros2_ws/install/open3d-detector/share/ament_index/resource_index/packages
[1.334s] copying package.xml -> /home/elizabeth_s/ros2_ws/install/open3d-detector/share/open3d-detector
[1.334s] running install_egg_info
[1.336s] Copying ../build/open3d-detector/open3d_detector.egg-info to /home/elizabeth_s/ros2_ws/install/open3d-detector/lib/python3.10/site-packages/open3d_detector-0.0.0-py3.10.egg-info
[1.336s] running install_scripts
[1.357s] writing list of installed files to '/home/elizabeth_s/ros2_ws/build/open3d-detector/install.log'
[1.384s] Invoked command in '/home/elizabeth_s/ros2_ws/open3d-detector' returned '0': PYTHONPATH=/home/elizabeth_s/ros2_ws/build/open3d-detector/prefix_override:/usr/lib/python3/dist-packages/colcon_core/task/python/colcon_distutils_commands:/home/elizabeth_s/ros2_ws/install/open3d-detector/lib/python3.10/site-packages:${PYTHONPATH} /usr/bin/python3 -W ignore:setup.py install is deprecated -W ignore:easy_install command is deprecated setup.py egg_info --egg-base ../build/open3d-detector build --build-base /home/elizabeth_s/ros2_ws/build/open3d-detector/build install --record /home/elizabeth_s/ros2_ws/build/open3d-detector/install.log --single-version-externally-managed install_data
