[0.359s] Invoking command in '/home/elizabeth_s/ros2_ws/build/nodes': CMAKE_PREFIX_PATH=/home/elizabeth_s/ros2_ws/install/open3d-detector:/home/elizabeth_s/ros2_ws/install/rrt_navigation:/opt/ros/humble /usr/bin/cmake --build /home/elizabeth_s/ros2_ws/build/nodes -- -j8 -l8
[1.139s] [35m[1mConsolidate compiler generated dependencies of target pub_node[0m
[1.139s] [35m[1mConsolidate compiler generated dependencies of target sub_node[0m
[1.139s] [35m[1mConsolidate compiler generated dependencies of target laser_pub[0m
[1.139s] [ 33%] Built target sub_node
[1.139s] [ 66%] Built target pub_node
[1.139s] [100%] Built target laser_pub
[1.157s] Invoked command in '/home/elizabeth_s/ros2_ws/build/nodes' returned '0': CMAKE_PREFIX_PATH=/home/elizabeth_s/ros2_ws/install/open3d-detector:/home/elizabeth_s/ros2_ws/install/rrt_navigation:/opt/ros/humble /usr/bin/cmake --build /home/elizabeth_s/ros2_ws/build/nodes -- -j8 -l8
[1.159s] Invoking command in '/home/elizabeth_s/ros2_ws/build/nodes': CMAKE_PREFIX_PATH=/home/elizabeth_s/ros2_ws/install/open3d-detector:/home/elizabeth_s/ros2_ws/install/rrt_navigation:/opt/ros/humble /usr/bin/cmake --install /home/elizabeth_s/ros2_ws/build/nodes
[1.171s] -- Install configuration: ""
[1.172s] -- Up-to-date: /home/elizabeth_s/ros2_ws/install/nodes/lib/nodes/pub_node
[1.172s] -- Up-to-date: /home/elizabeth_s/ros2_ws/install/nodes/lib/nodes/sub_node
[1.173s] -- Up-to-date: /home/elizabeth_s/ros2_ws/install/nodes/lib/nodes/laser_pub
[1.174s] -- Up-to-date: /home/elizabeth_s/ros2_ws/install/nodes/share/ament_index/resource_index/package_run_dependencies/nodes
[1.174s] -- Up-to-date: /home/elizabeth_s/ros2_ws/install/nodes/share/ament_index/resource_index/parent_prefix_path/nodes
[1.174s] -- Up-to-date: /home/elizabeth_s/ros2_ws/install/nodes/share/nodes/environment/ament_prefix_path.sh
[1.175s] -- Up-to-date: /home/elizabeth_s/ros2_ws/install/nodes/share/nodes/environment/ament_prefix_path.dsv
[1.175s] -- Up-to-date: /home/elizabeth_s/ros2_ws/install/nodes/share/nodes/environment/path.sh
[1.175s] -- Up-to-date: /home/elizabeth_s/ros2_ws/install/nodes/share/nodes/environment/path.dsv
[1.175s] -- Up-to-date: /home/elizabeth_s/ros2_ws/install/nodes/share/nodes/local_setup.bash
[1.175s] -- Up-to-date: /home/elizabeth_s/ros2_ws/install/nodes/share/nodes/local_setup.sh
[1.176s] -- Up-to-date: /home/elizabeth_s/ros2_ws/install/nodes/share/nodes/local_setup.zsh
[1.176s] -- Up-to-date: /home/elizabeth_s/ros2_ws/install/nodes/share/nodes/local_setup.dsv
[1.176s] -- Installing: /home/elizabeth_s/ros2_ws/install/nodes/share/nodes/package.dsv
[1.177s] -- Up-to-date: /home/elizabeth_s/ros2_ws/install/nodes/share/ament_index/resource_index/packages/nodes
[1.177s] -- Up-to-date: /home/elizabeth_s/ros2_ws/install/nodes/share/nodes/cmake/nodesConfig.cmake
[1.177s] -- Up-to-date: /home/elizabeth_s/ros2_ws/install/nodes/share/nodes/cmake/nodesConfig-version.cmake
[1.177s] -- Up-to-date: /home/elizabeth_s/ros2_ws/install/nodes/share/nodes/package.xml
[1.240s] Invoked command in '/home/elizabeth_s/ros2_ws/build/nodes' returned '0': CMAKE_PREFIX_PATH=/home/elizabeth_s/ros2_ws/install/open3d-detector:/home/elizabeth_s/ros2_ws/install/rrt_navigation:/opt/ros/humble /usr/bin/cmake --install /home/elizabeth_s/ros2_ws/build/nodes
