[1.675s] Invoking command in '/home/elizabeth_s/ros2_ws/ros2_learners/ai_assitance': PYTHONPATH=/home/elizabeth_s/ros2_ws/build/ai_assitance/prefix_override:/usr/lib/python3/dist-packages/colcon_core/task/python/colcon_distutils_commands:/home/elizabeth_s/ros2_ws/install/ai_assitance/lib/python3.10/site-packages:${PYTHONPATH} /usr/bin/python3 -W ignore:setup.py install is deprecated -W ignore:easy_install command is deprecated setup.py egg_info --egg-base ../../build/ai_assitance build --build-base /home/elizabeth_s/ros2_ws/build/ai_assitance/build install --record /home/elizabeth_s/ros2_ws/build/ai_assitance/install.log --single-version-externally-managed install_data
[1.980s] running egg_info
[1.981s] writing ../../build/ai_assitance/ai_assitance.egg-info/PKG-INFO
[1.981s] writing dependency_links to ../../build/ai_assitance/ai_assitance.egg-info/dependency_links.txt
[1.983s] writing entry points to ../../build/ai_assitance/ai_assitance.egg-info/entry_points.txt
[1.983s] writing requirements to ../../build/ai_assitance/ai_assitance.egg-info/requires.txt
[1.983s] writing top-level names to ../../build/ai_assitance/ai_assitance.egg-info/top_level.txt
[1.985s] reading manifest file '../../build/ai_assitance/ai_assitance.egg-info/SOURCES.txt'
[1.987s] writing manifest file '../../build/ai_assitance/ai_assitance.egg-info/SOURCES.txt'
[1.987s] running build
[1.987s] running build_py
[1.988s] running install
[1.988s] running install_lib
[1.990s] running install_data
[1.990s] running install_egg_info
[1.993s] removing '/home/elizabeth_s/ros2_ws/install/ai_assitance/lib/python3.10/site-packages/ai_assitance-0.0.0-py3.10.egg-info' (and everything under it)
[1.993s] Copying ../../build/ai_assitance/ai_assitance.egg-info to /home/elizabeth_s/ros2_ws/install/ai_assitance/lib/python3.10/site-packages/ai_assitance-0.0.0-py3.10.egg-info
[1.994s] running install_scripts
[2.015s] Installing my_circle_movement script to /home/elizabeth_s/ros2_ws/install/ai_assitance/lib/ai_assitance
[2.015s] Installing obstacle_avoiding_node script to /home/elizabeth_s/ros2_ws/install/ai_assitance/lib/ai_assitance
[2.016s] writing list of installed files to '/home/elizabeth_s/ros2_ws/build/ai_assitance/install.log'
[2.060s] Invoked command in '/home/elizabeth_s/ros2_ws/ros2_learners/ai_assitance' returned '0': PYTHONPATH=/home/elizabeth_s/ros2_ws/build/ai_assitance/prefix_override:/usr/lib/python3/dist-packages/colcon_core/task/python/colcon_distutils_commands:/home/elizabeth_s/ros2_ws/install/ai_assitance/lib/python3.10/site-packages:${PYTHONPATH} /usr/bin/python3 -W ignore:setup.py install is deprecated -W ignore:easy_install command is deprecated setup.py egg_info --egg-base ../../build/ai_assitance build --build-base /home/elizabeth_s/ros2_ws/build/ai_assitance/build install --record /home/elizabeth_s/ros2_ws/build/ai_assitance/install.log --single-version-externally-managed install_data
