[1.308s] Invoking command in '/home/elizabeth_s/ros2_ws/build/transforms': CMAKE_PREFIX_PATH=/home/elizabeth_s/ros2_ws/install/open3d-detector:/home/elizabeth_s/ros2_ws/install/rrt_navigation:/opt/ros/humble /usr/bin/cmake /home/elizabeth_s/ros2_ws/ros2_learners/transforms -DCMAKE_INSTALL_PREFIX=/home/elizabeth_s/ros2_ws/install/transforms
[1.401s] -- The C compiler identification is GNU 11.4.0
[1.517s] -- The CXX compiler identification is GNU 11.4.0
[1.535s] -- Detecting C compiler ABI info
[1.666s] -- Detecting C compiler ABI info - done
[1.686s] -- Check for working C compiler: /usr/bin/cc - skipped
[1.686s] -- Detecting C compile features
[1.686s] -- Detecting C compile features - done
[1.693s] -- Detecting CXX compiler ABI info
[1.854s] -- Detecting CXX compiler ABI info - done
[1.873s] -- Check for working CXX compiler: /usr/bin/c++ - skipped
[1.874s] -- Detecting CXX compile features
[1.877s] -- Detecting CXX compile features - done
[1.882s] -- Found ament_cmake: 1.3.11 (/opt/ros/humble/share/ament_cmake/cmake)
[2.260s] -- Found Python3: /usr/bin/python3 (found version "3.10.12") found components: Interpreter 
[2.458s] -- Found rclcpp: 16.0.11 (/opt/ros/humble/share/rclcpp/cmake)
[2.558s] -- Found rosidl_generator_c: 3.1.6 (/opt/ros/humble/share/rosidl_generator_c/cmake)
[2.569s] -- Found rosidl_adapter: 3.1.6 (/opt/ros/humble/share/rosidl_adapter/cmake)
[2.589s] -- Found rosidl_generator_cpp: 3.1.6 (/opt/ros/humble/share/rosidl_generator_cpp/cmake)
[2.621s] -- Using all available rosidl_typesupport_c: rosidl_typesupport_fastrtps_c;rosidl_typesupport_introspection_c
[2.662s] -- Using all available rosidl_typesupport_cpp: rosidl_typesupport_fastrtps_cpp;rosidl_typesupport_introspection_cpp
[2.776s] -- Found rmw_implementation_cmake: 6.1.2 (/opt/ros/humble/share/rmw_implementation_cmake/cmake)
[2.785s] -- Found rmw_fastrtps_cpp: 6.2.7 (/opt/ros/humble/share/rmw_fastrtps_cpp/cmake)
[3.032s] -- Found OpenSSL: /usr/lib/x86_64-linux-gnu/libcrypto.so (found version "3.0.2")  
[3.089s] -- Found FastRTPS: /opt/ros/humble/include  
[3.176s] -- Using RMW implementation 'rmw_fastrtps_cpp' as default
[3.196s] -- Looking for pthread.h
[3.371s] -- Looking for pthread.h - found
[3.371s] -- Performing Test CMAKE_HAVE_LIBC_PTHREAD
[3.583s] -- Performing Test CMAKE_HAVE_LIBC_PTHREAD - Success
[3.584s] -- Found Threads: TRUE  
[3.708s] -- Found tf2_ros: 0.25.11 (/opt/ros/humble/share/tf2_ros/cmake)
[4.013s] -- Found ament_lint_auto: 0.12.11 (/opt/ros/humble/share/ament_lint_auto/cmake)
[4.179s] -- Added test 'cppcheck' to perform static code analysis on C / C++ code
[4.180s] -- Configured cppcheck include dirs: 
[4.180s] -- Configured cppcheck exclude dirs and/or files: 
[4.181s] -- Added test 'flake8' to check Python code syntax and style conventions
[4.182s] -- Added test 'lint_cmake' to check CMake code style
[4.184s] -- Added test 'pep257' to check Python code against some of the docstring style conventions in PEP 257
[4.185s] -- Added test 'uncrustify' to check C / C++ code style
[4.185s] -- Configured uncrustify additional arguments: 
[4.187s] -- Added test 'xmllint' to check XML markup files
[4.189s] -- Configuring done
[4.237s] -- Generating done
[4.264s] -- Build files have been written to: /home/elizabeth_s/ros2_ws/build/transforms
[4.296s] Invoked command in '/home/elizabeth_s/ros2_ws/build/transforms' returned '0': CMAKE_PREFIX_PATH=/home/elizabeth_s/ros2_ws/install/open3d-detector:/home/elizabeth_s/ros2_ws/install/rrt_navigation:/opt/ros/humble /usr/bin/cmake /home/elizabeth_s/ros2_ws/ros2_learners/transforms -DCMAKE_INSTALL_PREFIX=/home/elizabeth_s/ros2_ws/install/transforms
[4.297s] Invoking command in '/home/elizabeth_s/ros2_ws/build/transforms': CMAKE_PREFIX_PATH=/home/elizabeth_s/ros2_ws/install/open3d-detector:/home/elizabeth_s/ros2_ws/install/rrt_navigation:/opt/ros/humble /usr/bin/cmake --build /home/elizabeth_s/ros2_ws/build/transforms -- -j8 -l8
[4.415s] [ 10%] [32mBuilding CXX object CMakeFiles/transform_order.dir/src/transform_order.cpp.o[0m
[4.417s] [ 20%] [32mBuilding CXX object CMakeFiles/frame_chains.dir/src/frame_chains.cpp.o[0m
[4.431s] [ 30%] [32mBuilding CXX object CMakeFiles/translation_frame.dir/src/translation_frame.cpp.o[0m
[4.435s] [ 40%] [32mBuilding CXX object CMakeFiles/rotation_frame.dir/src/rotation_frame.cpp.o[0m
[4.438s] [ 50%] [32mBuilding CXX object CMakeFiles/static_dynamic_frame.dir/src/static_dynamic_frame.cpp.o[0m
[32.306s] [ 60%] [32m[1mLinking CXX executable static_dynamic_frame[0m
[32.456s] [ 70%] [32m[1mLinking CXX executable transform_order[0m
[33.473s] [ 70%] Built target transform_order
[33.552s] [ 70%] Built target static_dynamic_frame
[40.045s] [ 80%] [32m[1mLinking CXX executable rotation_frame[0m
[40.593s] [ 80%] Built target rotation_frame
[41.753s] [ 90%] [32m[1mLinking CXX executable translation_frame[0m
[42.010s] [100%] [32m[1mLinking CXX executable frame_chains[0m
[42.321s] [100%] Built target translation_frame
[42.654s] [100%] Built target frame_chains
[42.729s] Invoked command in '/home/elizabeth_s/ros2_ws/build/transforms' returned '0': CMAKE_PREFIX_PATH=/home/elizabeth_s/ros2_ws/install/open3d-detector:/home/elizabeth_s/ros2_ws/install/rrt_navigation:/opt/ros/humble /usr/bin/cmake --build /home/elizabeth_s/ros2_ws/build/transforms -- -j8 -l8
[42.750s] Invoking command in '/home/elizabeth_s/ros2_ws/build/transforms': CMAKE_PREFIX_PATH=/home/elizabeth_s/ros2_ws/install/open3d-detector:/home/elizabeth_s/ros2_ws/install/rrt_navigation:/opt/ros/humble /usr/bin/cmake --install /home/elizabeth_s/ros2_ws/build/transforms
[42.782s] -- Install configuration: ""
[42.783s] -- Installing: /home/elizabeth_s/ros2_ws/install/transforms/lib/transforms/translation_frame
[42.785s] -- Set runtime path of "/home/elizabeth_s/ros2_ws/install/transforms/lib/transforms/translation_frame" to ""
[42.785s] -- Installing: /home/elizabeth_s/ros2_ws/install/transforms/lib/transforms/rotation_frame
[42.793s] -- Set runtime path of "/home/elizabeth_s/ros2_ws/install/transforms/lib/transforms/rotation_frame" to ""
[42.794s] -- Installing: /home/elizabeth_s/ros2_ws/install/transforms/lib/transforms/transform_order
[42.794s] -- Set runtime path of "/home/elizabeth_s/ros2_ws/install/transforms/lib/transforms/transform_order" to ""
[42.797s] -- Installing: /home/elizabeth_s/ros2_ws/install/transforms/lib/transforms/frame_chains
[42.798s] -- Set runtime path of "/home/elizabeth_s/ros2_ws/install/transforms/lib/transforms/frame_chains" to ""
[42.799s] -- Installing: /home/elizabeth_s/ros2_ws/install/transforms/lib/transforms/static_dynamic_frame
[42.800s] -- Set runtime path of "/home/elizabeth_s/ros2_ws/install/transforms/lib/transforms/static_dynamic_frame" to ""
[42.805s] -- Installing: /home/elizabeth_s/ros2_ws/install/transforms/share/transforms/launch
[42.805s] -- Installing: /home/elizabeth_s/ros2_ws/install/transforms/share/transforms/launch/rviz.launch.py
[42.807s] -- Installing: /home/elizabeth_s/ros2_ws/install/transforms/share/transforms/launch/gazebo.launch.py
[42.807s] -- Installing: /home/elizabeth_s/ros2_ws/install/transforms/share/transforms/urdf
[42.807s] -- Installing: /home/elizabeth_s/ros2_ws/install/transforms/share/transforms/urdf/diff_drive.urdf
[42.808s] -- Installing: /home/elizabeth_s/ros2_ws/install/transforms/share/transforms/config
[42.808s] -- Installing: /home/elizabeth_s/ros2_ws/install/transforms/share/transforms/config/urdf_view.rviz
[42.809s] -- Installing: /home/elizabeth_s/ros2_ws/install/transforms/share/ament_index/resource_index/package_run_dependencies/transforms
[42.814s] -- Installing: /home/elizabeth_s/ros2_ws/install/transforms/share/ament_index/resource_index/parent_prefix_path/transforms
[42.819s] -- Installing: /home/elizabeth_s/ros2_ws/install/transforms/share/transforms/environment/ament_prefix_path.sh
[42.820s] -- Installing: /home/elizabeth_s/ros2_ws/install/transforms/share/transforms/environment/ament_prefix_path.dsv
[42.820s] -- Installing: /home/elizabeth_s/ros2_ws/install/transforms/share/transforms/environment/path.sh
[42.820s] -- Installing: /home/elizabeth_s/ros2_ws/install/transforms/share/transforms/environment/path.dsv
[42.822s] -- Installing: /home/elizabeth_s/ros2_ws/install/transforms/share/transforms/local_setup.bash
[42.823s] -- Installing: /home/elizabeth_s/ros2_ws/install/transforms/share/transforms/local_setup.sh
[42.826s] -- Installing: /home/elizabeth_s/ros2_ws/install/transforms/share/transforms/local_setup.zsh
[42.826s] -- Installing: /home/elizabeth_s/ros2_ws/install/transforms/share/transforms/local_setup.dsv
[42.826s] -- Installing: /home/elizabeth_s/ros2_ws/install/transforms/share/transforms/package.dsv
[42.828s] -- Installing: /home/elizabeth_s/ros2_ws/install/transforms/share/ament_index/resource_index/packages/transforms
[42.831s] -- Installing: /home/elizabeth_s/ros2_ws/install/transforms/share/transforms/cmake/transformsConfig.cmake
[42.831s] -- Installing: /home/elizabeth_s/ros2_ws/install/transforms/share/transforms/cmake/transformsConfig-version.cmake
[42.832s] -- Installing: /home/elizabeth_s/ros2_ws/install/transforms/share/transforms/package.xml
[42.838s] Invoked command in '/home/elizabeth_s/ros2_ws/build/transforms' returned '0': CMAKE_PREFIX_PATH=/home/elizabeth_s/ros2_ws/install/open3d-detector:/home/elizabeth_s/ros2_ws/install/rrt_navigation:/opt/ros/humble /usr/bin/cmake --install /home/elizabeth_s/ros2_ws/build/transforms
