[1.012s] Invoking command in '/home/elizabeth_s/ros2_ws/open3d-detector': PYTHONPATH=/home/elizabeth_s/ros2_ws/build/open3d-detector/prefix_override:/usr/lib/python3/dist-packages/colcon_core/task/python/colcon_distutils_commands:/home/elizabeth_s/ros2_ws/install/open3d-detector/lib/python3.10/site-packages:${PYTHONPATH} /usr/bin/python3 -W ignore:setup.py install is deprecated -W ignore:easy_install command is deprecated setup.py egg_info --egg-base ../build/open3d-detector build --build-base /home/elizabeth_s/ros2_ws/build/open3d-detector/build install --record /home/elizabeth_s/ros2_ws/build/open3d-detector/install.log --single-version-externally-managed install_data
[1.262s] running egg_info
[1.263s] writing ../build/open3d-detector/open3d_detector.egg-info/PKG-INFO
[1.264s] writing dependency_links to ../build/open3d-detector/open3d_detector.egg-info/dependency_links.txt
[1.264s] writing entry points to ../build/open3d-detector/open3d_detector.egg-info/entry_points.txt
[1.264s] writing requirements to ../build/open3d-detector/open3d_detector.egg-info/requires.txt
[1.264s] writing top-level names to ../build/open3d-detector/open3d_detector.egg-info/top_level.txt
[1.266s] reading manifest file '../build/open3d-detector/open3d_detector.egg-info/SOURCES.txt'
[1.267s] writing manifest file '../build/open3d-detector/open3d_detector.egg-info/SOURCES.txt'
[1.267s] running build
[1.267s] running build_py
[1.267s] running install
[1.267s] running install_lib
[1.268s] running install_data
[1.268s] copying package.xml -> /home/elizabeth_s/ros2_ws/install/open3d-detector/share/open3d-detector
[1.268s] running install_egg_info
[1.270s] removing '/home/elizabeth_s/ros2_ws/install/open3d-detector/lib/python3.10/site-packages/open3d_detector-0.0.0-py3.10.egg-info' (and everything under it)
[1.270s] Copying ../build/open3d-detector/open3d_detector.egg-info to /home/elizabeth_s/ros2_ws/install/open3d-detector/lib/python3.10/site-packages/open3d_detector-0.0.0-py3.10.egg-info
[1.271s] running install_scripts
[1.290s] Installing open3d_detector script to /home/elizabeth_s/ros2_ws/install/open3d-detector/lib/open3d-detector
[1.290s] writing list of installed files to '/home/elizabeth_s/ros2_ws/build/open3d-detector/install.log'
[1.321s] Invoked command in '/home/elizabeth_s/ros2_ws/open3d-detector' returned '0': PYTHONPATH=/home/elizabeth_s/ros2_ws/build/open3d-detector/prefix_override:/usr/lib/python3/dist-packages/colcon_core/task/python/colcon_distutils_commands:/home/elizabeth_s/ros2_ws/install/open3d-detector/lib/python3.10/site-packages:${PYTHONPATH} /usr/bin/python3 -W ignore:setup.py install is deprecated -W ignore:easy_install command is deprecated setup.py egg_info --egg-base ../build/open3d-detector build --build-base /home/elizabeth_s/ros2_ws/build/open3d-detector/build install --record /home/elizabeth_s/ros2_ws/build/open3d-detector/install.log --single-version-externally-managed install_data
