[1.494s] Invoking command in '/home/elizabeth_s/ros2_ws/src/rrt_navigation': PYTHONPATH=/home/elizabeth_s/ros2_ws/build/rrt_navigation/prefix_override:/usr/lib/python3/dist-packages/colcon_core/task/python/colcon_distutils_commands:/home/elizabeth_s/ros2_ws/install/rrt_navigation/lib/python3.10/site-packages:${PYTHONPATH} /usr/bin/python3 -W ignore:setup.py install is deprecated -W ignore:easy_install command is deprecated setup.py egg_info --egg-base ../../build/rrt_navigation build --build-base /home/elizabeth_s/ros2_ws/build/rrt_navigation/build install --record /home/elizabeth_s/ros2_ws/build/rrt_navigation/install.log --single-version-externally-managed install_data
[1.788s] running egg_info
[1.789s] writing ../../build/rrt_navigation/rrt_navigation.egg-info/PKG-INFO
[1.789s] writing dependency_links to ../../build/rrt_navigation/rrt_navigation.egg-info/dependency_links.txt
[1.789s] writing entry points to ../../build/rrt_navigation/rrt_navigation.egg-info/entry_points.txt
[1.789s] writing requirements to ../../build/rrt_navigation/rrt_navigation.egg-info/requires.txt
[1.789s] writing top-level names to ../../build/rrt_navigation/rrt_navigation.egg-info/top_level.txt
[1.791s] reading manifest file '../../build/rrt_navigation/rrt_navigation.egg-info/SOURCES.txt'
[1.792s] writing manifest file '../../build/rrt_navigation/rrt_navigation.egg-info/SOURCES.txt'
[1.792s] running build
[1.792s] running build_py
[1.792s] running install
[1.793s] running install_lib
[1.794s] running install_data
[1.795s] running install_egg_info
[1.797s] removing '/home/elizabeth_s/ros2_ws/install/rrt_navigation/lib/python3.10/site-packages/rrt_navigation-0.0.0-py3.10.egg-info' (and everything under it)
[1.797s] Copying ../../build/rrt_navigation/rrt_navigation.egg-info to /home/elizabeth_s/ros2_ws/install/rrt_navigation/lib/python3.10/site-packages/rrt_navigation-0.0.0-py3.10.egg-info
[1.798s] running install_scripts
[1.825s] Installing rrt_navigation script to /home/elizabeth_s/ros2_ws/install/rrt_navigation/lib/rrt_navigation
[1.826s] Installing test_camera script to /home/elizabeth_s/ros2_ws/install/rrt_navigation/lib/rrt_navigation
[1.826s] writing list of installed files to '/home/elizabeth_s/ros2_ws/build/rrt_navigation/install.log'
[1.859s] Invoked command in '/home/elizabeth_s/ros2_ws/src/rrt_navigation' returned '0': PYTHONPATH=/home/elizabeth_s/ros2_ws/build/rrt_navigation/prefix_override:/usr/lib/python3/dist-packages/colcon_core/task/python/colcon_distutils_commands:/home/elizabeth_s/ros2_ws/install/rrt_navigation/lib/python3.10/site-packages:${PYTHONPATH} /usr/bin/python3 -W ignore:setup.py install is deprecated -W ignore:easy_install command is deprecated setup.py egg_info --egg-base ../../build/rrt_navigation build --build-base /home/elizabeth_s/ros2_ws/build/rrt_navigation/build install --record /home/elizabeth_s/ros2_ws/build/rrt_navigation/install.log --single-version-externally-managed install_data
