[0.198s] DEBUG:colcon:Command line arguments: ['/usr/bin/colcon', 'build']
[0.198s] DEBUG:colcon:Parsed command line arguments: Namespace(log_base=None, log_level=None, verb_name='build', build_base='build', install_base='install', merge_install=False, symlink_install=False, test_result_base=None, continue_on_error=False, executor='parallel', parallel_workers=8, event_handlers=None, ignore_user_meta=False, metas=['./colcon.meta'], base_paths=['.'], packages_ignore=None, packages_ignore_regex=None, paths=None, packages_up_to=None, packages_up_to_regex=None, packages_above=None, packages_above_and_dependencies=None, packages_above_depth=None, packages_select_by_dep=None, packages_skip_by_dep=None, packages_skip_up_to=None, packages_select_build_failed=False, packages_skip_build_finished=False, packages_select_test_failures=False, packages_skip_test_passed=False, packages_select=None, packages_skip=None, packages_select_regex=None, packages_skip_regex=None, packages_start=None, packages_end=None, allow_overriding=[], cmake_args=None, cmake_target=None, cmake_target_skip_unavailable=False, cmake_clean_cache=False, cmake_clean_first=False, cmake_force_configure=False, ament_cmake_args=None, catkin_cmake_args=None, catkin_skip_building_tests=False, mixin_files=None, mixin=None, verb_parser=<colcon_mixin.mixin.mixin_argument.MixinArgumentDecorator object at 0x777308d9d480>, verb_extension=<colcon_core.verb.build.BuildVerb object at 0x777308e923e0>, main=<bound method BuildVerb.main of <colcon_core.verb.build.BuildVerb object at 0x777308e923e0>>, mixin_verb=('build',))
[0.567s] Level 1:colcon.colcon_core.package_discovery:discover_packages(colcon_meta) check parameters
[0.567s] Level 1:colcon.colcon_core.package_discovery:discover_packages(recursive) check parameters
[0.567s] Level 1:colcon.colcon_core.package_discovery:discover_packages(ignore) check parameters
[0.568s] Level 1:colcon.colcon_core.package_discovery:discover_packages(path) check parameters
[0.568s] Level 1:colcon.colcon_core.package_discovery:discover_packages(colcon_meta) discover
[0.568s] Level 1:colcon.colcon_core.package_discovery:discover_packages(recursive) discover
[0.568s] INFO:colcon.colcon_core.package_discovery:Crawling recursively for packages in '/home/elizabeth_s/ros2_ws'
[0.568s] Level 1:colcon.colcon_core.package_identification:_identify(.) by extensions ['ignore', 'ignore_ament_install']
[0.568s] Level 1:colcon.colcon_core.package_identification:_identify(.) by extension 'ignore'
[0.568s] Level 1:colcon.colcon_core.package_identification:_identify(.) by extension 'ignore_ament_install'
[0.569s] Level 1:colcon.colcon_core.package_identification:_identify(.) by extensions ['colcon_pkg']
[0.569s] Level 1:colcon.colcon_core.package_identification:_identify(.) by extension 'colcon_pkg'
[0.569s] Level 1:colcon.colcon_core.package_identification:_identify(.) by extensions ['colcon_meta']
[0.569s] Level 1:colcon.colcon_core.package_identification:_identify(.) by extension 'colcon_meta'
[0.569s] Level 1:colcon.colcon_core.package_identification:_identify(.) by extensions ['ros']
[0.569s] Level 1:colcon.colcon_core.package_identification:_identify(.) by extension 'ros'
[0.607s] Level 1:colcon.colcon_core.package_identification:_identify(.) by extensions ['cmake', 'python']
[0.607s] Level 1:colcon.colcon_core.package_identification:_identify(.) by extension 'cmake'
[0.607s] Level 1:colcon.colcon_core.package_identification:_identify(.) by extension 'python'
[0.607s] Level 1:colcon.colcon_core.package_identification:_identify(.) by extensions ['python_setup_py']
[0.607s] Level 1:colcon.colcon_core.package_identification:_identify(.) by extension 'python_setup_py'
[0.608s] Level 1:colcon.colcon_core.package_identification:_identify(build) by extensions ['ignore', 'ignore_ament_install']
[0.608s] Level 1:colcon.colcon_core.package_identification:_identify(build) by extension 'ignore'
[0.608s] Level 1:colcon.colcon_core.package_identification:_identify(build) ignored
[0.608s] Level 1:colcon.colcon_core.package_identification:_identify(install) by extensions ['ignore', 'ignore_ament_install']
[0.608s] Level 1:colcon.colcon_core.package_identification:_identify(install) by extension 'ignore'
[0.608s] Level 1:colcon.colcon_core.package_identification:_identify(install) ignored
[0.609s] Level 1:colcon.colcon_core.package_identification:_identify(log) by extensions ['ignore', 'ignore_ament_install']
[0.609s] Level 1:colcon.colcon_core.package_identification:_identify(log) by extension 'ignore'
[0.609s] Level 1:colcon.colcon_core.package_identification:_identify(log) ignored
[0.609s] Level 1:colcon.colcon_core.package_identification:_identify(src) by extensions ['ignore', 'ignore_ament_install']
[0.609s] Level 1:colcon.colcon_core.package_identification:_identify(src) by extension 'ignore'
[0.609s] Level 1:colcon.colcon_core.package_identification:_identify(src) by extension 'ignore_ament_install'
[0.609s] Level 1:colcon.colcon_core.package_identification:_identify(src) by extensions ['colcon_pkg']
[0.609s] Level 1:colcon.colcon_core.package_identification:_identify(src) by extension 'colcon_pkg'
[0.609s] Level 1:colcon.colcon_core.package_identification:_identify(src) by extensions ['colcon_meta']
[0.610s] Level 1:colcon.colcon_core.package_identification:_identify(src) by extension 'colcon_meta'
[0.610s] Level 1:colcon.colcon_core.package_identification:_identify(src) by extensions ['ros']
[0.610s] Level 1:colcon.colcon_core.package_identification:_identify(src) by extension 'ros'
[0.610s] Level 1:colcon.colcon_core.package_identification:_identify(src) by extensions ['cmake', 'python']
[0.610s] Level 1:colcon.colcon_core.package_identification:_identify(src) by extension 'cmake'
[0.610s] Level 1:colcon.colcon_core.package_identification:_identify(src) by extension 'python'
[0.610s] Level 1:colcon.colcon_core.package_identification:_identify(src) by extensions ['python_setup_py']
[0.610s] Level 1:colcon.colcon_core.package_identification:_identify(src) by extension 'python_setup_py'
[0.610s] Level 1:colcon.colcon_core.package_identification:_identify(src/ros2_learners) by extensions ['ignore', 'ignore_ament_install']
[0.610s] Level 1:colcon.colcon_core.package_identification:_identify(src/ros2_learners) by extension 'ignore'
[0.610s] Level 1:colcon.colcon_core.package_identification:_identify(src/ros2_learners) by extension 'ignore_ament_install'
[0.610s] Level 1:colcon.colcon_core.package_identification:_identify(src/ros2_learners) by extensions ['colcon_pkg']
[0.611s] Level 1:colcon.colcon_core.package_identification:_identify(src/ros2_learners) by extension 'colcon_pkg'
[0.611s] Level 1:colcon.colcon_core.package_identification:_identify(src/ros2_learners) by extensions ['colcon_meta']
[0.611s] Level 1:colcon.colcon_core.package_identification:_identify(src/ros2_learners) by extension 'colcon_meta'
[0.611s] Level 1:colcon.colcon_core.package_identification:_identify(src/ros2_learners) by extensions ['ros']
[0.611s] Level 1:colcon.colcon_core.package_identification:_identify(src/ros2_learners) by extension 'ros'
[0.611s] Level 1:colcon.colcon_core.package_identification:_identify(src/ros2_learners) by extensions ['cmake', 'python']
[0.611s] Level 1:colcon.colcon_core.package_identification:_identify(src/ros2_learners) by extension 'cmake'
[0.611s] Level 1:colcon.colcon_core.package_identification:_identify(src/ros2_learners) by extension 'python'
[0.611s] Level 1:colcon.colcon_core.package_identification:_identify(src/ros2_learners) by extensions ['python_setup_py']
[0.611s] Level 1:colcon.colcon_core.package_identification:_identify(src/ros2_learners) by extension 'python_setup_py'
[0.611s] Level 1:colcon.colcon_core.package_identification:_identify(src/ros2_learners/ai_assitance) by extensions ['ignore', 'ignore_ament_install']
[0.611s] Level 1:colcon.colcon_core.package_identification:_identify(src/ros2_learners/ai_assitance) by extension 'ignore'
[0.611s] Level 1:colcon.colcon_core.package_identification:_identify(src/ros2_learners/ai_assitance) by extension 'ignore_ament_install'
[0.612s] Level 1:colcon.colcon_core.package_identification:_identify(src/ros2_learners/ai_assitance) by extensions ['colcon_pkg']
[0.612s] Level 1:colcon.colcon_core.package_identification:_identify(src/ros2_learners/ai_assitance) by extension 'colcon_pkg'
[0.612s] Level 1:colcon.colcon_core.package_identification:_identify(src/ros2_learners/ai_assitance) by extensions ['colcon_meta']
[0.612s] Level 1:colcon.colcon_core.package_identification:_identify(src/ros2_learners/ai_assitance) by extension 'colcon_meta'
[0.612s] Level 1:colcon.colcon_core.package_identification:_identify(src/ros2_learners/ai_assitance) by extensions ['ros']
[0.612s] Level 1:colcon.colcon_core.package_identification:_identify(src/ros2_learners/ai_assitance) by extension 'ros'
[0.615s] DEBUG:colcon.colcon_core.package_identification:Package 'src/ros2_learners/ai_assitance' with type 'ros.ament_python' and name 'ai_assitance'
[0.616s] Level 1:colcon.colcon_core.package_identification:_identify(src/ros2_learners/navigation_tb3) by extensions ['ignore', 'ignore_ament_install']
[0.616s] Level 1:colcon.colcon_core.package_identification:_identify(src/ros2_learners/navigation_tb3) by extension 'ignore'
[0.616s] Level 1:colcon.colcon_core.package_identification:_identify(src/ros2_learners/navigation_tb3) by extension 'ignore_ament_install'
[0.616s] Level 1:colcon.colcon_core.package_identification:_identify(src/ros2_learners/navigation_tb3) by extensions ['colcon_pkg']
[0.616s] Level 1:colcon.colcon_core.package_identification:_identify(src/ros2_learners/navigation_tb3) by extension 'colcon_pkg'
[0.616s] Level 1:colcon.colcon_core.package_identification:_identify(src/ros2_learners/navigation_tb3) by extensions ['colcon_meta']
[0.616s] Level 1:colcon.colcon_core.package_identification:_identify(src/ros2_learners/navigation_tb3) by extension 'colcon_meta'
[0.616s] Level 1:colcon.colcon_core.package_identification:_identify(src/ros2_learners/navigation_tb3) by extensions ['ros']
[0.616s] Level 1:colcon.colcon_core.package_identification:_identify(src/ros2_learners/navigation_tb3) by extension 'ros'
[0.617s] DEBUG:colcon.colcon_core.package_identification:Package 'src/ros2_learners/navigation_tb3' with type 'ros.ament_cmake' and name 'navigation_tb3'
[0.618s] Level 1:colcon.colcon_core.package_identification:_identify(src/ros2_learners/nodes) by extensions ['ignore', 'ignore_ament_install']
[0.618s] Level 1:colcon.colcon_core.package_identification:_identify(src/ros2_learners/nodes) by extension 'ignore'
[0.618s] Level 1:colcon.colcon_core.package_identification:_identify(src/ros2_learners/nodes) by extension 'ignore_ament_install'
[0.618s] Level 1:colcon.colcon_core.package_identification:_identify(src/ros2_learners/nodes) by extensions ['colcon_pkg']
[0.618s] Level 1:colcon.colcon_core.package_identification:_identify(src/ros2_learners/nodes) by extension 'colcon_pkg'
[0.618s] Level 1:colcon.colcon_core.package_identification:_identify(src/ros2_learners/nodes) by extensions ['colcon_meta']
[0.618s] Level 1:colcon.colcon_core.package_identification:_identify(src/ros2_learners/nodes) by extension 'colcon_meta'
[0.618s] Level 1:colcon.colcon_core.package_identification:_identify(src/ros2_learners/nodes) by extensions ['ros']
[0.618s] Level 1:colcon.colcon_core.package_identification:_identify(src/ros2_learners/nodes) by extension 'ros'
[0.620s] DEBUG:colcon.colcon_core.package_identification:Package 'src/ros2_learners/nodes' with type 'ros.ament_cmake' and name 'nodes'
[0.621s] Level 1:colcon.colcon_core.package_identification:_identify(src/ros2_learners/point_cloud_perception) by extensions ['ignore', 'ignore_ament_install']
[0.621s] Level 1:colcon.colcon_core.package_identification:_identify(src/ros2_learners/point_cloud_perception) by extension 'ignore'
[0.621s] Level 1:colcon.colcon_core.package_identification:_identify(src/ros2_learners/point_cloud_perception) by extension 'ignore_ament_install'
[0.622s] Level 1:colcon.colcon_core.package_identification:_identify(src/ros2_learners/point_cloud_perception) by extensions ['colcon_pkg']
[0.622s] Level 1:colcon.colcon_core.package_identification:_identify(src/ros2_learners/point_cloud_perception) by extension 'colcon_pkg'
[0.622s] Level 1:colcon.colcon_core.package_identification:_identify(src/ros2_learners/point_cloud_perception) by extensions ['colcon_meta']
[0.622s] Level 1:colcon.colcon_core.package_identification:_identify(src/ros2_learners/point_cloud_perception) by extension 'colcon_meta'
[0.622s] Level 1:colcon.colcon_core.package_identification:_identify(src/ros2_learners/point_cloud_perception) by extensions ['ros']
[0.622s] Level 1:colcon.colcon_core.package_identification:_identify(src/ros2_learners/point_cloud_perception) by extension 'ros'
[0.624s] DEBUG:colcon.colcon_core.package_identification:Package 'src/ros2_learners/point_cloud_perception' with type 'ros.ament_cmake' and name 'point_cloud_perception'
[0.624s] Level 1:colcon.colcon_core.package_identification:_identify(src/ros2_learners/resources) by extensions ['ignore', 'ignore_ament_install']
[0.624s] Level 1:colcon.colcon_core.package_identification:_identify(src/ros2_learners/resources) by extension 'ignore'
[0.624s] Level 1:colcon.colcon_core.package_identification:_identify(src/ros2_learners/resources) by extension 'ignore_ament_install'
[0.625s] Level 1:colcon.colcon_core.package_identification:_identify(src/ros2_learners/resources) by extensions ['colcon_pkg']
[0.625s] Level 1:colcon.colcon_core.package_identification:_identify(src/ros2_learners/resources) by extension 'colcon_pkg'
[0.625s] Level 1:colcon.colcon_core.package_identification:_identify(src/ros2_learners/resources) by extensions ['colcon_meta']
[0.625s] Level 1:colcon.colcon_core.package_identification:_identify(src/ros2_learners/resources) by extension 'colcon_meta'
[0.625s] Level 1:colcon.colcon_core.package_identification:_identify(src/ros2_learners/resources) by extensions ['ros']
[0.625s] Level 1:colcon.colcon_core.package_identification:_identify(src/ros2_learners/resources) by extension 'ros'
[0.625s] Level 1:colcon.colcon_core.package_identification:_identify(src/ros2_learners/resources) by extensions ['cmake', 'python']
[0.625s] Level 1:colcon.colcon_core.package_identification:_identify(src/ros2_learners/resources) by extension 'cmake'
[0.625s] Level 1:colcon.colcon_core.package_identification:_identify(src/ros2_learners/resources) by extension 'python'
[0.625s] Level 1:colcon.colcon_core.package_identification:_identify(src/ros2_learners/resources) by extensions ['python_setup_py']
[0.625s] Level 1:colcon.colcon_core.package_identification:_identify(src/ros2_learners/resources) by extension 'python_setup_py'
[0.625s] Level 1:colcon.colcon_core.package_identification:_identify(src/ros2_learners/robot_math) by extensions ['ignore', 'ignore_ament_install']
[0.626s] Level 1:colcon.colcon_core.package_identification:_identify(src/ros2_learners/robot_math) by extension 'ignore'
[0.626s] Level 1:colcon.colcon_core.package_identification:_identify(src/ros2_learners/robot_math) by extension 'ignore_ament_install'
[0.626s] Level 1:colcon.colcon_core.package_identification:_identify(src/ros2_learners/robot_math) by extensions ['colcon_pkg']
[0.626s] Level 1:colcon.colcon_core.package_identification:_identify(src/ros2_learners/robot_math) by extension 'colcon_pkg'
[0.626s] Level 1:colcon.colcon_core.package_identification:_identify(src/ros2_learners/robot_math) by extensions ['colcon_meta']
[0.626s] Level 1:colcon.colcon_core.package_identification:_identify(src/ros2_learners/robot_math) by extension 'colcon_meta'
[0.626s] Level 1:colcon.colcon_core.package_identification:_identify(src/ros2_learners/robot_math) by extensions ['ros']
[0.626s] Level 1:colcon.colcon_core.package_identification:_identify(src/ros2_learners/robot_math) by extension 'ros'
[0.627s] DEBUG:colcon.colcon_core.package_identification:Package 'src/ros2_learners/robot_math' with type 'ros.ament_python' and name 'robot_math'
[0.627s] Level 1:colcon.colcon_core.package_identification:_identify(src/ros2_learners/transforms) by extensions ['ignore', 'ignore_ament_install']
[0.627s] Level 1:colcon.colcon_core.package_identification:_identify(src/ros2_learners/transforms) by extension 'ignore'
[0.627s] Level 1:colcon.colcon_core.package_identification:_identify(src/ros2_learners/transforms) by extension 'ignore_ament_install'
[0.627s] Level 1:colcon.colcon_core.package_identification:_identify(src/ros2_learners/transforms) by extensions ['colcon_pkg']
[0.627s] Level 1:colcon.colcon_core.package_identification:_identify(src/ros2_learners/transforms) by extension 'colcon_pkg'
[0.628s] Level 1:colcon.colcon_core.package_identification:_identify(src/ros2_learners/transforms) by extensions ['colcon_meta']
[0.628s] Level 1:colcon.colcon_core.package_identification:_identify(src/ros2_learners/transforms) by extension 'colcon_meta'
[0.628s] Level 1:colcon.colcon_core.package_identification:_identify(src/ros2_learners/transforms) by extensions ['ros']
[0.628s] Level 1:colcon.colcon_core.package_identification:_identify(src/ros2_learners/transforms) by extension 'ros'
[0.628s] DEBUG:colcon.colcon_core.package_identification:Package 'src/ros2_learners/transforms' with type 'ros.ament_cmake' and name 'transforms'
[0.629s] Level 1:colcon.colcon_core.package_identification:_identify(src/rrt_navigation) by extensions ['ignore', 'ignore_ament_install']
[0.629s] Level 1:colcon.colcon_core.package_identification:_identify(src/rrt_navigation) by extension 'ignore'
[0.629s] Level 1:colcon.colcon_core.package_identification:_identify(src/rrt_navigation) by extension 'ignore_ament_install'
[0.629s] Level 1:colcon.colcon_core.package_identification:_identify(src/rrt_navigation) by extensions ['colcon_pkg']
[0.629s] Level 1:colcon.colcon_core.package_identification:_identify(src/rrt_navigation) by extension 'colcon_pkg'
[0.629s] Level 1:colcon.colcon_core.package_identification:_identify(src/rrt_navigation) by extensions ['colcon_meta']
[0.629s] Level 1:colcon.colcon_core.package_identification:_identify(src/rrt_navigation) by extension 'colcon_meta'
[0.629s] Level 1:colcon.colcon_core.package_identification:_identify(src/rrt_navigation) by extensions ['ros']
[0.629s] Level 1:colcon.colcon_core.package_identification:_identify(src/rrt_navigation) by extension 'ros'
[0.630s] DEBUG:colcon.colcon_core.package_identification:Package 'src/rrt_navigation' with type 'ros.ament_python' and name 'rrt_navigation'
[0.630s] Level 1:colcon.colcon_core.package_discovery:discover_packages(recursive) using defaults
[0.630s] Level 1:colcon.colcon_core.package_discovery:discover_packages(ignore) discover
[0.630s] Level 1:colcon.colcon_core.package_discovery:discover_packages(ignore) using defaults
[0.630s] Level 1:colcon.colcon_core.package_discovery:discover_packages(path) discover
[0.630s] Level 1:colcon.colcon_core.package_discovery:discover_packages(path) using defaults
[0.665s] Level 1:colcon.colcon_core.package_discovery:discover_packages(prefix_path) check parameters
[0.665s] Level 1:colcon.colcon_core.package_discovery:discover_packages(prefix_path) discover
[0.668s] DEBUG:colcon.colcon_installed_package_information.package_discovery:Found 9 installed packages in /home/elizabeth_s/ros2_ws/install
[0.671s] DEBUG:colcon.colcon_installed_package_information.package_discovery:Found 414 installed packages in /opt/ros/humble
[0.675s] Level 1:colcon.colcon_core.package_discovery:discover_packages(prefix_path) using defaults
[0.743s] Level 5:colcon.colcon_core.verb:set package 'ai_assitance' build argument 'cmake_args' from command line to 'None'
[0.743s] Level 5:colcon.colcon_core.verb:set package 'ai_assitance' build argument 'cmake_target' from command line to 'None'
[0.743s] Level 5:colcon.colcon_core.verb:set package 'ai_assitance' build argument 'cmake_target_skip_unavailable' from command line to 'False'
[0.743s] Level 5:colcon.colcon_core.verb:set package 'ai_assitance' build argument 'cmake_clean_cache' from command line to 'False'
[0.743s] Level 5:colcon.colcon_core.verb:set package 'ai_assitance' build argument 'cmake_clean_first' from command line to 'False'
[0.743s] Level 5:colcon.colcon_core.verb:set package 'ai_assitance' build argument 'cmake_force_configure' from command line to 'False'
[0.743s] Level 5:colcon.colcon_core.verb:set package 'ai_assitance' build argument 'ament_cmake_args' from command line to 'None'
[0.743s] Level 5:colcon.colcon_core.verb:set package 'ai_assitance' build argument 'catkin_cmake_args' from command line to 'None'
[0.743s] Level 5:colcon.colcon_core.verb:set package 'ai_assitance' build argument 'catkin_skip_building_tests' from command line to 'False'
[0.743s] DEBUG:colcon.colcon_core.verb:Building package 'ai_assitance' with the following arguments: {'ament_cmake_args': None, 'build_base': '/home/elizabeth_s/ros2_ws/build/ai_assitance', 'catkin_cmake_args': None, 'catkin_skip_building_tests': False, 'cmake_args': None, 'cmake_clean_cache': False, 'cmake_clean_first': False, 'cmake_force_configure': False, 'cmake_target': None, 'cmake_target_skip_unavailable': False, 'install_base': '/home/elizabeth_s/ros2_ws/install/ai_assitance', 'merge_install': False, 'path': '/home/elizabeth_s/ros2_ws/src/ros2_learners/ai_assitance', 'symlink_install': False, 'test_result_base': None}
[0.744s] Level 5:colcon.colcon_core.verb:set package 'navigation_tb3' build argument 'cmake_args' from command line to 'None'
[0.744s] Level 5:colcon.colcon_core.verb:set package 'navigation_tb3' build argument 'cmake_target' from command line to 'None'
[0.744s] Level 5:colcon.colcon_core.verb:set package 'navigation_tb3' build argument 'cmake_target_skip_unavailable' from command line to 'False'
[0.744s] Level 5:colcon.colcon_core.verb:set package 'navigation_tb3' build argument 'cmake_clean_cache' from command line to 'False'
[0.744s] Level 5:colcon.colcon_core.verb:set package 'navigation_tb3' build argument 'cmake_clean_first' from command line to 'False'
[0.744s] Level 5:colcon.colcon_core.verb:set package 'navigation_tb3' build argument 'cmake_force_configure' from command line to 'False'
[0.744s] Level 5:colcon.colcon_core.verb:set package 'navigation_tb3' build argument 'ament_cmake_args' from command line to 'None'
[0.744s] Level 5:colcon.colcon_core.verb:set package 'navigation_tb3' build argument 'catkin_cmake_args' from command line to 'None'
[0.744s] Level 5:colcon.colcon_core.verb:set package 'navigation_tb3' build argument 'catkin_skip_building_tests' from command line to 'False'
[0.744s] DEBUG:colcon.colcon_core.verb:Building package 'navigation_tb3' with the following arguments: {'ament_cmake_args': None, 'build_base': '/home/elizabeth_s/ros2_ws/build/navigation_tb3', 'catkin_cmake_args': None, 'catkin_skip_building_tests': False, 'cmake_args': None, 'cmake_clean_cache': False, 'cmake_clean_first': False, 'cmake_force_configure': False, 'cmake_target': None, 'cmake_target_skip_unavailable': False, 'install_base': '/home/elizabeth_s/ros2_ws/install/navigation_tb3', 'merge_install': False, 'path': '/home/elizabeth_s/ros2_ws/src/ros2_learners/navigation_tb3', 'symlink_install': False, 'test_result_base': None}
[0.744s] Level 5:colcon.colcon_core.verb:set package 'nodes' build argument 'cmake_args' from command line to 'None'
[0.744s] Level 5:colcon.colcon_core.verb:set package 'nodes' build argument 'cmake_target' from command line to 'None'
[0.744s] Level 5:colcon.colcon_core.verb:set package 'nodes' build argument 'cmake_target_skip_unavailable' from command line to 'False'
[0.744s] Level 5:colcon.colcon_core.verb:set package 'nodes' build argument 'cmake_clean_cache' from command line to 'False'
[0.744s] Level 5:colcon.colcon_core.verb:set package 'nodes' build argument 'cmake_clean_first' from command line to 'False'
[0.744s] Level 5:colcon.colcon_core.verb:set package 'nodes' build argument 'cmake_force_configure' from command line to 'False'
[0.744s] Level 5:colcon.colcon_core.verb:set package 'nodes' build argument 'ament_cmake_args' from command line to 'None'
[0.744s] Level 5:colcon.colcon_core.verb:set package 'nodes' build argument 'catkin_cmake_args' from command line to 'None'
[0.744s] Level 5:colcon.colcon_core.verb:set package 'nodes' build argument 'catkin_skip_building_tests' from command line to 'False'
[0.745s] DEBUG:colcon.colcon_core.verb:Building package 'nodes' with the following arguments: {'ament_cmake_args': None, 'build_base': '/home/elizabeth_s/ros2_ws/build/nodes', 'catkin_cmake_args': None, 'catkin_skip_building_tests': False, 'cmake_args': None, 'cmake_clean_cache': False, 'cmake_clean_first': False, 'cmake_force_configure': False, 'cmake_target': None, 'cmake_target_skip_unavailable': False, 'install_base': '/home/elizabeth_s/ros2_ws/install/nodes', 'merge_install': False, 'path': '/home/elizabeth_s/ros2_ws/src/ros2_learners/nodes', 'symlink_install': False, 'test_result_base': None}
[0.745s] Level 5:colcon.colcon_core.verb:set package 'point_cloud_perception' build argument 'cmake_args' from command line to 'None'
[0.745s] Level 5:colcon.colcon_core.verb:set package 'point_cloud_perception' build argument 'cmake_target' from command line to 'None'
[0.745s] Level 5:colcon.colcon_core.verb:set package 'point_cloud_perception' build argument 'cmake_target_skip_unavailable' from command line to 'False'
[0.745s] Level 5:colcon.colcon_core.verb:set package 'point_cloud_perception' build argument 'cmake_clean_cache' from command line to 'False'
[0.745s] Level 5:colcon.colcon_core.verb:set package 'point_cloud_perception' build argument 'cmake_clean_first' from command line to 'False'
[0.745s] Level 5:colcon.colcon_core.verb:set package 'point_cloud_perception' build argument 'cmake_force_configure' from command line to 'False'
[0.745s] Level 5:colcon.colcon_core.verb:set package 'point_cloud_perception' build argument 'ament_cmake_args' from command line to 'None'
[0.745s] Level 5:colcon.colcon_core.verb:set package 'point_cloud_perception' build argument 'catkin_cmake_args' from command line to 'None'
[0.745s] Level 5:colcon.colcon_core.verb:set package 'point_cloud_perception' build argument 'catkin_skip_building_tests' from command line to 'False'
[0.745s] DEBUG:colcon.colcon_core.verb:Building package 'point_cloud_perception' with the following arguments: {'ament_cmake_args': None, 'build_base': '/home/elizabeth_s/ros2_ws/build/point_cloud_perception', 'catkin_cmake_args': None, 'catkin_skip_building_tests': False, 'cmake_args': None, 'cmake_clean_cache': False, 'cmake_clean_first': False, 'cmake_force_configure': False, 'cmake_target': None, 'cmake_target_skip_unavailable': False, 'install_base': '/home/elizabeth_s/ros2_ws/install/point_cloud_perception', 'merge_install': False, 'path': '/home/elizabeth_s/ros2_ws/src/ros2_learners/point_cloud_perception', 'symlink_install': False, 'test_result_base': None}
[0.745s] Level 5:colcon.colcon_core.verb:set package 'robot_math' build argument 'cmake_args' from command line to 'None'
[0.745s] Level 5:colcon.colcon_core.verb:set package 'robot_math' build argument 'cmake_target' from command line to 'None'
[0.746s] Level 5:colcon.colcon_core.verb:set package 'robot_math' build argument 'cmake_target_skip_unavailable' from command line to 'False'
[0.746s] Level 5:colcon.colcon_core.verb:set package 'robot_math' build argument 'cmake_clean_cache' from command line to 'False'
[0.746s] Level 5:colcon.colcon_core.verb:set package 'robot_math' build argument 'cmake_clean_first' from command line to 'False'
[0.746s] Level 5:colcon.colcon_core.verb:set package 'robot_math' build argument 'cmake_force_configure' from command line to 'False'
[0.746s] Level 5:colcon.colcon_core.verb:set package 'robot_math' build argument 'ament_cmake_args' from command line to 'None'
[0.746s] Level 5:colcon.colcon_core.verb:set package 'robot_math' build argument 'catkin_cmake_args' from command line to 'None'
[0.746s] Level 5:colcon.colcon_core.verb:set package 'robot_math' build argument 'catkin_skip_building_tests' from command line to 'False'
[0.746s] DEBUG:colcon.colcon_core.verb:Building package 'robot_math' with the following arguments: {'ament_cmake_args': None, 'build_base': '/home/elizabeth_s/ros2_ws/build/robot_math', 'catkin_cmake_args': None, 'catkin_skip_building_tests': False, 'cmake_args': None, 'cmake_clean_cache': False, 'cmake_clean_first': False, 'cmake_force_configure': False, 'cmake_target': None, 'cmake_target_skip_unavailable': False, 'install_base': '/home/elizabeth_s/ros2_ws/install/robot_math', 'merge_install': False, 'path': '/home/elizabeth_s/ros2_ws/src/ros2_learners/robot_math', 'symlink_install': False, 'test_result_base': None}
[0.746s] Level 5:colcon.colcon_core.verb:set package 'rrt_navigation' build argument 'cmake_args' from command line to 'None'
[0.746s] Level 5:colcon.colcon_core.verb:set package 'rrt_navigation' build argument 'cmake_target' from command line to 'None'
[0.746s] Level 5:colcon.colcon_core.verb:set package 'rrt_navigation' build argument 'cmake_target_skip_unavailable' from command line to 'False'
[0.746s] Level 5:colcon.colcon_core.verb:set package 'rrt_navigation' build argument 'cmake_clean_cache' from command line to 'False'
[0.746s] Level 5:colcon.colcon_core.verb:set package 'rrt_navigation' build argument 'cmake_clean_first' from command line to 'False'
[0.746s] Level 5:colcon.colcon_core.verb:set package 'rrt_navigation' build argument 'cmake_force_configure' from command line to 'False'
[0.746s] Level 5:colcon.colcon_core.verb:set package 'rrt_navigation' build argument 'ament_cmake_args' from command line to 'None'
[0.746s] Level 5:colcon.colcon_core.verb:set package 'rrt_navigation' build argument 'catkin_cmake_args' from command line to 'None'
[0.746s] Level 5:colcon.colcon_core.verb:set package 'rrt_navigation' build argument 'catkin_skip_building_tests' from command line to 'False'
[0.746s] DEBUG:colcon.colcon_core.verb:Building package 'rrt_navigation' with the following arguments: {'ament_cmake_args': None, 'build_base': '/home/elizabeth_s/ros2_ws/build/rrt_navigation', 'catkin_cmake_args': None, 'catkin_skip_building_tests': False, 'cmake_args': None, 'cmake_clean_cache': False, 'cmake_clean_first': False, 'cmake_force_configure': False, 'cmake_target': None, 'cmake_target_skip_unavailable': False, 'install_base': '/home/elizabeth_s/ros2_ws/install/rrt_navigation', 'merge_install': False, 'path': '/home/elizabeth_s/ros2_ws/src/rrt_navigation', 'symlink_install': False, 'test_result_base': None}
[0.747s] Level 5:colcon.colcon_core.verb:set package 'transforms' build argument 'cmake_args' from command line to 'None'
[0.747s] Level 5:colcon.colcon_core.verb:set package 'transforms' build argument 'cmake_target' from command line to 'None'
[0.747s] Level 5:colcon.colcon_core.verb:set package 'transforms' build argument 'cmake_target_skip_unavailable' from command line to 'False'
[0.747s] Level 5:colcon.colcon_core.verb:set package 'transforms' build argument 'cmake_clean_cache' from command line to 'False'
[0.747s] Level 5:colcon.colcon_core.verb:set package 'transforms' build argument 'cmake_clean_first' from command line to 'False'
[0.747s] Level 5:colcon.colcon_core.verb:set package 'transforms' build argument 'cmake_force_configure' from command line to 'False'
[0.747s] Level 5:colcon.colcon_core.verb:set package 'transforms' build argument 'ament_cmake_args' from command line to 'None'
[0.747s] Level 5:colcon.colcon_core.verb:set package 'transforms' build argument 'catkin_cmake_args' from command line to 'None'
[0.747s] Level 5:colcon.colcon_core.verb:set package 'transforms' build argument 'catkin_skip_building_tests' from command line to 'False'
[0.747s] DEBUG:colcon.colcon_core.verb:Building package 'transforms' with the following arguments: {'ament_cmake_args': None, 'build_base': '/home/elizabeth_s/ros2_ws/build/transforms', 'catkin_cmake_args': None, 'catkin_skip_building_tests': False, 'cmake_args': None, 'cmake_clean_cache': False, 'cmake_clean_first': False, 'cmake_force_configure': False, 'cmake_target': None, 'cmake_target_skip_unavailable': False, 'install_base': '/home/elizabeth_s/ros2_ws/install/transforms', 'merge_install': False, 'path': '/home/elizabeth_s/ros2_ws/src/ros2_learners/transforms', 'symlink_install': False, 'test_result_base': None}
[0.747s] INFO:colcon.colcon_core.executor:Executing jobs using 'parallel' executor
[0.749s] DEBUG:colcon.colcon_parallel_executor.executor.parallel:run_until_complete
[0.749s] INFO:colcon.colcon_ros.task.ament_python.build:Building ROS package in '/home/elizabeth_s/ros2_ws/src/ros2_learners/ai_assitance' with build type 'ament_python'
[0.749s] Level 1:colcon.colcon_core.shell:create_environment_hook('ai_assitance', 'ament_prefix_path')
[0.751s] INFO:colcon.colcon_core.plugin_system:Skipping extension 'colcon_core.shell.bat': Not used on non-Windows systems
[0.752s] INFO:colcon.colcon_core.shell:Creating environment hook '/home/elizabeth_s/ros2_ws/install/ai_assitance/share/ai_assitance/hook/ament_prefix_path.ps1'
[0.754s] INFO:colcon.colcon_core.shell:Creating environment descriptor '/home/elizabeth_s/ros2_ws/install/ai_assitance/share/ai_assitance/hook/ament_prefix_path.dsv'
[0.755s] INFO:colcon.colcon_core.shell:Creating environment hook '/home/elizabeth_s/ros2_ws/install/ai_assitance/share/ai_assitance/hook/ament_prefix_path.sh'
[0.757s] INFO:colcon.colcon_core.shell:Skip shell extension 'powershell' for command environment: Not usable outside of PowerShell
[0.757s] DEBUG:colcon.colcon_core.shell:Skip shell extension 'dsv' for command environment
[0.762s] INFO:colcon.colcon_ros.task.ament_cmake.build:Building ROS package in '/home/elizabeth_s/ros2_ws/src/ros2_learners/navigation_tb3' with build type 'ament_cmake'
[0.762s] INFO:colcon.colcon_cmake.task.cmake.build:Building CMake package in '/home/elizabeth_s/ros2_ws/src/ros2_learners/navigation_tb3'
[0.763s] INFO:colcon.colcon_core.shell:Skip shell extension 'powershell' for command environment: Not usable outside of PowerShell
[0.763s] DEBUG:colcon.colcon_core.shell:Skip shell extension 'dsv' for command environment
[0.768s] INFO:colcon.colcon_ros.task.ament_cmake.build:Building ROS package in '/home/elizabeth_s/ros2_ws/src/ros2_learners/nodes' with build type 'ament_cmake'
[0.768s] INFO:colcon.colcon_cmake.task.cmake.build:Building CMake package in '/home/elizabeth_s/ros2_ws/src/ros2_learners/nodes'
[0.769s] INFO:colcon.colcon_core.shell:Skip shell extension 'powershell' for command environment: Not usable outside of PowerShell
[0.769s] DEBUG:colcon.colcon_core.shell:Skip shell extension 'dsv' for command environment
[0.776s] INFO:colcon.colcon_ros.task.ament_cmake.build:Building ROS package in '/home/elizabeth_s/ros2_ws/src/ros2_learners/point_cloud_perception' with build type 'ament_cmake'
[0.777s] INFO:colcon.colcon_cmake.task.cmake.build:Building CMake package in '/home/elizabeth_s/ros2_ws/src/ros2_learners/point_cloud_perception'
[0.777s] INFO:colcon.colcon_core.shell:Skip shell extension 'powershell' for command environment: Not usable outside of PowerShell
[0.777s] DEBUG:colcon.colcon_core.shell:Skip shell extension 'dsv' for command environment
[0.783s] INFO:colcon.colcon_ros.task.ament_python.build:Building ROS package in '/home/elizabeth_s/ros2_ws/src/ros2_learners/robot_math' with build type 'ament_python'
[0.783s] Level 1:colcon.colcon_core.shell:create_environment_hook('robot_math', 'ament_prefix_path')
[0.783s] INFO:colcon.colcon_core.shell:Creating environment hook '/home/elizabeth_s/ros2_ws/install/robot_math/share/robot_math/hook/ament_prefix_path.ps1'
[0.784s] INFO:colcon.colcon_core.shell:Creating environment descriptor '/home/elizabeth_s/ros2_ws/install/robot_math/share/robot_math/hook/ament_prefix_path.dsv'
[0.785s] INFO:colcon.colcon_core.shell:Creating environment hook '/home/elizabeth_s/ros2_ws/install/robot_math/share/robot_math/hook/ament_prefix_path.sh'
[0.787s] INFO:colcon.colcon_core.shell:Skip shell extension 'powershell' for command environment: Not usable outside of PowerShell
[0.787s] DEBUG:colcon.colcon_core.shell:Skip shell extension 'dsv' for command environment
[0.794s] INFO:colcon.colcon_ros.task.ament_python.build:Building ROS package in '/home/elizabeth_s/ros2_ws/src/rrt_navigation' with build type 'ament_python'
[0.794s] Level 1:colcon.colcon_core.shell:create_environment_hook('rrt_navigation', 'ament_prefix_path')
[0.794s] INFO:colcon.colcon_core.shell:Creating environment hook '/home/elizabeth_s/ros2_ws/install/rrt_navigation/share/rrt_navigation/hook/ament_prefix_path.ps1'
[0.795s] INFO:colcon.colcon_core.shell:Creating environment descriptor '/home/elizabeth_s/ros2_ws/install/rrt_navigation/share/rrt_navigation/hook/ament_prefix_path.dsv'
[0.796s] INFO:colcon.colcon_core.shell:Creating environment hook '/home/elizabeth_s/ros2_ws/install/rrt_navigation/share/rrt_navigation/hook/ament_prefix_path.sh'
[0.796s] INFO:colcon.colcon_core.shell:Skip shell extension 'powershell' for command environment: Not usable outside of PowerShell
[0.796s] DEBUG:colcon.colcon_core.shell:Skip shell extension 'dsv' for command environment
[0.800s] INFO:colcon.colcon_ros.task.ament_cmake.build:Building ROS package in '/home/elizabeth_s/ros2_ws/src/ros2_learners/transforms' with build type 'ament_cmake'
[0.801s] INFO:colcon.colcon_cmake.task.cmake.build:Building CMake package in '/home/elizabeth_s/ros2_ws/src/ros2_learners/transforms'
[0.801s] INFO:colcon.colcon_core.shell:Skip shell extension 'powershell' for command environment: Not usable outside of PowerShell
[0.801s] DEBUG:colcon.colcon_core.shell:Skip shell extension 'dsv' for command environment
[1.306s] INFO:colcon.colcon_core.task.python.build:Building Python package in '/home/elizabeth_s/ros2_ws/src/ros2_learners/ai_assitance'
[1.307s] INFO:colcon.colcon_core.shell:Skip shell extension 'powershell' for command environment: Not usable outside of PowerShell
[1.307s] DEBUG:colcon.colcon_core.shell:Skip shell extension 'dsv' for command environment
[1.318s] DEBUG:colcon.colcon_core.event_handler.log_command:Invoking command in '/home/elizabeth_s/ros2_ws/build/navigation_tb3': CMAKE_PREFIX_PATH=${CMAKE_PREFIX_PATH}:/home/elizabeth_s/ros2_ws/install/robot_math:/home/elizabeth_s/ros2_ws/install/ai_assitance:/home/elizabeth_s/ros2_ws/install/open3d-detector:/home/elizabeth_s/ros2_ws/install/rrt_navigation:/opt/ros/humble /usr/bin/cmake --build /home/elizabeth_s/ros2_ws/build/navigation_tb3 -- -j8 -l8
[1.325s] DEBUG:colcon.colcon_core.event_handler.log_command:Invoking command in '/home/elizabeth_s/ros2_ws/build/nodes': CMAKE_PREFIX_PATH=${CMAKE_PREFIX_PATH}:/home/elizabeth_s/ros2_ws/install/robot_math:/home/elizabeth_s/ros2_ws/install/ai_assitance:/home/elizabeth_s/ros2_ws/install/open3d-detector:/home/elizabeth_s/ros2_ws/install/rrt_navigation:/opt/ros/humble /usr/bin/cmake --build /home/elizabeth_s/ros2_ws/build/nodes -- -j8 -l8
[1.331s] DEBUG:colcon.colcon_core.event_handler.log_command:Invoking command in '/home/elizabeth_s/ros2_ws/build/point_cloud_perception': CMAKE_PREFIX_PATH=${CMAKE_PREFIX_PATH}:/home/elizabeth_s/ros2_ws/install/robot_math:/home/elizabeth_s/ros2_ws/install/ai_assitance:/home/elizabeth_s/ros2_ws/install/open3d-detector:/home/elizabeth_s/ros2_ws/install/rrt_navigation:/opt/ros/humble /usr/bin/cmake --build /home/elizabeth_s/ros2_ws/build/point_cloud_perception -- -j8 -l8
[1.825s] INFO:colcon.colcon_core.task.python.build:Building Python package in '/home/elizabeth_s/ros2_ws/src/ros2_learners/robot_math'
[1.826s] INFO:colcon.colcon_core.shell:Skip shell extension 'powershell' for command environment: Not usable outside of PowerShell
[1.826s] DEBUG:colcon.colcon_core.shell:Skip shell extension 'dsv' for command environment
[2.367s] INFO:colcon.colcon_core.task.python.build:Building Python package in '/home/elizabeth_s/ros2_ws/src/rrt_navigation'
[2.368s] INFO:colcon.colcon_core.shell:Skip shell extension 'powershell' for command environment: Not usable outside of PowerShell
[2.368s] DEBUG:colcon.colcon_core.shell:Skip shell extension 'dsv' for command environment
[2.387s] DEBUG:colcon.colcon_core.event_handler.log_command:Invoking command in '/home/elizabeth_s/ros2_ws/build/transforms': CMAKE_PREFIX_PATH=${CMAKE_PREFIX_PATH}:/home/elizabeth_s/ros2_ws/install/robot_math:/home/elizabeth_s/ros2_ws/install/ai_assitance:/home/elizabeth_s/ros2_ws/install/open3d-detector:/home/elizabeth_s/ros2_ws/install/rrt_navigation:/opt/ros/humble /usr/bin/cmake --build /home/elizabeth_s/ros2_ws/build/transforms -- -j8 -l8
[2.390s] DEBUG:colcon.colcon_core.event_handler.log_command:Invoked command in '/home/elizabeth_s/ros2_ws/build/nodes' returned '2': CMAKE_PREFIX_PATH=${CMAKE_PREFIX_PATH}:/home/elizabeth_s/ros2_ws/install/robot_math:/home/elizabeth_s/ros2_ws/install/ai_assitance:/home/elizabeth_s/ros2_ws/install/open3d-detector:/home/elizabeth_s/ros2_ws/install/rrt_navigation:/opt/ros/humble /usr/bin/cmake --build /home/elizabeth_s/ros2_ws/build/nodes -- -j8 -l8
[2.391s] Level 1:colcon.colcon_core.environment:create_environment_scripts_only(nodes)
[2.396s] Level 1:colcon.colcon_core.environment:checking '/home/elizabeth_s/ros2_ws/install/nodes' for CMake module files
[2.397s] Level 1:colcon.colcon_core.environment:checking '/home/elizabeth_s/ros2_ws/install/nodes' for CMake config files
[2.397s] Level 1:colcon.colcon_core.shell:create_environment_hook('nodes', 'cmake_prefix_path')
[2.398s] INFO:colcon.colcon_core.shell:Creating environment hook '/home/elizabeth_s/ros2_ws/install/nodes/share/nodes/hook/cmake_prefix_path.ps1'
[2.398s] INFO:colcon.colcon_core.shell:Creating environment descriptor '/home/elizabeth_s/ros2_ws/install/nodes/share/nodes/hook/cmake_prefix_path.dsv'
[2.399s] INFO:colcon.colcon_core.shell:Creating environment hook '/home/elizabeth_s/ros2_ws/install/nodes/share/nodes/hook/cmake_prefix_path.sh'
[2.400s] Level 1:colcon.colcon_core.environment:checking '/home/elizabeth_s/ros2_ws/install/nodes/lib'
[2.400s] Level 1:colcon.colcon_core.environment:checking '/home/elizabeth_s/ros2_ws/install/nodes/bin'
[2.400s] Level 1:colcon.colcon_core.environment:checking '/home/elizabeth_s/ros2_ws/install/nodes/lib/pkgconfig/nodes.pc'
[2.400s] Level 1:colcon.colcon_core.environment:checking '/home/elizabeth_s/ros2_ws/install/nodes/lib/python3.10/site-packages'
[2.401s] Level 1:colcon.colcon_core.environment:checking '/home/elizabeth_s/ros2_ws/install/nodes/bin'
[2.401s] INFO:colcon.colcon_core.shell:Creating package script '/home/elizabeth_s/ros2_ws/install/nodes/share/nodes/package.ps1'
[2.402s] INFO:colcon.colcon_core.shell:Creating package descriptor '/home/elizabeth_s/ros2_ws/install/nodes/share/nodes/package.dsv'
[2.404s] INFO:colcon.colcon_core.shell:Creating package script '/home/elizabeth_s/ros2_ws/install/nodes/share/nodes/package.sh'
[2.407s] INFO:colcon.colcon_core.shell:Creating package script '/home/elizabeth_s/ros2_ws/install/nodes/share/nodes/package.bash'
[2.408s] INFO:colcon.colcon_core.shell:Creating package script '/home/elizabeth_s/ros2_ws/install/nodes/share/nodes/package.zsh'
[2.410s] Level 1:colcon.colcon_core.environment:create_file_with_runtime_dependencies(/home/elizabeth_s/ros2_ws/install/nodes/share/colcon-core/packages/nodes)
[2.411s] DEBUG:colcon.colcon_core.event_handler.log_command:Invoked command in '/home/elizabeth_s/ros2_ws/build/navigation_tb3' returned '2': CMAKE_PREFIX_PATH=${CMAKE_PREFIX_PATH}:/home/elizabeth_s/ros2_ws/install/robot_math:/home/elizabeth_s/ros2_ws/install/ai_assitance:/home/elizabeth_s/ros2_ws/install/open3d-detector:/home/elizabeth_s/ros2_ws/install/rrt_navigation:/opt/ros/humble /usr/bin/cmake --build /home/elizabeth_s/ros2_ws/build/navigation_tb3 -- -j8 -l8
[2.412s] Level 1:colcon.colcon_core.environment:create_environment_scripts_only(navigation_tb3)
[2.412s] Level 1:colcon.colcon_core.environment:checking '/home/elizabeth_s/ros2_ws/install/navigation_tb3' for CMake module files
[2.413s] Level 1:colcon.colcon_core.environment:checking '/home/elizabeth_s/ros2_ws/install/navigation_tb3' for CMake config files
[2.413s] Level 1:colcon.colcon_core.shell:create_environment_hook('navigation_tb3', 'cmake_prefix_path')
[2.414s] INFO:colcon.colcon_core.shell:Creating environment hook '/home/elizabeth_s/ros2_ws/install/navigation_tb3/share/navigation_tb3/hook/cmake_prefix_path.ps1'
[2.414s] INFO:colcon.colcon_core.shell:Creating environment descriptor '/home/elizabeth_s/ros2_ws/install/navigation_tb3/share/navigation_tb3/hook/cmake_prefix_path.dsv'
[2.415s] INFO:colcon.colcon_core.shell:Creating environment hook '/home/elizabeth_s/ros2_ws/install/navigation_tb3/share/navigation_tb3/hook/cmake_prefix_path.sh'
[2.417s] Level 1:colcon.colcon_core.environment:checking '/home/elizabeth_s/ros2_ws/install/navigation_tb3/lib'
[2.417s] Level 1:colcon.colcon_core.environment:checking '/home/elizabeth_s/ros2_ws/install/navigation_tb3/bin'
[2.417s] Level 1:colcon.colcon_core.environment:checking '/home/elizabeth_s/ros2_ws/install/navigation_tb3/lib/pkgconfig/navigation_tb3.pc'
[2.418s] Level 1:colcon.colcon_core.environment:checking '/home/elizabeth_s/ros2_ws/install/navigation_tb3/lib/python3.10/site-packages'
[2.418s] Level 1:colcon.colcon_core.environment:checking '/home/elizabeth_s/ros2_ws/install/navigation_tb3/bin'
[2.419s] INFO:colcon.colcon_core.shell:Creating package script '/home/elizabeth_s/ros2_ws/install/navigation_tb3/share/navigation_tb3/package.ps1'
[2.420s] INFO:colcon.colcon_core.shell:Creating package descriptor '/home/elizabeth_s/ros2_ws/install/navigation_tb3/share/navigation_tb3/package.dsv'
[2.422s] INFO:colcon.colcon_core.shell:Creating package script '/home/elizabeth_s/ros2_ws/install/navigation_tb3/share/navigation_tb3/package.sh'
[2.423s] INFO:colcon.colcon_core.shell:Creating package script '/home/elizabeth_s/ros2_ws/install/navigation_tb3/share/navigation_tb3/package.bash'
[2.424s] INFO:colcon.colcon_core.shell:Creating package script '/home/elizabeth_s/ros2_ws/install/navigation_tb3/share/navigation_tb3/package.zsh'
[2.425s] Level 1:colcon.colcon_core.environment:create_file_with_runtime_dependencies(/home/elizabeth_s/ros2_ws/install/navigation_tb3/share/colcon-core/packages/navigation_tb3)
[2.427s] Level 1:colcon.colcon_core.environment:create_environment_scripts_only(point_cloud_perception)
[2.427s] Level 1:colcon.colcon_core.environment:checking '/home/elizabeth_s/ros2_ws/install/point_cloud_perception' for CMake module files
[2.428s] DEBUG:colcon.colcon_core.event_handler.log_command:Invoked command in '/home/elizabeth_s/ros2_ws/build/point_cloud_perception' returned '2': CMAKE_PREFIX_PATH=${CMAKE_PREFIX_PATH}:/home/elizabeth_s/ros2_ws/install/robot_math:/home/elizabeth_s/ros2_ws/install/ai_assitance:/home/elizabeth_s/ros2_ws/install/open3d-detector:/home/elizabeth_s/ros2_ws/install/rrt_navigation:/opt/ros/humble /usr/bin/cmake --build /home/elizabeth_s/ros2_ws/build/point_cloud_perception -- -j8 -l8
[2.429s] Level 1:colcon.colcon_core.environment:checking '/home/elizabeth_s/ros2_ws/install/point_cloud_perception' for CMake config files
[2.429s] Level 1:colcon.colcon_core.shell:create_environment_hook('point_cloud_perception', 'cmake_prefix_path')
[2.429s] INFO:colcon.colcon_core.shell:Creating environment hook '/home/elizabeth_s/ros2_ws/install/point_cloud_perception/share/point_cloud_perception/hook/cmake_prefix_path.ps1'
[2.430s] INFO:colcon.colcon_core.shell:Creating environment descriptor '/home/elizabeth_s/ros2_ws/install/point_cloud_perception/share/point_cloud_perception/hook/cmake_prefix_path.dsv'
[2.430s] INFO:colcon.colcon_core.shell:Creating environment hook '/home/elizabeth_s/ros2_ws/install/point_cloud_perception/share/point_cloud_perception/hook/cmake_prefix_path.sh'
[2.431s] Level 1:colcon.colcon_core.environment:checking '/home/elizabeth_s/ros2_ws/install/point_cloud_perception/lib'
[2.431s] Level 1:colcon.colcon_core.environment:checking '/home/elizabeth_s/ros2_ws/install/point_cloud_perception/bin'
[2.431s] Level 1:colcon.colcon_core.environment:checking '/home/elizabeth_s/ros2_ws/install/point_cloud_perception/lib/pkgconfig/point_cloud_perception.pc'
[2.431s] Level 1:colcon.colcon_core.environment:checking '/home/elizabeth_s/ros2_ws/install/point_cloud_perception/lib/python3.10/site-packages'
[2.431s] Level 1:colcon.colcon_core.environment:checking '/home/elizabeth_s/ros2_ws/install/point_cloud_perception/bin'
[2.432s] INFO:colcon.colcon_core.shell:Creating package script '/home/elizabeth_s/ros2_ws/install/point_cloud_perception/share/point_cloud_perception/package.ps1'
[2.432s] INFO:colcon.colcon_core.shell:Creating package descriptor '/home/elizabeth_s/ros2_ws/install/point_cloud_perception/share/point_cloud_perception/package.dsv'
[2.433s] INFO:colcon.colcon_core.shell:Creating package script '/home/elizabeth_s/ros2_ws/install/point_cloud_perception/share/point_cloud_perception/package.sh'
[2.433s] INFO:colcon.colcon_core.shell:Creating package script '/home/elizabeth_s/ros2_ws/install/point_cloud_perception/share/point_cloud_perception/package.bash'
[2.434s] INFO:colcon.colcon_core.shell:Creating package script '/home/elizabeth_s/ros2_ws/install/point_cloud_perception/share/point_cloud_perception/package.zsh'
[2.434s] Level 1:colcon.colcon_core.environment:create_file_with_runtime_dependencies(/home/elizabeth_s/ros2_ws/install/point_cloud_perception/share/colcon-core/packages/point_cloud_perception)
[2.447s] DEBUG:colcon.colcon_parallel_executor.executor.parallel:closing loop
[2.448s] DEBUG:colcon.colcon_parallel_executor.executor.parallel:loop closed
[2.448s] DEBUG:colcon.colcon_parallel_executor.executor.parallel:run_until_complete finished with '2'
[2.448s] DEBUG:colcon.colcon_core.event_reactor:joining thread
[2.458s] INFO:colcon.colcon_core.plugin_system:Skipping extension 'colcon_notification.desktop_notification.terminal_notifier': Not used on non-Darwin systems
[2.459s] INFO:colcon.colcon_core.plugin_system:Skipping extension 'colcon_notification.desktop_notification.win32': Not used on non-Windows systems
[2.459s] INFO:colcon.colcon_notification.desktop_notification:Sending desktop notification using 'notify2'
[2.479s] DEBUG:colcon.colcon_core.event_reactor:joined thread
[2.480s] INFO:colcon.colcon_core.shell:Creating prefix script '/home/elizabeth_s/ros2_ws/install/local_setup.ps1'
[2.481s] INFO:colcon.colcon_core.shell:Creating prefix util module '/home/elizabeth_s/ros2_ws/install/_local_setup_util_ps1.py'
[2.483s] INFO:colcon.colcon_core.shell:Creating prefix chain script '/home/elizabeth_s/ros2_ws/install/setup.ps1'
[2.487s] INFO:colcon.colcon_core.shell:Creating prefix script '/home/elizabeth_s/ros2_ws/install/local_setup.sh'
[2.488s] INFO:colcon.colcon_core.shell:Creating prefix util module '/home/elizabeth_s/ros2_ws/install/_local_setup_util_sh.py'
[2.490s] INFO:colcon.colcon_core.shell:Creating prefix chain script '/home/elizabeth_s/ros2_ws/install/setup.sh'
[2.493s] INFO:colcon.colcon_core.shell:Creating prefix script '/home/elizabeth_s/ros2_ws/install/local_setup.bash'
[2.494s] INFO:colcon.colcon_core.shell:Creating prefix chain script '/home/elizabeth_s/ros2_ws/install/setup.bash'
[2.497s] INFO:colcon.colcon_core.shell:Creating prefix script '/home/elizabeth_s/ros2_ws/install/local_setup.zsh'
[2.498s] INFO:colcon.colcon_core.shell:Creating prefix chain script '/home/elizabeth_s/ros2_ws/install/setup.zsh'
