[0.138s] DEBUG:colcon:Command line arguments: ['/usr/bin/colcon', 'build']
[0.139s] DEBUG:colcon:Parsed command line arguments: Namespace(log_base=None, log_level=None, verb_name='build', build_base='build', install_base='install', merge_install=False, symlink_install=False, test_result_base=None, continue_on_error=False, executor='parallel', parallel_workers=8, event_handlers=None, ignore_user_meta=False, metas=['./colcon.meta'], base_paths=['.'], packages_ignore=None, packages_ignore_regex=None, paths=None, packages_up_to=None, packages_up_to_regex=None, packages_above=None, packages_above_and_dependencies=None, packages_above_depth=None, packages_select_by_dep=None, packages_skip_by_dep=None, packages_skip_up_to=None, packages_select_build_failed=False, packages_skip_build_finished=False, packages_select_test_failures=False, packages_skip_test_passed=False, packages_select=None, packages_skip=None, packages_select_regex=None, packages_skip_regex=None, packages_start=None, packages_end=None, allow_overriding=[], cmake_args=None, cmake_target=None, cmake_target_skip_unavailable=False, cmake_clean_cache=False, cmake_clean_first=False, cmake_force_configure=False, ament_cmake_args=None, catkin_cmake_args=None, catkin_skip_building_tests=False, mixin_files=None, mixin=None, verb_parser=<colcon_mixin.mixin.mixin_argument.MixinArgumentDecorator object at 0x71ba0ff9c370>, verb_extension=<colcon_core.verb.build.BuildVerb object at 0x71ba100b1360>, main=<bound method BuildVerb.main of <colcon_core.verb.build.BuildVerb object at 0x71ba100b1360>>, mixin_verb=('build',))
[0.325s] Level 1:colcon.colcon_core.package_discovery:discover_packages(colcon_meta) check parameters
[0.326s] Level 1:colcon.colcon_core.package_discovery:discover_packages(recursive) check parameters
[0.326s] Level 1:colcon.colcon_core.package_discovery:discover_packages(ignore) check parameters
[0.326s] Level 1:colcon.colcon_core.package_discovery:discover_packages(path) check parameters
[0.326s] Level 1:colcon.colcon_core.package_discovery:discover_packages(colcon_meta) discover
[0.326s] Level 1:colcon.colcon_core.package_discovery:discover_packages(recursive) discover
[0.326s] INFO:colcon.colcon_core.package_discovery:Crawling recursively for packages in '/home/elizabeth_s/ros2_ws'
[0.326s] Level 1:colcon.colcon_core.package_identification:_identify(.) by extensions ['ignore', 'ignore_ament_install']
[0.326s] Level 1:colcon.colcon_core.package_identification:_identify(.) by extension 'ignore'
[0.326s] Level 1:colcon.colcon_core.package_identification:_identify(.) by extension 'ignore_ament_install'
[0.326s] Level 1:colcon.colcon_core.package_identification:_identify(.) by extensions ['colcon_pkg']
[0.326s] Level 1:colcon.colcon_core.package_identification:_identify(.) by extension 'colcon_pkg'
[0.326s] Level 1:colcon.colcon_core.package_identification:_identify(.) by extensions ['colcon_meta']
[0.326s] Level 1:colcon.colcon_core.package_identification:_identify(.) by extension 'colcon_meta'
[0.326s] Level 1:colcon.colcon_core.package_identification:_identify(.) by extensions ['ros']
[0.326s] Level 1:colcon.colcon_core.package_identification:_identify(.) by extension 'ros'
[0.343s] Level 1:colcon.colcon_core.package_identification:_identify(.) by extensions ['cmake', 'python']
[0.343s] Level 1:colcon.colcon_core.package_identification:_identify(.) by extension 'cmake'
[0.343s] Level 1:colcon.colcon_core.package_identification:_identify(.) by extension 'python'
[0.343s] Level 1:colcon.colcon_core.package_identification:_identify(.) by extensions ['python_setup_py']
[0.343s] Level 1:colcon.colcon_core.package_identification:_identify(.) by extension 'python_setup_py'
[0.343s] Level 1:colcon.colcon_core.package_identification:_identify(build) by extensions ['ignore', 'ignore_ament_install']
[0.343s] Level 1:colcon.colcon_core.package_identification:_identify(build) by extension 'ignore'
[0.343s] Level 1:colcon.colcon_core.package_identification:_identify(build) ignored
[0.343s] Level 1:colcon.colcon_core.package_identification:_identify(install) by extensions ['ignore', 'ignore_ament_install']
[0.343s] Level 1:colcon.colcon_core.package_identification:_identify(install) by extension 'ignore'
[0.343s] Level 1:colcon.colcon_core.package_identification:_identify(install) ignored
[0.344s] Level 1:colcon.colcon_core.package_identification:_identify(log) by extensions ['ignore', 'ignore_ament_install']
[0.344s] Level 1:colcon.colcon_core.package_identification:_identify(log) by extension 'ignore'
[0.344s] Level 1:colcon.colcon_core.package_identification:_identify(log) ignored
[0.344s] Level 1:colcon.colcon_core.package_identification:_identify(open3d-detector) by extensions ['ignore', 'ignore_ament_install']
[0.344s] Level 1:colcon.colcon_core.package_identification:_identify(open3d-detector) by extension 'ignore'
[0.344s] Level 1:colcon.colcon_core.package_identification:_identify(open3d-detector) by extension 'ignore_ament_install'
[0.344s] Level 1:colcon.colcon_core.package_identification:_identify(open3d-detector) by extensions ['colcon_pkg']
[0.344s] Level 1:colcon.colcon_core.package_identification:_identify(open3d-detector) by extension 'colcon_pkg'
[0.344s] Level 1:colcon.colcon_core.package_identification:_identify(open3d-detector) by extensions ['colcon_meta']
[0.344s] Level 1:colcon.colcon_core.package_identification:_identify(open3d-detector) by extension 'colcon_meta'
[0.344s] Level 1:colcon.colcon_core.package_identification:_identify(open3d-detector) by extensions ['ros']
[0.344s] Level 1:colcon.colcon_core.package_identification:_identify(open3d-detector) by extension 'ros'
[0.347s] DEBUG:colcon.colcon_core.package_identification:Package 'open3d-detector' with type 'ros.ament_python' and name 'open3d-detector'
[0.347s] Level 1:colcon.colcon_core.package_identification:_identify(src) by extensions ['ignore', 'ignore_ament_install']
[0.347s] Level 1:colcon.colcon_core.package_identification:_identify(src) by extension 'ignore'
[0.347s] Level 1:colcon.colcon_core.package_identification:_identify(src) by extension 'ignore_ament_install'
[0.347s] Level 1:colcon.colcon_core.package_identification:_identify(src) by extensions ['colcon_pkg']
[0.347s] Level 1:colcon.colcon_core.package_identification:_identify(src) by extension 'colcon_pkg'
[0.347s] Level 1:colcon.colcon_core.package_identification:_identify(src) by extensions ['colcon_meta']
[0.347s] Level 1:colcon.colcon_core.package_identification:_identify(src) by extension 'colcon_meta'
[0.347s] Level 1:colcon.colcon_core.package_identification:_identify(src) by extensions ['ros']
[0.347s] Level 1:colcon.colcon_core.package_identification:_identify(src) by extension 'ros'
[0.347s] Level 1:colcon.colcon_core.package_identification:_identify(src) by extensions ['cmake', 'python']
[0.347s] Level 1:colcon.colcon_core.package_identification:_identify(src) by extension 'cmake'
[0.347s] Level 1:colcon.colcon_core.package_identification:_identify(src) by extension 'python'
[0.347s] Level 1:colcon.colcon_core.package_identification:_identify(src) by extensions ['python_setup_py']
[0.347s] Level 1:colcon.colcon_core.package_identification:_identify(src) by extension 'python_setup_py'
[0.348s] Level 1:colcon.colcon_core.package_identification:_identify(src/rrt_navigation) by extensions ['ignore', 'ignore_ament_install']
[0.348s] Level 1:colcon.colcon_core.package_identification:_identify(src/rrt_navigation) by extension 'ignore'
[0.348s] Level 1:colcon.colcon_core.package_identification:_identify(src/rrt_navigation) by extension 'ignore_ament_install'
[0.348s] Level 1:colcon.colcon_core.package_identification:_identify(src/rrt_navigation) by extensions ['colcon_pkg']
[0.348s] Level 1:colcon.colcon_core.package_identification:_identify(src/rrt_navigation) by extension 'colcon_pkg'
[0.348s] Level 1:colcon.colcon_core.package_identification:_identify(src/rrt_navigation) by extensions ['colcon_meta']
[0.348s] Level 1:colcon.colcon_core.package_identification:_identify(src/rrt_navigation) by extension 'colcon_meta'
[0.348s] Level 1:colcon.colcon_core.package_identification:_identify(src/rrt_navigation) by extensions ['ros']
[0.348s] Level 1:colcon.colcon_core.package_identification:_identify(src/rrt_navigation) by extension 'ros'
[0.349s] DEBUG:colcon.colcon_core.package_identification:Package 'src/rrt_navigation' with type 'ros.ament_python' and name 'rrt_navigation'
[0.349s] Level 1:colcon.colcon_core.package_discovery:discover_packages(recursive) using defaults
[0.349s] Level 1:colcon.colcon_core.package_discovery:discover_packages(ignore) discover
[0.349s] Level 1:colcon.colcon_core.package_discovery:discover_packages(ignore) using defaults
[0.349s] Level 1:colcon.colcon_core.package_discovery:discover_packages(path) discover
[0.349s] Level 1:colcon.colcon_core.package_discovery:discover_packages(path) using defaults
[0.369s] Level 1:colcon.colcon_core.package_discovery:discover_packages(prefix_path) check parameters
[0.369s] Level 1:colcon.colcon_core.package_discovery:discover_packages(prefix_path) discover
[0.371s] DEBUG:colcon.colcon_installed_package_information.package_discovery:Found 1 installed packages in /home/elizabeth_s/ros2_ws/install
[0.372s] DEBUG:colcon.colcon_installed_package_information.package_discovery:Found 387 installed packages in /opt/ros/humble
[0.373s] Level 1:colcon.colcon_core.package_discovery:discover_packages(prefix_path) using defaults
[0.450s] Level 5:colcon.colcon_core.verb:set package 'open3d-detector' build argument 'cmake_args' from command line to 'None'
[0.451s] Level 5:colcon.colcon_core.verb:set package 'open3d-detector' build argument 'cmake_target' from command line to 'None'
[0.451s] Level 5:colcon.colcon_core.verb:set package 'open3d-detector' build argument 'cmake_target_skip_unavailable' from command line to 'False'
[0.451s] Level 5:colcon.colcon_core.verb:set package 'open3d-detector' build argument 'cmake_clean_cache' from command line to 'False'
[0.451s] Level 5:colcon.colcon_core.verb:set package 'open3d-detector' build argument 'cmake_clean_first' from command line to 'False'
[0.451s] Level 5:colcon.colcon_core.verb:set package 'open3d-detector' build argument 'cmake_force_configure' from command line to 'False'
[0.451s] Level 5:colcon.colcon_core.verb:set package 'open3d-detector' build argument 'ament_cmake_args' from command line to 'None'
[0.451s] Level 5:colcon.colcon_core.verb:set package 'open3d-detector' build argument 'catkin_cmake_args' from command line to 'None'
[0.451s] Level 5:colcon.colcon_core.verb:set package 'open3d-detector' build argument 'catkin_skip_building_tests' from command line to 'False'
[0.451s] DEBUG:colcon.colcon_core.verb:Building package 'open3d-detector' with the following arguments: {'ament_cmake_args': None, 'build_base': '/home/elizabeth_s/ros2_ws/build/open3d-detector', 'catkin_cmake_args': None, 'catkin_skip_building_tests': False, 'cmake_args': None, 'cmake_clean_cache': False, 'cmake_clean_first': False, 'cmake_force_configure': False, 'cmake_target': None, 'cmake_target_skip_unavailable': False, 'install_base': '/home/elizabeth_s/ros2_ws/install/open3d-detector', 'merge_install': False, 'path': '/home/elizabeth_s/ros2_ws/open3d-detector', 'symlink_install': False, 'test_result_base': None}
[0.451s] Level 5:colcon.colcon_core.verb:set package 'rrt_navigation' build argument 'cmake_args' from command line to 'None'
[0.451s] Level 5:colcon.colcon_core.verb:set package 'rrt_navigation' build argument 'cmake_target' from command line to 'None'
[0.451s] Level 5:colcon.colcon_core.verb:set package 'rrt_navigation' build argument 'cmake_target_skip_unavailable' from command line to 'False'
[0.451s] Level 5:colcon.colcon_core.verb:set package 'rrt_navigation' build argument 'cmake_clean_cache' from command line to 'False'
[0.451s] Level 5:colcon.colcon_core.verb:set package 'rrt_navigation' build argument 'cmake_clean_first' from command line to 'False'
[0.451s] Level 5:colcon.colcon_core.verb:set package 'rrt_navigation' build argument 'cmake_force_configure' from command line to 'False'
[0.451s] Level 5:colcon.colcon_core.verb:set package 'rrt_navigation' build argument 'ament_cmake_args' from command line to 'None'
[0.451s] Level 5:colcon.colcon_core.verb:set package 'rrt_navigation' build argument 'catkin_cmake_args' from command line to 'None'
[0.451s] Level 5:colcon.colcon_core.verb:set package 'rrt_navigation' build argument 'catkin_skip_building_tests' from command line to 'False'
[0.451s] DEBUG:colcon.colcon_core.verb:Building package 'rrt_navigation' with the following arguments: {'ament_cmake_args': None, 'build_base': '/home/elizabeth_s/ros2_ws/build/rrt_navigation', 'catkin_cmake_args': None, 'catkin_skip_building_tests': False, 'cmake_args': None, 'cmake_clean_cache': False, 'cmake_clean_first': False, 'cmake_force_configure': False, 'cmake_target': None, 'cmake_target_skip_unavailable': False, 'install_base': '/home/elizabeth_s/ros2_ws/install/rrt_navigation', 'merge_install': False, 'path': '/home/elizabeth_s/ros2_ws/src/rrt_navigation', 'symlink_install': False, 'test_result_base': None}
[0.451s] INFO:colcon.colcon_core.executor:Executing jobs using 'parallel' executor
[0.453s] DEBUG:colcon.colcon_parallel_executor.executor.parallel:run_until_complete
[0.453s] INFO:colcon.colcon_ros.task.ament_python.build:Building ROS package in '/home/elizabeth_s/ros2_ws/open3d-detector' with build type 'ament_python'
[0.453s] Level 1:colcon.colcon_core.shell:create_environment_hook('open3d-detector', 'ament_prefix_path')
[0.472s] INFO:colcon.colcon_core.plugin_system:Skipping extension 'colcon_core.shell.bat': Not used on non-Windows systems
[0.472s] INFO:colcon.colcon_core.shell:Creating environment hook '/home/elizabeth_s/ros2_ws/install/open3d-detector/share/open3d-detector/hook/ament_prefix_path.ps1'
[0.473s] INFO:colcon.colcon_core.shell:Creating environment descriptor '/home/elizabeth_s/ros2_ws/install/open3d-detector/share/open3d-detector/hook/ament_prefix_path.dsv'
[0.474s] INFO:colcon.colcon_core.shell:Creating environment hook '/home/elizabeth_s/ros2_ws/install/open3d-detector/share/open3d-detector/hook/ament_prefix_path.sh'
[0.475s] INFO:colcon.colcon_core.shell:Skip shell extension 'powershell' for command environment: Not usable outside of PowerShell
[0.475s] DEBUG:colcon.colcon_core.shell:Skip shell extension 'dsv' for command environment
[0.478s] INFO:colcon.colcon_ros.task.ament_python.build:Building ROS package in '/home/elizabeth_s/ros2_ws/src/rrt_navigation' with build type 'ament_python'
[0.479s] Level 1:colcon.colcon_core.shell:create_environment_hook('rrt_navigation', 'ament_prefix_path')
[0.479s] INFO:colcon.colcon_core.shell:Creating environment hook '/home/elizabeth_s/ros2_ws/install/rrt_navigation/share/rrt_navigation/hook/ament_prefix_path.ps1'
[0.479s] INFO:colcon.colcon_core.shell:Creating environment descriptor '/home/elizabeth_s/ros2_ws/install/rrt_navigation/share/rrt_navigation/hook/ament_prefix_path.dsv'
[0.480s] INFO:colcon.colcon_core.shell:Creating environment hook '/home/elizabeth_s/ros2_ws/install/rrt_navigation/share/rrt_navigation/hook/ament_prefix_path.sh'
[0.480s] INFO:colcon.colcon_core.shell:Skip shell extension 'powershell' for command environment: Not usable outside of PowerShell
[0.480s] DEBUG:colcon.colcon_core.shell:Skip shell extension 'dsv' for command environment
[0.762s] INFO:colcon.colcon_core.task.python.build:Building Python package in '/home/elizabeth_s/ros2_ws/open3d-detector'
[0.762s] INFO:colcon.colcon_core.shell:Skip shell extension 'powershell' for command environment: Not usable outside of PowerShell
[0.762s] DEBUG:colcon.colcon_core.shell:Skip shell extension 'dsv' for command environment
[1.012s] INFO:colcon.colcon_core.task.python.build:Building Python package in '/home/elizabeth_s/ros2_ws/src/rrt_navigation'
[1.012s] INFO:colcon.colcon_core.shell:Skip shell extension 'powershell' for command environment: Not usable outside of PowerShell
[1.012s] DEBUG:colcon.colcon_core.shell:Skip shell extension 'dsv' for command environment
[1.539s] DEBUG:colcon.colcon_core.event_handler.log_command:Invoking command in '/home/elizabeth_s/ros2_ws/open3d-detector': PYTHONPATH=/home/elizabeth_s/ros2_ws/build/open3d-detector/prefix_override:/usr/lib/python3/dist-packages/colcon_core/task/python/colcon_distutils_commands:/home/elizabeth_s/ros2_ws/install/open3d-detector/lib/python3.10/site-packages:${PYTHONPATH} /usr/bin/python3 -W ignore:setup.py install is deprecated -W ignore:easy_install command is deprecated setup.py egg_info --egg-base ../build/open3d-detector build --build-base /home/elizabeth_s/ros2_ws/build/open3d-detector/build install --record /home/elizabeth_s/ros2_ws/build/open3d-detector/install.log --single-version-externally-managed install_data
[1.540s] DEBUG:colcon.colcon_core.event_handler.log_command:Invoking command in '/home/elizabeth_s/ros2_ws/src/rrt_navigation': PYTHONPATH=/home/elizabeth_s/ros2_ws/build/rrt_navigation/prefix_override:/usr/lib/python3/dist-packages/colcon_core/task/python/colcon_distutils_commands:/home/elizabeth_s/ros2_ws/install/rrt_navigation/lib/python3.10/site-packages:${PYTHONPATH} /usr/bin/python3 -W ignore:setup.py install is deprecated -W ignore:easy_install command is deprecated setup.py egg_info --egg-base ../../build/rrt_navigation build --build-base /home/elizabeth_s/ros2_ws/build/rrt_navigation/build install --record /home/elizabeth_s/ros2_ws/build/rrt_navigation/install.log --single-version-externally-managed install_data
[1.837s] DEBUG:colcon.colcon_core.event_handler.log_command:Invoked command in '/home/elizabeth_s/ros2_ws/open3d-detector' returned '0': PYTHONPATH=/home/elizabeth_s/ros2_ws/build/open3d-detector/prefix_override:/usr/lib/python3/dist-packages/colcon_core/task/python/colcon_distutils_commands:/home/elizabeth_s/ros2_ws/install/open3d-detector/lib/python3.10/site-packages:${PYTHONPATH} /usr/bin/python3 -W ignore:setup.py install is deprecated -W ignore:easy_install command is deprecated setup.py egg_info --egg-base ../build/open3d-detector build --build-base /home/elizabeth_s/ros2_ws/build/open3d-detector/build install --record /home/elizabeth_s/ros2_ws/build/open3d-detector/install.log --single-version-externally-managed install_data
[1.842s] Level 1:colcon.colcon_core.environment:checking '/home/elizabeth_s/ros2_ws/install/open3d-detector' for CMake module files
[1.842s] Level 1:colcon.colcon_core.environment:checking '/home/elizabeth_s/ros2_ws/install/open3d-detector' for CMake config files
[1.843s] Level 1:colcon.colcon_core.environment:checking '/home/elizabeth_s/ros2_ws/install/open3d-detector/lib'
[1.843s] Level 1:colcon.colcon_core.environment:checking '/home/elizabeth_s/ros2_ws/install/open3d-detector/bin'
[1.843s] Level 1:colcon.colcon_core.environment:checking '/home/elizabeth_s/ros2_ws/install/open3d-detector/lib/pkgconfig/open3d-detector.pc'
[1.843s] Level 1:colcon.colcon_core.environment:checking '/home/elizabeth_s/ros2_ws/install/open3d-detector/lib/python3.10/site-packages'
[1.843s] Level 1:colcon.colcon_core.shell:create_environment_hook('open3d-detector', 'pythonpath')
[1.844s] INFO:colcon.colcon_core.shell:Creating environment hook '/home/elizabeth_s/ros2_ws/install/open3d-detector/share/open3d-detector/hook/pythonpath.ps1'
[1.844s] INFO:colcon.colcon_core.shell:Creating environment descriptor '/home/elizabeth_s/ros2_ws/install/open3d-detector/share/open3d-detector/hook/pythonpath.dsv'
[1.844s] INFO:colcon.colcon_core.shell:Creating environment hook '/home/elizabeth_s/ros2_ws/install/open3d-detector/share/open3d-detector/hook/pythonpath.sh'
[1.845s] Level 1:colcon.colcon_core.environment:checking '/home/elizabeth_s/ros2_ws/install/open3d-detector/bin'
[1.845s] Level 1:colcon.colcon_core.environment:create_environment_scripts_only(open3d-detector)
[1.845s] INFO:colcon.colcon_core.shell:Creating package script '/home/elizabeth_s/ros2_ws/install/open3d-detector/share/open3d-detector/package.ps1'
[1.846s] INFO:colcon.colcon_core.shell:Creating package descriptor '/home/elizabeth_s/ros2_ws/install/open3d-detector/share/open3d-detector/package.dsv'
[1.847s] INFO:colcon.colcon_core.shell:Creating package script '/home/elizabeth_s/ros2_ws/install/open3d-detector/share/open3d-detector/package.sh'
[1.848s] INFO:colcon.colcon_core.shell:Creating package script '/home/elizabeth_s/ros2_ws/install/open3d-detector/share/open3d-detector/package.bash'
[1.849s] INFO:colcon.colcon_core.shell:Creating package script '/home/elizabeth_s/ros2_ws/install/open3d-detector/share/open3d-detector/package.zsh'
[1.850s] Level 1:colcon.colcon_core.environment:create_file_with_runtime_dependencies(/home/elizabeth_s/ros2_ws/install/open3d-detector/share/colcon-core/packages/open3d-detector)
[1.851s] Level 1:colcon.colcon_core.environment:checking '/home/elizabeth_s/ros2_ws/install/rrt_navigation' for CMake module files
[1.851s] DEBUG:colcon.colcon_core.event_handler.log_command:Invoked command in '/home/elizabeth_s/ros2_ws/src/rrt_navigation' returned '0': PYTHONPATH=/home/elizabeth_s/ros2_ws/build/rrt_navigation/prefix_override:/usr/lib/python3/dist-packages/colcon_core/task/python/colcon_distutils_commands:/home/elizabeth_s/ros2_ws/install/rrt_navigation/lib/python3.10/site-packages:${PYTHONPATH} /usr/bin/python3 -W ignore:setup.py install is deprecated -W ignore:easy_install command is deprecated setup.py egg_info --egg-base ../../build/rrt_navigation build --build-base /home/elizabeth_s/ros2_ws/build/rrt_navigation/build install --record /home/elizabeth_s/ros2_ws/build/rrt_navigation/install.log --single-version-externally-managed install_data
[1.851s] Level 1:colcon.colcon_core.environment:checking '/home/elizabeth_s/ros2_ws/install/rrt_navigation' for CMake config files
[1.852s] Level 1:colcon.colcon_core.environment:checking '/home/elizabeth_s/ros2_ws/install/rrt_navigation/lib'
[1.852s] Level 1:colcon.colcon_core.environment:checking '/home/elizabeth_s/ros2_ws/install/rrt_navigation/bin'
[1.852s] Level 1:colcon.colcon_core.environment:checking '/home/elizabeth_s/ros2_ws/install/rrt_navigation/lib/pkgconfig/rrt_navigation.pc'
[1.852s] Level 1:colcon.colcon_core.environment:checking '/home/elizabeth_s/ros2_ws/install/rrt_navigation/lib/python3.10/site-packages'
[1.853s] Level 1:colcon.colcon_core.shell:create_environment_hook('rrt_navigation', 'pythonpath')
[1.853s] INFO:colcon.colcon_core.shell:Creating environment hook '/home/elizabeth_s/ros2_ws/install/rrt_navigation/share/rrt_navigation/hook/pythonpath.ps1'
[1.853s] INFO:colcon.colcon_core.shell:Creating environment descriptor '/home/elizabeth_s/ros2_ws/install/rrt_navigation/share/rrt_navigation/hook/pythonpath.dsv'
[1.853s] INFO:colcon.colcon_core.shell:Creating environment hook '/home/elizabeth_s/ros2_ws/install/rrt_navigation/share/rrt_navigation/hook/pythonpath.sh'
[1.854s] Level 1:colcon.colcon_core.environment:checking '/home/elizabeth_s/ros2_ws/install/rrt_navigation/bin'
[1.854s] Level 1:colcon.colcon_core.environment:create_environment_scripts_only(rrt_navigation)
[1.854s] INFO:colcon.colcon_core.shell:Creating package script '/home/elizabeth_s/ros2_ws/install/rrt_navigation/share/rrt_navigation/package.ps1'
[1.854s] INFO:colcon.colcon_core.shell:Creating package descriptor '/home/elizabeth_s/ros2_ws/install/rrt_navigation/share/rrt_navigation/package.dsv'
[1.855s] INFO:colcon.colcon_core.shell:Creating package script '/home/elizabeth_s/ros2_ws/install/rrt_navigation/share/rrt_navigation/package.sh'
[1.855s] INFO:colcon.colcon_core.shell:Creating package script '/home/elizabeth_s/ros2_ws/install/rrt_navigation/share/rrt_navigation/package.bash'
[1.856s] INFO:colcon.colcon_core.shell:Creating package script '/home/elizabeth_s/ros2_ws/install/rrt_navigation/share/rrt_navigation/package.zsh'
[1.856s] Level 1:colcon.colcon_core.environment:create_file_with_runtime_dependencies(/home/elizabeth_s/ros2_ws/install/rrt_navigation/share/colcon-core/packages/rrt_navigation)
[1.856s] DEBUG:colcon.colcon_parallel_executor.executor.parallel:closing loop
[1.856s] DEBUG:colcon.colcon_parallel_executor.executor.parallel:loop closed
[1.857s] DEBUG:colcon.colcon_parallel_executor.executor.parallel:run_until_complete finished with '0'
[1.857s] DEBUG:colcon.colcon_core.event_reactor:joining thread
[1.862s] INFO:colcon.colcon_core.plugin_system:Skipping extension 'colcon_notification.desktop_notification.terminal_notifier': Not used on non-Darwin systems
[1.862s] INFO:colcon.colcon_core.plugin_system:Skipping extension 'colcon_notification.desktop_notification.win32': Not used on non-Windows systems
[1.862s] INFO:colcon.colcon_notification.desktop_notification:Sending desktop notification using 'notify2'
[1.879s] DEBUG:colcon.colcon_core.event_reactor:joined thread
[1.880s] INFO:colcon.colcon_core.shell:Creating prefix script '/home/elizabeth_s/ros2_ws/install/local_setup.ps1'
[1.881s] INFO:colcon.colcon_core.shell:Creating prefix util module '/home/elizabeth_s/ros2_ws/install/_local_setup_util_ps1.py'
[1.883s] INFO:colcon.colcon_core.shell:Creating prefix chain script '/home/elizabeth_s/ros2_ws/install/setup.ps1'
[1.885s] INFO:colcon.colcon_core.shell:Creating prefix script '/home/elizabeth_s/ros2_ws/install/local_setup.sh'
[1.886s] INFO:colcon.colcon_core.shell:Creating prefix util module '/home/elizabeth_s/ros2_ws/install/_local_setup_util_sh.py'
[1.887s] INFO:colcon.colcon_core.shell:Creating prefix chain script '/home/elizabeth_s/ros2_ws/install/setup.sh'
[1.888s] INFO:colcon.colcon_core.shell:Creating prefix script '/home/elizabeth_s/ros2_ws/install/local_setup.bash'
[1.889s] INFO:colcon.colcon_core.shell:Creating prefix chain script '/home/elizabeth_s/ros2_ws/install/setup.bash'
[1.890s] INFO:colcon.colcon_core.shell:Creating prefix script '/home/elizabeth_s/ros2_ws/install/local_setup.zsh'
[1.891s] INFO:colcon.colcon_core.shell:Creating prefix chain script '/home/elizabeth_s/ros2_ws/install/setup.zsh'
