running egg_info
writing ../../build/ai_assitance/ai_assitance.egg-info/PKG-INFO
writing dependency_links to ../../build/ai_assitance/ai_assitance.egg-info/dependency_links.txt
writing entry points to ../../build/ai_assitance/ai_assitance.egg-info/entry_points.txt
writing requirements to ../../build/ai_assitance/ai_assitance.egg-info/requires.txt
writing top-level names to ../../build/ai_assitance/ai_assitance.egg-info/top_level.txt
reading manifest file '../../build/ai_assitance/ai_assitance.egg-info/SOURCES.txt'
writing manifest file '../../build/ai_assitance/ai_assitance.egg-info/SOURCES.txt'
running build
running build_py
running install
running install_lib
running install_data
running install_egg_info
removing '/home/elizabeth_s/ros2_ws/install/ai_assitance/lib/python3.10/site-packages/ai_assitance-0.0.0-py3.10.egg-info' (and everything under it)
Copying ../../build/ai_assitance/ai_assitance.egg-info to /home/elizabeth_s/ros2_ws/install/ai_assitance/lib/python3.10/site-packages/ai_assitance-0.0.0-py3.10.egg-info
running install_scripts
Installing my_circle_movement script to /home/elizabeth_s/ros2_ws/install/ai_assitance/lib/ai_assitance
Installing obstacle_avoiding_node script to /home/elizabeth_s/ros2_ws/install/ai_assitance/lib/ai_assitance
writing list of installed files to '/home/elizabeth_s/ros2_ws/build/ai_assitance/install.log'
