[3.883s] Invoking command in '/home/elizabeth_s/ros2_ws/ros2_learners/ai_assitance': PYTHONPATH=/home/elizabeth_s/ros2_ws/build/ai_assitance/prefix_override:/usr/lib/python3/dist-packages/colcon_core/task/python/colcon_distutils_commands:/home/elizabeth_s/ros2_ws/install/ai_assitance/lib/python3.10/site-packages:${PYTHONPATH} /usr/bin/python3 -W ignore:setup.py install is deprecated -W ignore:easy_install command is deprecated setup.py egg_info --egg-base ../../build/ai_assitance build --build-base /home/elizabeth_s/ros2_ws/build/ai_assitance/build install --record /home/elizabeth_s/ros2_ws/build/ai_assitance/install.log --single-version-externally-managed install_data
[4.909s] running egg_info
[4.910s] writing ../../build/ai_assitance/ai_assitance.egg-info/PKG-INFO
[4.910s] writing dependency_links to ../../build/ai_assitance/ai_assitance.egg-info/dependency_links.txt
[4.910s] writing entry points to ../../build/ai_assitance/ai_assitance.egg-info/entry_points.txt
[4.910s] writing requirements to ../../build/ai_assitance/ai_assitance.egg-info/requires.txt
[4.911s] writing top-level names to ../../build/ai_assitance/ai_assitance.egg-info/top_level.txt
[4.917s] reading manifest file '../../build/ai_assitance/ai_assitance.egg-info/SOURCES.txt'
[4.920s] writing manifest file '../../build/ai_assitance/ai_assitance.egg-info/SOURCES.txt'
[4.920s] running build
[4.921s] running build_py
[4.922s] running install
[4.924s] running install_lib
[4.926s] running install_data
[4.927s] running install_egg_info
[4.935s] removing '/home/elizabeth_s/ros2_ws/install/ai_assitance/lib/python3.10/site-packages/ai_assitance-0.0.0-py3.10.egg-info' (and everything under it)
[4.936s] Copying ../../build/ai_assitance/ai_assitance.egg-info to /home/elizabeth_s/ros2_ws/install/ai_assitance/lib/python3.10/site-packages/ai_assitance-0.0.0-py3.10.egg-info
[4.937s] running install_scripts
[5.022s] Installing my_circle_movement script to /home/elizabeth_s/ros2_ws/install/ai_assitance/lib/ai_assitance
[5.024s] Installing obstacle_avoiding_node script to /home/elizabeth_s/ros2_ws/install/ai_assitance/lib/ai_assitance
[5.025s] writing list of installed files to '/home/elizabeth_s/ros2_ws/build/ai_assitance/install.log'
[5.129s] Invoked command in '/home/elizabeth_s/ros2_ws/ros2_learners/ai_assitance' returned '0': PYTHONPATH=/home/elizabeth_s/ros2_ws/build/ai_assitance/prefix_override:/usr/lib/python3/dist-packages/colcon_core/task/python/colcon_distutils_commands:/home/elizabeth_s/ros2_ws/install/ai_assitance/lib/python3.10/site-packages:${PYTHONPATH} /usr/bin/python3 -W ignore:setup.py install is deprecated -W ignore:easy_install command is deprecated setup.py egg_info --egg-base ../../build/ai_assitance build --build-base /home/elizabeth_s/ros2_ws/build/ai_assitance/build install --record /home/elizabeth_s/ros2_ws/build/ai_assitance/install.log --single-version-externally-managed install_data
