[0.354s] Invoking command in '/home/elizabeth_s/ros2_ws/build/navigation_tb3': CMAKE_PREFIX_PATH=/home/elizabeth_s/ros2_ws/install/open3d-detector:/home/elizabeth_s/ros2_ws/install/rrt_navigation:/opt/ros/humble /usr/bin/cmake --build /home/elizabeth_s/ros2_ws/build/navigation_tb3 -- -j8 -l8
[1.142s] [35m[1mConsolidate compiler generated dependencies of target pub_occupancy_grid[0m
[1.143s] [100%] Built target pub_occupancy_grid
[1.143s] [100%] Built target ament_cmake_python_copy_navigation_tb3
[1.143s] running egg_info
[1.143s] writing navigation_tb3.egg-info/PKG-INFO
[1.144s] writing dependency_links to navigation_tb3.egg-info/dependency_links.txt
[1.144s] writing top-level names to navigation_tb3.egg-info/top_level.txt
[1.144s] reading manifest file 'navigation_tb3.egg-info/SOURCES.txt'
[1.144s] writing manifest file 'navigation_tb3.egg-info/SOURCES.txt'
[1.144s] [100%] Built target ament_cmake_python_build_navigation_tb3_egg
[1.165s] Invoked command in '/home/elizabeth_s/ros2_ws/build/navigation_tb3' returned '0': CMAKE_PREFIX_PATH=/home/elizabeth_s/ros2_ws/install/open3d-detector:/home/elizabeth_s/ros2_ws/install/rrt_navigation:/opt/ros/humble /usr/bin/cmake --build /home/elizabeth_s/ros2_ws/build/navigation_tb3 -- -j8 -l8
[1.168s] Invoking command in '/home/elizabeth_s/ros2_ws/build/navigation_tb3': CMAKE_PREFIX_PATH=/home/elizabeth_s/ros2_ws/install/open3d-detector:/home/elizabeth_s/ros2_ws/install/rrt_navigation:/opt/ros/humble /usr/bin/cmake --install /home/elizabeth_s/ros2_ws/build/navigation_tb3
[1.189s] -- Install configuration: ""
[1.190s] -- Up-to-date: /home/elizabeth_s/ros2_ws/install/navigation_tb3/lib/navigation_tb3/pub_occupancy_grid
[1.190s] -- Up-to-date: /home/elizabeth_s/ros2_ws/install/navigation_tb3/share/navigation_tb3/launch
[1.191s] -- Up-to-date: /home/elizabeth_s/ros2_ws/install/navigation_tb3/share/navigation_tb3/launch/mapping.launch.py
[1.191s] -- Up-to-date: /home/elizabeth_s/ros2_ws/install/navigation_tb3/share/navigation_tb3/launch/navigation.launch.py
[1.192s] -- Up-to-date: /home/elizabeth_s/ros2_ws/install/navigation_tb3/share/navigation_tb3/config
[1.192s] -- Up-to-date: /home/elizabeth_s/ros2_ws/install/navigation_tb3/share/navigation_tb3/config/turtlebot3_lds_2d.lua
[1.192s] -- Up-to-date: /home/elizabeth_s/ros2_ws/install/navigation_tb3/share/navigation_tb3/config/tb3_map.pgm
[1.192s] -- Up-to-date: /home/elizabeth_s/ros2_ws/install/navigation_tb3/share/navigation_tb3/config/mapping.rviz
[1.192s] -- Up-to-date: /home/elizabeth_s/ros2_ws/install/navigation_tb3/share/navigation_tb3/config/navigation.rviz
[1.192s] -- Up-to-date: /home/elizabeth_s/ros2_ws/install/navigation_tb3/share/navigation_tb3/config/tb3_nav2_params.yaml
[1.192s] -- Up-to-date: /home/elizabeth_s/ros2_ws/install/navigation_tb3/share/navigation_tb3/config/tb3_map.yaml
[1.192s] -- Up-to-date: /home/elizabeth_s/ros2_ws/install/navigation_tb3/share/navigation_tb3/environment/pythonpath.sh
[1.193s] -- Up-to-date: /home/elizabeth_s/ros2_ws/install/navigation_tb3/share/navigation_tb3/environment/pythonpath.dsv
[1.193s] -- Up-to-date: /home/elizabeth_s/ros2_ws/install/navigation_tb3/local/lib/python3.10/dist-packages/navigation_tb3-0.0.0-py3.10.egg-info
[1.193s] -- Installing: /home/elizabeth_s/ros2_ws/install/navigation_tb3/local/lib/python3.10/dist-packages/navigation_tb3-0.0.0-py3.10.egg-info/dependency_links.txt
[1.193s] -- Installing: /home/elizabeth_s/ros2_ws/install/navigation_tb3/local/lib/python3.10/dist-packages/navigation_tb3-0.0.0-py3.10.egg-info/top_level.txt
[1.193s] -- Installing: /home/elizabeth_s/ros2_ws/install/navigation_tb3/local/lib/python3.10/dist-packages/navigation_tb3-0.0.0-py3.10.egg-info/PKG-INFO
[1.194s] -- Installing: /home/elizabeth_s/ros2_ws/install/navigation_tb3/local/lib/python3.10/dist-packages/navigation_tb3-0.0.0-py3.10.egg-info/SOURCES.txt
[1.194s] -- Up-to-date: /home/elizabeth_s/ros2_ws/install/navigation_tb3/local/lib/python3.10/dist-packages/navigation_tb3
[1.194s] -- Up-to-date: /home/elizabeth_s/ros2_ws/install/navigation_tb3/local/lib/python3.10/dist-packages/navigation_tb3/__init__.py
[1.268s] Listing '/home/elizabeth_s/ros2_ws/install/navigation_tb3/local/lib/python3.10/dist-packages/navigation_tb3'...
[1.279s] -- Up-to-date: /home/elizabeth_s/ros2_ws/install/navigation_tb3/lib/navigation_tb3/single_goal_nav.py
[1.280s] -- Up-to-date: /home/elizabeth_s/ros2_ws/install/navigation_tb3/lib/navigation_tb3/multi_waypoints.py
[1.280s] -- Up-to-date: /home/elizabeth_s/ros2_ws/install/navigation_tb3/share/ament_index/resource_index/package_run_dependencies/navigation_tb3
[1.280s] -- Up-to-date: /home/elizabeth_s/ros2_ws/install/navigation_tb3/share/ament_index/resource_index/parent_prefix_path/navigation_tb3
[1.280s] -- Up-to-date: /home/elizabeth_s/ros2_ws/install/navigation_tb3/share/navigation_tb3/environment/ament_prefix_path.sh
[1.280s] -- Up-to-date: /home/elizabeth_s/ros2_ws/install/navigation_tb3/share/navigation_tb3/environment/ament_prefix_path.dsv
[1.280s] -- Up-to-date: /home/elizabeth_s/ros2_ws/install/navigation_tb3/share/navigation_tb3/environment/path.sh
[1.280s] -- Up-to-date: /home/elizabeth_s/ros2_ws/install/navigation_tb3/share/navigation_tb3/environment/path.dsv
[1.281s] -- Up-to-date: /home/elizabeth_s/ros2_ws/install/navigation_tb3/share/navigation_tb3/local_setup.bash
[1.281s] -- Up-to-date: /home/elizabeth_s/ros2_ws/install/navigation_tb3/share/navigation_tb3/local_setup.sh
[1.281s] -- Up-to-date: /home/elizabeth_s/ros2_ws/install/navigation_tb3/share/navigation_tb3/local_setup.zsh
[1.281s] -- Up-to-date: /home/elizabeth_s/ros2_ws/install/navigation_tb3/share/navigation_tb3/local_setup.dsv
[1.281s] -- Installing: /home/elizabeth_s/ros2_ws/install/navigation_tb3/share/navigation_tb3/package.dsv
[1.281s] -- Up-to-date: /home/elizabeth_s/ros2_ws/install/navigation_tb3/share/ament_index/resource_index/packages/navigation_tb3
[1.282s] -- Up-to-date: /home/elizabeth_s/ros2_ws/install/navigation_tb3/share/navigation_tb3/cmake/navigation_tb3Config.cmake
[1.282s] -- Up-to-date: /home/elizabeth_s/ros2_ws/install/navigation_tb3/share/navigation_tb3/cmake/navigation_tb3Config-version.cmake
[1.282s] -- Up-to-date: /home/elizabeth_s/ros2_ws/install/navigation_tb3/share/navigation_tb3/package.xml
[1.285s] Invoked command in '/home/elizabeth_s/ros2_ws/build/navigation_tb3' returned '0': CMAKE_PREFIX_PATH=/home/elizabeth_s/ros2_ws/install/open3d-detector:/home/elizabeth_s/ros2_ws/install/rrt_navigation:/opt/ros/humble /usr/bin/cmake --install /home/elizabeth_s/ros2_ws/build/navigation_tb3
